{"C:\\Users\\boual\\OneDrive\\Desktop\\PFE-Workspace\\Project_Source\\petroleum-front\\src\\App.tsx": {"path":"C:\\Users\\boual\\OneDrive\\Desktop\\PFE-Workspace\\Project_Source\\petroleum-front\\src\\App.tsx","statementMap":{"0":{"start":{"line":27,"column":0},"end":{"line":27,"column":24}},"1":{"start":{"line":1,"column":0},"end":{"line":1,"column":84}},"2":{"start":{"line":2,"column":0},"end":{"line":2,"column":46}},"3":{"start":{"line":3,"column":0},"end":{"line":3,"column":46}},"4":{"start":{"line":4,"column":0},"end":{"line":4,"column":50}},"5":{"start":{"line":5,"column":0},"end":{"line":5,"column":48}},"6":{"start":{"line":6,"column":0},"end":{"line":6,"column":47}},"7":{"start":{"line":7,"column":0},"end":{"line":7,"column":47}},"8":{"start":{"line":8,"column":0},"end":{"line":8,"column":47}},"9":{"start":{"line":9,"column":0},"end":{"line":9,"column":47}},"10":{"start":{"line":10,"column":0},"end":{"line":10,"column":49}},"11":{"start":{"line":11,"column":0},"end":{"line":11,"column":49}},"12":{"start":{"line":12,"column":0},"end":{"line":12,"column":49}},"13":{"start":{"line":13,"column":0},"end":{"line":13,"column":47}},"14":{"start":{"line":14,"column":0},"end":{"line":14,"column":40}},"15":{"start":{"line":15,"column":0},"end":{"line":15,"column":53}},"16":{"start":{"line":16,"column":0},"end":{"line":16,"column":54}},"17":{"start":{"line":17,"column":0},"end":{"line":17,"column":34}},"18":{"start":{"line":18,"column":0},"end":{"line":18,"column":43}},"19":{"start":{"line":19,"column":0},"end":{"line":19,"column":62}},"20":{"start":{"line":20,"column":0},"end":{"line":20,"column":42}},"21":{"start":{"line":21,"column":0},"end":{"line":21,"column":39}},"22":{"start":{"line":22,"column":0},"end":{"line":22,"column":32}},"23":{"start":{"line":23,"column":0},"end":{"line":23,"column":67}},"24":{"start":{"line":24,"column":0},"end":{"line":24,"column":63}},"25":{"start":{"line":28,"column":2},"end":{"line":83,"column":4}}},"fnMap":{"0":{"name":"App","decl":{"start":{"line":27,"column":24},"end":{"line":27,"column":27}},"loc":{"start":{"line":27,"column":27},"end":{"line":84,"column":1}}}},"branchMap":{},"s":{"0":0,"1":0,"2":0,"3":0,"4":0,"5":0,"6":0,"7":0,"8":0,"9":0,"10":0,"11":0,"12":0,"13":0,"14":0,"15":0,"16":0,"17":0,"18":0,"19":0,"20":0,"21":0,"22":0,"23":0,"24":0,"25":0},"f":{"0":0},"b":{}}
,"C:\\Users\\boual\\OneDrive\\Desktop\\PFE-Workspace\\Project_Source\\petroleum-front\\src\\components\\NotificationDropdown.tsx": {"path":"C:\\Users\\boual\\OneDrive\\Desktop\\PFE-Workspace\\Project_Source\\petroleum-front\\src\\components\\NotificationDropdown.tsx","statementMap":{"0":{"start":{"line":15,"column":0},"end":{"line":15,"column":24}},"1":{"start":{"line":1,"column":0},"end":{"line":1,"column":44}},"2":{"start":{"line":2,"column":0},"end":{"line":2,"column":41}},"3":{"start":{"line":3,"column":0},"end":{"line":3,"column":57}},"4":{"start":{"line":4,"column":0},"end":{"line":4,"column":57}},"5":{"start":{"line":5,"column":0},"end":{"line":5,"column":100}},"6":{"start":{"line":16,"column":32},"end":{"line":16,"column":47}},"7":{"start":{"line":17,"column":21},"end":{"line":17,"column":37}},"8":{"start":{"line":18,"column":26},"end":{"line":18,"column":83}},"9":{"start":{"line":18,"column":50},"end":{"line":18,"column":82}},"10":{"start":{"line":19,"column":24},"end":{"line":19,"column":67}},"11":{"start":{"line":19,"column":50},"end":{"line":19,"column":59}},"12":{"start":{"line":21,"column":4},"end":{"line":34,"column":19}},"13":{"start":{"line":22,"column":8},"end":{"line":22,"column":39}},"14":{"start":{"line":24,"column":8},"end":{"line":29,"column":11}},"15":{"start":{"line":25,"column":12},"end":{"line":25,"column":60}},"16":{"start":{"line":26,"column":12},"end":{"line":28,"column":13}},"17":{"start":{"line":27,"column":16},"end":{"line":27,"column":56}},"18":{"start":{"line":31,"column":8},"end":{"line":33,"column":10}},"19":{"start":{"line":32,"column":12},"end":{"line":32,"column":39}},"20":{"start":{"line":36,"column":29},"end":{"line":38,"column":5}},"21":{"start":{"line":37,"column":8},"end":{"line":37,"column":51}},"22":{"start":{"line":40,"column":4},"end":{"line":87,"column":6}},"23":{"start":{"line":43,"column":31},"end":{"line":43,"column":49}},"24":{"start":{"line":69,"column":36},"end":{"line":70,"column":null}},"25":{"start":{"line":73,"column":55},"end":{"line":73,"column":89}}},"fnMap":{"0":{"name":"NotificationDropdown","decl":{"start":{"line":15,"column":24},"end":{"line":15,"column":44}},"loc":{"start":{"line":15,"column":44},"end":{"line":88,"column":1}}},"1":{"name":"(anonymous_1)","decl":{"start":{"line":18,"column":41},"end":{"line":18,"column":46}},"loc":{"start":{"line":18,"column":50},"end":{"line":18,"column":82}}},"2":{"name":"(anonymous_2)","decl":{"start":{"line":19,"column":45},"end":{"line":19,"column":46}},"loc":{"start":{"line":19,"column":50},"end":{"line":19,"column":59}}},"3":{"name":"(anonymous_3)","decl":{"start":{"line":21,"column":14},"end":{"line":21,"column":17}},"loc":{"start":{"line":21,"column":19},"end":{"line":34,"column":5}}},"4":{"name":"(anonymous_4)","decl":{"start":{"line":24,"column":34},"end":{"line":24,"column":35}},"loc":{"start":{"line":24,"column":43},"end":{"line":29,"column":9}}},"5":{"name":"(anonymous_5)","decl":{"start":{"line":31,"column":15},"end":{"line":31,"column":18}},"loc":{"start":{"line":31,"column":20},"end":{"line":33,"column":9}}},"6":{"name":"(anonymous_6)","decl":{"start":{"line":36,"column":29},"end":{"line":36,"column":34}},"loc":{"start":{"line":36,"column":62},"end":{"line":38,"column":5}}},"7":{"name":"(anonymous_7)","decl":{"start":{"line":43,"column":25},"end":{"line":43,"column":28}},"loc":{"start":{"line":43,"column":31},"end":{"line":43,"column":49}}},"8":{"name":"(anonymous_8)","decl":{"start":{"line":68,"column":50},"end":{"line":68,"column":51}},"loc":{"start":{"line":69,"column":36},"end":{"line":70,"column":null}}},"9":{"name":"(anonymous_9)","decl":{"start":{"line":73,"column":49},"end":{"line":73,"column":52}},"loc":{"start":{"line":73,"column":55},"end":{"line":73,"column":89}}}},"branchMap":{"0":{"loc":{"start":{"line":26,"column":12},"end":{"line":28,"column":13}},"type":"if","locations":[{"start":{"line":26,"column":12},"end":{"line":28,"column":13}}]},"1":{"loc":{"start":{"line":49,"column":17},"end":{"line":52,"column":null}},"type":"binary-expr","locations":[{"start":{"line":49,"column":17},"end":{"line":49,"column":32}},{"start":{"line":50,"column":20},"end":{"line":51,"column":null}}]},"2":{"loc":{"start":{"line":56,"column":13},"end":{"line":84,"column":null}},"type":"binary-expr","locations":[{"start":{"line":56,"column":13},"end":{"line":56,"column":19}},{"start":{"line":57,"column":16},"end":{"line":83,"column":null}}]},"3":{"loc":{"start":{"line":63,"column":29},"end":{"line":80,"column":null}},"type":"cond-expr","locations":[{"start":{"line":64,"column":32},"end":{"line":64,"column":null}},{"start":{"line":68,"column":32},"end":{"line":80,"column":34}}]},"4":{"loc":{"start":{"line":71,"column":119},"end":{"line":71,"column":null}},"type":"cond-expr","locations":[{"start":{"line":71,"column":142},"end":{"line":71,"column":171}},{"start":{"line":71,"column":174},"end":{"line":71,"column":null}}]}},"s":{"0":0,"1":0,"2":0,"3":0,"4":0,"5":0,"6":0,"7":0,"8":0,"9":0,"10":0,"11":0,"12":0,"13":0,"14":0,"15":0,"16":0,"17":0,"18":0,"19":0,"20":0,"21":0,"22":0,"23":0,"24":0,"25":0},"f":{"0":0,"1":0,"2":0,"3":0,"4":0,"5":0,"6":0,"7":0,"8":0,"9":0},"b":{"0":[0],"1":[0,0],"2":[0,0],"3":[0,0],"4":[0,0]}}
,"C:\\Users\\boual\\OneDrive\\Desktop\\PFE-Workspace\\Project_Source\\petroleum-front\\src\\components\\ProtectedRoute.tsx": {"path":"C:\\Users\\boual\\OneDrive\\Desktop\\PFE-Workspace\\Project_Source\\petroleum-front\\src\\components\\ProtectedRoute.tsx","statementMap":{"0":{"start":{"line":1,"column":0},"end":{"line":1,"column":44}},"1":{"start":{"line":2,"column":0},"end":{"line":2,"column":57}},"2":{"start":{"line":9,"column":30},"end":{"line":21,"column":1}},"3":{"start":{"line":10,"column":38},"end":{"line":10,"column":75}},"4":{"start":{"line":10,"column":64},"end":{"line":10,"column":74}},"5":{"start":{"line":12,"column":4},"end":{"line":14,"column":5}},"6":{"start":{"line":13,"column":8},"end":{"line":13,"column":41}},"7":{"start":{"line":16,"column":4},"end":{"line":18,"column":5}},"8":{"start":{"line":17,"column":8},"end":{"line":17,"column":44}},"9":{"start":{"line":20,"column":4},"end":{"line":20,"column":27}},"10":{"start":{"line":9,"column":13},"end":{"line":9,"column":30}}},"fnMap":{"0":{"name":"(anonymous_0)","decl":{"start":{"line":9,"column":30},"end":{"line":9,"column":31}},"loc":{"start":{"line":9,"column":75},"end":{"line":21,"column":1}}},"1":{"name":"(anonymous_1)","decl":{"start":{"line":10,"column":53},"end":{"line":10,"column":54}},"loc":{"start":{"line":10,"column":64},"end":{"line":10,"column":74}}}},"branchMap":{"0":{"loc":{"start":{"line":12,"column":4},"end":{"line":14,"column":5}},"type":"if","locations":[{"start":{"line":12,"column":4},"end":{"line":14,"column":5}}]},"1":{"loc":{"start":{"line":16,"column":4},"end":{"line":18,"column":5}},"type":"if","locations":[{"start":{"line":16,"column":4},"end":{"line":18,"column":5}}]},"2":{"loc":{"start":{"line":16,"column":8},"end":{"line":16,"column":57}},"type":"binary-expr","locations":[{"start":{"line":16,"column":8},"end":{"line":16,"column":13}},{"start":{"line":16,"column":17},"end":{"line":16,"column":27}},{"start":{"line":16,"column":31},"end":{"line":16,"column":57}}]}},"s":{"0":0,"1":0,"2":0,"3":0,"4":0,"5":0,"6":0,"7":0,"8":0,"9":0,"10":0},"f":{"0":0,"1":0},"b":{"0":[0],"1":[0],"2":[0,0,0]}}
,"C:\\Users\\boual\\OneDrive\\Desktop\\PFE-Workspace\\Project_Source\\petroleum-front\\src\\components\\UserProfile\\DocumentsCard.tsx": {"path":"C:\\Users\\boual\\OneDrive\\Desktop\\PFE-Workspace\\Project_Source\\petroleum-front\\src\\components\\UserProfile\\DocumentsCard.tsx","statementMap":{"0":{"start":{"line":30,"column":0},"end":{"line":30,"column":24}},"1":{"start":{"line":1,"column":0},"end":{"line":1,"column":33}},"2":{"start":{"line":2,"column":0},"end":{"line":2,"column":32}},"3":{"start":{"line":3,"column":0},"end":{"line":3,"column":34}},"4":{"start":{"line":4,"column":0},"end":{"line":4,"column":41}},"5":{"start":{"line":19,"column":32},"end":{"line":24,"column":2}},"6":{"start":{"line":31,"column":38},"end":{"line":53,"column":6}},"7":{"start":{"line":55,"column":44},"end":{"line":55,"column":56}},"8":{"start":{"line":56,"column":44},"end":{"line":56,"column":71}},"9":{"start":{"line":58,"column":29},"end":{"line":62,"column":5}},"10":{"start":{"line":59,"column":8},"end":{"line":61,"column":9}},"11":{"start":{"line":60,"column":12},"end":{"line":60,"column":47}},"12":{"start":{"line":64,"column":25},"end":{"line":77,"column":5}},"13":{"start":{"line":65,"column":8},"end":{"line":65,"column":27}},"14":{"start":{"line":66,"column":8},"end":{"line":76,"column":9}},"15":{"start":{"line":67,"column":12},"end":{"line":75,"column":13}},"16":{"start":{"line":69,"column":16},"end":{"line":69,"column":79}},"17":{"start":{"line":70,"column":16},"end":{"line":70,"column":69}},"18":{"start":{"line":71,"column":16},"end":{"line":71,"column":38}},"19":{"start":{"line":72,"column":16},"end":{"line":72,"column":36}},"20":{"start":{"line":74,"column":16},"end":{"line":74,"column":62}},"21":{"start":{"line":79,"column":4},"end":{"line":198,"column":6}},"22":{"start":{"line":105,"column":46},"end":{"line":105,"column":86}},"23":{"start":{"line":106,"column":24},"end":{"line":106,"column":78}},"24":{"start":{"line":116,"column":24},"end":{"line":116,"column":44}},"25":{"start":{"line":120,"column":53},"end":{"line":120,"column":74}},"26":{"start":{"line":121,"column":32},"end":{"line":121,"column":50}},"27":{"start":{"line":130,"column":59},"end":{"line":130,"column":89}},"28":{"start":{"line":140,"column":59},"end":{"line":140,"column":89}},"29":{"start":{"line":165,"column":49},"end":{"line":165,"column":80}},"30":{"start":{"line":169,"column":36},"end":{"line":169,"column":63}}},"fnMap":{"0":{"name":"DocumentsCard","decl":{"start":{"line":30,"column":24},"end":{"line":30,"column":37}},"loc":{"start":{"line":30,"column":69},"end":{"line":199,"column":1}}},"1":{"name":"(anonymous_1)","decl":{"start":{"line":58,"column":29},"end":{"line":58,"column":30}},"loc":{"start":{"line":58,"column":72},"end":{"line":62,"column":5}}},"2":{"name":"(anonymous_2)","decl":{"start":{"line":64,"column":25},"end":{"line":64,"column":30}},"loc":{"start":{"line":64,"column":54},"end":{"line":77,"column":5}}},"3":{"name":"(anonymous_3)","decl":{"start":{"line":104,"column":29},"end":{"line":104,"column":32}},"loc":{"start":{"line":104,"column":34},"end":{"line":107,"column":21}}},"4":{"name":"(anonymous_4)","decl":{"start":{"line":115,"column":62},"end":{"line":115,"column":63}},"loc":{"start":{"line":116,"column":24},"end":{"line":116,"column":44}}},"5":{"name":"(anonymous_5)","decl":{"start":{"line":120,"column":46},"end":{"line":120,"column":49}},"loc":{"start":{"line":120,"column":53},"end":{"line":120,"column":74}}},"6":{"name":"(anonymous_6)","decl":{"start":{"line":120,"column":80},"end":{"line":120,"column":81}},"loc":{"start":{"line":121,"column":32},"end":{"line":121,"column":50}}},"7":{"name":"(anonymous_7)","decl":{"start":{"line":130,"column":53},"end":{"line":130,"column":56}},"loc":{"start":{"line":130,"column":59},"end":{"line":130,"column":89}}},"8":{"name":"(anonymous_8)","decl":{"start":{"line":140,"column":53},"end":{"line":140,"column":56}},"loc":{"start":{"line":140,"column":59},"end":{"line":140,"column":89}}},"9":{"name":"(anonymous_9)","decl":{"start":{"line":165,"column":42},"end":{"line":165,"column":43}},"loc":{"start":{"line":165,"column":49},"end":{"line":165,"column":80}}},"10":{"name":"(anonymous_10)","decl":{"start":{"line":168,"column":51},"end":{"line":168,"column":52}},"loc":{"start":{"line":169,"column":36},"end":{"line":169,"column":63}}}},"branchMap":{"0":{"loc":{"start":{"line":59,"column":8},"end":{"line":61,"column":9}},"type":"if","locations":[{"start":{"line":59,"column":8},"end":{"line":61,"column":9}}]},"1":{"loc":{"start":{"line":59,"column":12},"end":{"line":59,"column":47}},"type":"binary-expr","locations":[{"start":{"line":59,"column":12},"end":{"line":59,"column":26}},{"start":{"line":59,"column":30},"end":{"line":59,"column":47}}]},"2":{"loc":{"start":{"line":66,"column":8},"end":{"line":76,"column":9}},"type":"if","locations":[{"start":{"line":66,"column":8},"end":{"line":76,"column":9}}]},"3":{"loc":{"start":{"line":66,"column":12},"end":{"line":66,"column":40}},"type":"binary-expr","locations":[{"start":{"line":66,"column":12},"end":{"line":66,"column":24}},{"start":{"line":66,"column":28},"end":{"line":66,"column":40}}]},"4":{"loc":{"start":{"line":190,"column":38},"end":{"line":190,"column":68}},"type":"binary-expr","locations":[{"start":{"line":190,"column":38},"end":{"line":190,"column":51}},{"start":{"line":190,"column":55},"end":{"line":190,"column":68}}]}},"s":{"0":1,"1":1,"2":1,"3":1,"4":1,"5":1,"6":1,"7":1,"8":1,"9":1,"10":0,"11":0,"12":1,"13":0,"14":0,"15":0,"16":0,"17":0,"18":0,"19":0,"20":0,"21":1,"22":0,"23":0,"24":3,"25":9,"26":3,"27":0,"28":0,"29":0,"30":4},"f":{"0":1,"1":0,"2":0,"3":0,"4":3,"5":9,"6":3,"7":0,"8":0,"9":0,"10":4},"b":{"0":[0],"1":[0,0],"2":[0],"3":[0,0],"4":[1,0]}}
,"C:\\Users\\boual\\OneDrive\\Desktop\\PFE-Workspace\\Project_Source\\petroleum-front\\src\\components\\UserProfile\\PersonalInfoCard.tsx": {"path":"C:\\Users\\boual\\OneDrive\\Desktop\\PFE-Workspace\\Project_Source\\petroleum-front\\src\\components\\UserProfile\\PersonalInfoCard.tsx","statementMap":{"0":{"start":{"line":14,"column":0},"end":{"line":14,"column":24}},"1":{"start":{"line":1,"column":0},"end":{"line":1,"column":33}},"2":{"start":{"line":2,"column":0},"end":{"line":2,"column":32}},"3":{"start":{"line":3,"column":0},"end":{"line":3,"column":45}},"4":{"start":{"line":4,"column":0},"end":{"line":4,"column":34}},"5":{"start":{"line":15,"column":38},"end":{"line":15,"column":53}},"6":{"start":{"line":16,"column":44},"end":{"line":22,"column":6}},"7":{"start":{"line":24,"column":23},"end":{"line":26,"column":5}},"8":{"start":{"line":25,"column":8},"end":{"line":25,"column":27}},"9":{"start":{"line":28,"column":23},"end":{"line":31,"column":5}},"10":{"start":{"line":29,"column":8},"end":{"line":29,"column":28}},"11":{"start":{"line":33,"column":25},"end":{"line":35,"column":5}},"12":{"start":{"line":34,"column":8},"end":{"line":34,"column":28}},"13":{"start":{"line":37,"column":4},"end":{"line":131,"column":6}},"14":{"start":{"line":54,"column":16},"end":{"line":54,"column":35}},"15":{"start":{"line":55,"column":16},"end":{"line":55,"column":29}},"16":{"start":{"line":65,"column":45},"end":{"line":65,"column":108}},"17":{"start":{"line":76,"column":45},"end":{"line":76,"column":107}},"18":{"start":{"line":97,"column":45},"end":{"line":97,"column":104}},"19":{"start":{"line":108,"column":45},"end":{"line":108,"column":107}}},"fnMap":{"0":{"name":"PersonalInfoCard","decl":{"start":{"line":14,"column":24},"end":{"line":14,"column":40}},"loc":{"start":{"line":14,"column":40},"end":{"line":132,"column":1}}},"1":{"name":"(anonymous_1)","decl":{"start":{"line":24,"column":23},"end":{"line":24,"column":26}},"loc":{"start":{"line":24,"column":28},"end":{"line":26,"column":5}}},"2":{"name":"(anonymous_2)","decl":{"start":{"line":28,"column":23},"end":{"line":28,"column":26}},"loc":{"start":{"line":28,"column":28},"end":{"line":31,"column":5}}},"3":{"name":"(anonymous_3)","decl":{"start":{"line":33,"column":25},"end":{"line":33,"column":28}},"loc":{"start":{"line":33,"column":30},"end":{"line":35,"column":5}}},"4":{"name":"(anonymous_4)","decl":{"start":{"line":53,"column":28},"end":{"line":53,"column":29}},"loc":{"start":{"line":53,"column":34},"end":{"line":56,"column":13}}},"5":{"name":"(anonymous_5)","decl":{"start":{"line":65,"column":38},"end":{"line":65,"column":39}},"loc":{"start":{"line":65,"column":45},"end":{"line":65,"column":108}}},"6":{"name":"(anonymous_6)","decl":{"start":{"line":76,"column":38},"end":{"line":76,"column":39}},"loc":{"start":{"line":76,"column":45},"end":{"line":76,"column":107}}},"7":{"name":"(anonymous_7)","decl":{"start":{"line":97,"column":38},"end":{"line":97,"column":39}},"loc":{"start":{"line":97,"column":45},"end":{"line":97,"column":104}}},"8":{"name":"(anonymous_8)","decl":{"start":{"line":108,"column":38},"end":{"line":108,"column":39}},"loc":{"start":{"line":108,"column":45},"end":{"line":108,"column":107}}}},"branchMap":{"0":{"loc":{"start":{"line":43,"column":17},"end":{"line":49,"column":null}},"type":"binary-expr","locations":[{"start":{"line":43,"column":17},"end":{"line":43,"column":27}},{"start":{"line":44,"column":20},"end":{"line":46,"column":null}}]},"1":{"loc":{"start":{"line":113,"column":17},"end":{"line":127,"column":null}},"type":"binary-expr","locations":[{"start":{"line":113,"column":17},"end":{"line":113,"column":26}},{"start":{"line":114,"column":20},"end":{"line":126,"column":null}}]}},"s":{"0":0,"1":0,"2":0,"3":0,"4":0,"5":0,"6":0,"7":0,"8":0,"9":0,"10":0,"11":0,"12":0,"13":0,"14":0,"15":0,"16":0,"17":0,"18":0,"19":0},"f":{"0":0,"1":0,"2":0,"3":0,"4":0,"5":0,"6":0,"7":0,"8":0},"b":{"0":[0,0],"1":[0,0]}}
,"C:\\Users\\boual\\OneDrive\\Desktop\\PFE-Workspace\\Project_Source\\petroleum-front\\src\\components\\UserProfile\\UserAddressCard.tsx": {"path":"C:\\Users\\boual\\OneDrive\\Desktop\\PFE-Workspace\\Project_Source\\petroleum-front\\src\\components\\UserProfile\\UserAddressCard.tsx","statementMap":{"0":{"start":{"line":7,"column":0},"end":{"line":7,"column":24}},"1":{"start":{"line":1,"column":0},"end":{"line":1,"column":48}},"2":{"start":{"line":2,"column":0},"end":{"line":2,"column":36}},"3":{"start":{"line":3,"column":0},"end":{"line":3,"column":41}},"4":{"start":{"line":4,"column":0},"end":{"line":4,"column":45}},"5":{"start":{"line":5,"column":0},"end":{"line":5,"column":34}},"6":{"start":{"line":8,"column":44},"end":{"line":8,"column":54}},"7":{"start":{"line":9,"column":21},"end":{"line":13,"column":3}},"8":{"start":{"line":11,"column":4},"end":{"line":11,"column":37}},"9":{"start":{"line":12,"column":4},"end":{"line":12,"column":17}},"10":{"start":{"line":14,"column":2},"end":{"line":131,"column":4}}},"fnMap":{"0":{"name":"UserAddressCard","decl":{"start":{"line":7,"column":24},"end":{"line":7,"column":39}},"loc":{"start":{"line":7,"column":39},"end":{"line":132,"column":1}}},"1":{"name":"(anonymous_1)","decl":{"start":{"line":9,"column":21},"end":{"line":9,"column":24}},"loc":{"start":{"line":9,"column":26},"end":{"line":13,"column":3}}}},"branchMap":{},"s":{"0":0,"1":0,"2":0,"3":0,"4":0,"5":0,"6":0,"7":0,"8":0,"9":0,"10":0},"f":{"0":0,"1":0},"b":{}}
,"C:\\Users\\boual\\OneDrive\\Desktop\\PFE-Workspace\\Project_Source\\petroleum-front\\src\\components\\UserProfile\\UserInfoCard.tsx": {"path":"C:\\Users\\boual\\OneDrive\\Desktop\\PFE-Workspace\\Project_Source\\petroleum-front\\src\\components\\UserProfile\\UserInfoCard.tsx","statementMap":{"0":{"start":{"line":18,"column":0},"end":{"line":18,"column":24}},"1":{"start":{"line":1,"column":0},"end":{"line":1,"column":44}},"2":{"start":{"line":2,"column":0},"end":{"line":2,"column":48}},"3":{"start":{"line":3,"column":0},"end":{"line":3,"column":36}},"4":{"start":{"line":4,"column":0},"end":{"line":4,"column":41}},"5":{"start":{"line":5,"column":0},"end":{"line":5,"column":45}},"6":{"start":{"line":6,"column":0},"end":{"line":6,"column":34}},"7":{"start":{"line":7,"column":0},"end":{"line":7,"column":60}},"8":{"start":{"line":8,"column":0},"end":{"line":8,"column":60}},"9":{"start":{"line":9,"column":0},"end":{"line":9,"column":74}},"10":{"start":{"line":19,"column":44},"end":{"line":19,"column":54}},"11":{"start":{"line":20,"column":19},"end":{"line":20,"column":35}},"12":{"start":{"line":21,"column":19},"end":{"line":21,"column":56}},"13":{"start":{"line":21,"column":45},"end":{"line":21,"column":55}},"14":{"start":{"line":22,"column":42},"end":{"line":22,"column":80}},"15":{"start":{"line":22,"column":68},"end":{"line":22,"column":79}},"16":{"start":{"line":23,"column":34},"end":{"line":28,"column":4}},"17":{"start":{"line":30,"column":2},"end":{"line":46,"column":23}},"18":{"start":{"line":31,"column":26},"end":{"line":43,"column":5}},"19":{"start":{"line":32,"column":25},"end":{"line":32,"column":53}},"20":{"start":{"line":33,"column":31},"end":{"line":33,"column":73}},"21":{"start":{"line":34,"column":21},"end":{"line":34,"column":91}},"22":{"start":{"line":36,"column":6},"end":{"line":42,"column":7}},"23":{"start":{"line":37,"column":8},"end":{"line":41,"column":9}},"24":{"start":{"line":38,"column":10},"end":{"line":38,"column":55}},"25":{"start":{"line":40,"column":10},"end":{"line":40,"column":58}},"26":{"start":{"line":45,"column":4},"end":{"line":45,"column":20}},"27":{"start":{"line":48,"column":2},"end":{"line":57,"column":20}},"28":{"start":{"line":49,"column":4},"end":{"line":56,"column":5}},"29":{"start":{"line":50,"column":6},"end":{"line":55,"column":9}},"30":{"start":{"line":59,"column":28},"end":{"line":65,"column":3}},"31":{"start":{"line":60,"column":28},"end":{"line":60,"column":36}},"32":{"start":{"line":61,"column":4},"end":{"line":64,"column":8}},"33":{"start":{"line":61,"column":25},"end":{"line":64,"column":6}},"34":{"start":{"line":67,"column":21},"end":{"line":90,"column":3}},"35":{"start":{"line":68,"column":4},"end":{"line":89,"column":5}},"36":{"start":{"line":69,"column":6},"end":{"line":84,"column":7}},"37":{"start":{"line":70,"column":8},"end":{"line":70,"column":91}},"38":{"start":{"line":72,"column":23},"end":{"line":75,"column":20}},"39":{"start":{"line":77,"column":8},"end":{"line":77,"column":46}},"40":{"start":{"line":79,"column":8},"end":{"line":83,"column":9}},"41":{"start":{"line":81,"column":10},"end":{"line":81,"column":55}},"42":{"start":{"line":82,"column":10},"end":{"line":82,"column":23}},"43":{"start":{"line":86,"column":6},"end":{"line":86,"column":52}},"44":{"start":{"line":92,"column":2},"end":{"line":98,"column":3}},"45":{"start":{"line":93,"column":4},"end":{"line":97,"column":6}},"46":{"start":{"line":100,"column":2},"end":{"line":106,"column":3}},"47":{"start":{"line":101,"column":4},"end":{"line":105,"column":6}},"48":{"start":{"line":108,"column":2},"end":{"line":283,"column":4}},"49":{"start":{"line":210,"column":12},"end":{"line":210,"column":31}},"50":{"start":{"line":211,"column":12},"end":{"line":211,"column":25}}},"fnMap":{"0":{"name":"UserInfoCard","decl":{"start":{"line":18,"column":24},"end":{"line":18,"column":36}},"loc":{"start":{"line":18,"column":36},"end":{"line":284,"column":1}}},"1":{"name":"(anonymous_1)","decl":{"start":{"line":21,"column":34},"end":{"line":21,"column":35}},"loc":{"start":{"line":21,"column":45},"end":{"line":21,"column":55}}},"2":{"name":"(anonymous_2)","decl":{"start":{"line":22,"column":57},"end":{"line":22,"column":58}},"loc":{"start":{"line":22,"column":68},"end":{"line":22,"column":79}}},"3":{"name":"(anonymous_3)","decl":{"start":{"line":30,"column":12},"end":{"line":30,"column":15}},"loc":{"start":{"line":30,"column":17},"end":{"line":46,"column":3}}},"4":{"name":"(anonymous_4)","decl":{"start":{"line":31,"column":26},"end":{"line":31,"column":31}},"loc":{"start":{"line":31,"column":37},"end":{"line":43,"column":5}}},"5":{"name":"(anonymous_5)","decl":{"start":{"line":48,"column":12},"end":{"line":48,"column":15}},"loc":{"start":{"line":48,"column":17},"end":{"line":57,"column":3}}},"6":{"name":"(anonymous_6)","decl":{"start":{"line":59,"column":28},"end":{"line":59,"column":29}},"loc":{"start":{"line":59,"column":71},"end":{"line":65,"column":3}}},"7":{"name":"(anonymous_7)","decl":{"start":{"line":61,"column":16},"end":{"line":61,"column":20}},"loc":{"start":{"line":61,"column":25},"end":{"line":64,"column":6}}},"8":{"name":"(anonymous_8)","decl":{"start":{"line":67,"column":21},"end":{"line":67,"column":26}},"loc":{"start":{"line":67,"column":32},"end":{"line":90,"column":3}}},"9":{"name":"(anonymous_9)","decl":{"start":{"line":209,"column":52},"end":{"line":209,"column":53}},"loc":{"start":{"line":209,"column":58},"end":{"line":212,"column":11}}}},"branchMap":{"0":{"loc":{"start":{"line":33,"column":31},"end":{"line":33,"column":73}},"type":"cond-expr","locations":[{"start":{"line":33,"column":44},"end":{"line":33,"column":66}},{"start":{"line":33,"column":69},"end":{"line":33,"column":73}}]},"1":{"loc":{"start":{"line":34,"column":21},"end":{"line":34,"column":91}},"type":"binary-expr","locations":[{"start":{"line":34,"column":21},"end":{"line":34,"column":30}},{"start":{"line":34,"column":34},"end":{"line":34,"column":42}},{"start":{"line":34,"column":46},"end":{"line":34,"column":66}},{"start":{"line":34,"column":70},"end":{"line":34,"column":91}}]},"2":{"loc":{"start":{"line":36,"column":6},"end":{"line":42,"column":7}},"type":"if","locations":[{"start":{"line":36,"column":6},"end":{"line":42,"column":7}}]},"3":{"loc":{"start":{"line":49,"column":4},"end":{"line":56,"column":5}},"type":"if","locations":[{"start":{"line":49,"column":4},"end":{"line":56,"column":5}}]},"4":{"loc":{"start":{"line":51,"column":19},"end":{"line":51,"column":46}},"type":"binary-expr","locations":[{"start":{"line":51,"column":19},"end":{"line":51,"column":40}},{"start":{"line":51,"column":44},"end":{"line":51,"column":46}}]},"5":{"loc":{"start":{"line":52,"column":17},"end":{"line":52,"column":42}},"type":"binary-expr","locations":[{"start":{"line":52,"column":17},"end":{"line":52,"column":36}},{"start":{"line":52,"column":40},"end":{"line":52,"column":42}}]},"6":{"loc":{"start":{"line":53,"column":14},"end":{"line":53,"column":36}},"type":"binary-expr","locations":[{"start":{"line":53,"column":14},"end":{"line":53,"column":30}},{"start":{"line":53,"column":34},"end":{"line":53,"column":36}}]},"7":{"loc":{"start":{"line":54,"column":15},"end":{"line":54,"column":38}},"type":"binary-expr","locations":[{"start":{"line":54,"column":15},"end":{"line":54,"column":32}},{"start":{"line":54,"column":36},"end":{"line":54,"column":38}}]},"8":{"loc":{"start":{"line":69,"column":6},"end":{"line":84,"column":7}},"type":"if","locations":[{"start":{"line":69,"column":6},"end":{"line":84,"column":7}}]},"9":{"loc":{"start":{"line":79,"column":8},"end":{"line":83,"column":9}},"type":"if","locations":[{"start":{"line":79,"column":8},"end":{"line":83,"column":9}}]},"10":{"loc":{"start":{"line":92,"column":2},"end":{"line":98,"column":3}},"type":"if","locations":[{"start":{"line":92,"column":2},"end":{"line":98,"column":3}}]},"11":{"loc":{"start":{"line":100,"column":2},"end":{"line":106,"column":3}},"type":"if","locations":[{"start":{"line":100,"column":2},"end":{"line":106,"column":3}}]},"12":{"loc":{"start":{"line":116,"column":11},"end":{"line":124,"column":null}},"type":"binary-expr","locations":[{"start":{"line":116,"column":11},"end":{"line":116,"column":33}},{"start":{"line":117,"column":12},"end":{"line":123,"column":null}}]},"13":{"loc":{"start":{"line":160,"column":17},"end":{"line":160,"column":57}},"type":"binary-expr","locations":[{"start":{"line":160,"column":17},"end":{"line":160,"column":38}},{"start":{"line":160,"column":42},"end":{"line":160,"column":57}}]},"14":{"loc":{"start":{"line":169,"column":17},"end":{"line":171,"column":33}},"type":"cond-expr","locations":[{"start":{"line":170,"column":18},"end":{"line":170,"column":90}},{"start":{"line":171,"column":18},"end":{"line":171,"column":33}}]},"15":{"loc":{"start":{"line":169,"column":17},"end":{"line":169,"column":56}},"type":"binary-expr","locations":[{"start":{"line":169,"column":17},"end":{"line":169,"column":33}},{"start":{"line":169,"column":37},"end":{"line":169,"column":56}}]},"16":{"loc":{"start":{"line":170,"column":42},"end":{"line":170,"column":65}},"type":"binary-expr","locations":[{"start":{"line":170,"column":42},"end":{"line":170,"column":59}},{"start":{"line":170,"column":63},"end":{"line":170,"column":65}}]}},"s":{"0":1,"1":1,"2":1,"3":1,"4":1,"5":1,"6":1,"7":1,"8":1,"9":1,"10":21,"11":20,"12":20,"13":35,"14":20,"15":35,"16":20,"17":20,"18":5,"19":5,"20":5,"21":5,"22":5,"23":5,"24":5,"25":5,"26":5,"27":20,"28":5,"29":5,"30":20,"31":0,"32":0,"33":0,"34":20,"35":0,"36":0,"37":0,"38":0,"39":0,"40":0,"41":0,"42":0,"43":0,"44":20,"45":10,"46":10,"47":0,"48":10,"49":0,"50":0},"f":{"0":21,"1":35,"2":35,"3":5,"4":5,"5":5,"6":0,"7":0,"8":0,"9":0},"b":{"0":[5,0],"1":[5,0,0,0],"2":[5],"3":[5],"4":[5,5],"5":[5,5],"6":[5,5],"7":[5,5],"8":[0],"9":[0],"10":[10],"11":[0],"12":[10,0],"13":[10,10],"14":[0,10],"15":[10,0],"16":[0,0]}}
,"C:\\Users\\boual\\OneDrive\\Desktop\\PFE-Workspace\\Project_Source\\petroleum-front\\src\\components\\UserProfile\\UserMetaCard.tsx": {"path":"C:\\Users\\boual\\OneDrive\\Desktop\\PFE-Workspace\\Project_Source\\petroleum-front\\src\\components\\UserProfile\\UserMetaCard.tsx","statementMap":{"0":{"start":{"line":19,"column":0},"end":{"line":19,"column":24}},"1":{"start":{"line":1,"column":0},"end":{"line":1,"column":34}},"2":{"start":{"line":2,"column":0},"end":{"line":2,"column":60}},"3":{"start":{"line":3,"column":0},"end":{"line":3,"column":60}},"4":{"start":{"line":4,"column":0},"end":{"line":4,"column":59}},"5":{"start":{"line":20,"column":19},"end":{"line":20,"column":35}},"6":{"start":{"line":21,"column":19},"end":{"line":21,"column":56}},"7":{"start":{"line":21,"column":45},"end":{"line":21,"column":55}},"8":{"start":{"line":22,"column":42},"end":{"line":22,"column":80}},"9":{"start":{"line":22,"column":68},"end":{"line":22,"column":79}},"10":{"start":{"line":24,"column":2},"end":{"line":71,"column":23}},"11":{"start":{"line":25,"column":26},"end":{"line":68,"column":5}},"12":{"start":{"line":26,"column":25},"end":{"line":26,"column":53}},"13":{"start":{"line":27,"column":31},"end":{"line":27,"column":73}},"14":{"start":{"line":28,"column":20},"end":{"line":28,"column":49}},"15":{"start":{"line":30,"column":6},"end":{"line":33,"column":7}},"16":{"start":{"line":31,"column":8},"end":{"line":31,"column":43}},"17":{"start":{"line":32,"column":8},"end":{"line":32,"column":15}},"18":{"start":{"line":36,"column":25},"end":{"line":36,"column":95}},"19":{"start":{"line":37,"column":23},"end":{"line":37,"column":59}},"20":{"start":{"line":39,"column":6},"end":{"line":44,"column":9}},"21":{"start":{"line":46,"column":6},"end":{"line":49,"column":7}},"22":{"start":{"line":47,"column":8},"end":{"line":47,"column":70}},"23":{"start":{"line":48,"column":8},"end":{"line":48,"column":15}},"24":{"start":{"line":51,"column":6},"end":{"line":67,"column":7}},"25":{"start":{"line":53,"column":26},"end":{"line":53,"column":69}},"26":{"start":{"line":54,"column":32},"end":{"line":54,"column":51}},"27":{"start":{"line":57,"column":26},"end":{"line":57,"column":100}},"28":{"start":{"line":60,"column":28},"end":{"line":60,"column":44}},"29":{"start":{"line":62,"column":8},"end":{"line":62,"column":63}},"30":{"start":{"line":63,"column":23},"end":{"line":63,"column":72}},"31":{"start":{"line":64,"column":8},"end":{"line":64,"column":45}},"32":{"start":{"line":66,"column":8},"end":{"line":66,"column":56}},"33":{"start":{"line":70,"column":4},"end":{"line":70,"column":20}},"34":{"start":{"line":73,"column":2},"end":{"line":79,"column":3}},"35":{"start":{"line":74,"column":4},"end":{"line":78,"column":6}},"36":{"start":{"line":81,"column":2},"end":{"line":89,"column":3}},"37":{"start":{"line":82,"column":4},"end":{"line":88,"column":6}},"38":{"start":{"line":91,"column":2},"end":{"line":97,"column":3}},"39":{"start":{"line":92,"column":4},"end":{"line":96,"column":6}},"40":{"start":{"line":99,"column":2},"end":{"line":129,"column":4}}},"fnMap":{"0":{"name":"UserMetaCard","decl":{"start":{"line":19,"column":24},"end":{"line":19,"column":36}},"loc":{"start":{"line":19,"column":36},"end":{"line":130,"column":1}}},"1":{"name":"(anonymous_1)","decl":{"start":{"line":21,"column":34},"end":{"line":21,"column":35}},"loc":{"start":{"line":21,"column":45},"end":{"line":21,"column":55}}},"2":{"name":"(anonymous_2)","decl":{"start":{"line":22,"column":57},"end":{"line":22,"column":58}},"loc":{"start":{"line":22,"column":68},"end":{"line":22,"column":79}}},"3":{"name":"(anonymous_3)","decl":{"start":{"line":24,"column":12},"end":{"line":24,"column":15}},"loc":{"start":{"line":24,"column":17},"end":{"line":71,"column":3}}},"4":{"name":"(anonymous_4)","decl":{"start":{"line":25,"column":26},"end":{"line":25,"column":31}},"loc":{"start":{"line":25,"column":37},"end":{"line":68,"column":5}}}},"branchMap":{"0":{"loc":{"start":{"line":27,"column":31},"end":{"line":27,"column":73}},"type":"cond-expr","locations":[{"start":{"line":27,"column":44},"end":{"line":27,"column":66}},{"start":{"line":27,"column":69},"end":{"line":27,"column":73}}]},"1":{"loc":{"start":{"line":30,"column":6},"end":{"line":33,"column":7}},"type":"if","locations":[{"start":{"line":30,"column":6},"end":{"line":33,"column":7}}]},"2":{"loc":{"start":{"line":36,"column":25},"end":{"line":36,"column":95}},"type":"binary-expr","locations":[{"start":{"line":36,"column":25},"end":{"line":36,"column":34}},{"start":{"line":36,"column":38},"end":{"line":36,"column":46}},{"start":{"line":36,"column":50},"end":{"line":36,"column":70}},{"start":{"line":36,"column":74},"end":{"line":36,"column":95}}]},"3":{"loc":{"start":{"line":37,"column":23},"end":{"line":37,"column":59}},"type":"binary-expr","locations":[{"start":{"line":37,"column":23},"end":{"line":37,"column":33}},{"start":{"line":37,"column":37},"end":{"line":37,"column":59}}]},"4":{"loc":{"start":{"line":42,"column":15},"end":{"line":42,"column":44}},"type":"cond-expr","locations":[{"start":{"line":42,"column":23},"end":{"line":42,"column":32}},{"start":{"line":42,"column":35},"end":{"line":42,"column":44}}]},"5":{"loc":{"start":{"line":46,"column":6},"end":{"line":49,"column":7}},"type":"if","locations":[{"start":{"line":46,"column":6},"end":{"line":49,"column":7}}]},"6":{"loc":{"start":{"line":57,"column":26},"end":{"line":57,"column":100}},"type":"cond-expr","locations":[{"start":{"line":57,"column":72},"end":{"line":57,"column":87}},{"start":{"line":57,"column":90},"end":{"line":57,"column":100}}]},"7":{"loc":{"start":{"line":57,"column":27},"end":{"line":57,"column":68}},"type":"binary-expr","locations":[{"start":{"line":57,"column":27},"end":{"line":57,"column":49}},{"start":{"line":57,"column":53},"end":{"line":57,"column":68}}]},"8":{"loc":{"start":{"line":73,"column":2},"end":{"line":79,"column":3}},"type":"if","locations":[{"start":{"line":73,"column":2},"end":{"line":79,"column":3}}]},"9":{"loc":{"start":{"line":81,"column":2},"end":{"line":89,"column":3}},"type":"if","locations":[{"start":{"line":81,"column":2},"end":{"line":89,"column":3}}]},"10":{"loc":{"start":{"line":85,"column":11},"end":{"line":85,"column":103}},"type":"cond-expr","locations":[{"start":{"line":85,"column":45},"end":{"line":85,"column":95}},{"start":{"line":85,"column":98},"end":{"line":85,"column":103}}]},"11":{"loc":{"start":{"line":91,"column":2},"end":{"line":97,"column":3}},"type":"if","locations":[{"start":{"line":91,"column":2},"end":{"line":97,"column":3}}]},"12":{"loc":{"start":{"line":105,"column":15},"end":{"line":105,"column":62}},"type":"binary-expr","locations":[{"start":{"line":105,"column":15},"end":{"line":105,"column":55}},{"start":{"line":105,"column":59},"end":{"line":105,"column":62}}]},"13":{"loc":{"start":{"line":116,"column":15},"end":{"line":122,"column":null}},"type":"binary-expr","locations":[{"start":{"line":116,"column":15},"end":{"line":116,"column":34}},{"start":{"line":117,"column":16},"end":{"line":121,"column":null}}]}},"s":{"0":1,"1":1,"2":1,"3":1,"4":1,"5":16,"6":15,"7":30,"8":15,"9":30,"10":15,"11":5,"12":5,"13":5,"14":5,"15":5,"16":0,"17":0,"18":5,"19":5,"20":5,"21":5,"22":0,"23":0,"24":5,"25":5,"26":5,"27":5,"28":5,"29":5,"30":5,"31":0,"32":5,"33":5,"34":15,"35":5,"36":10,"37":5,"38":5,"39":0,"40":5},"f":{"0":16,"1":30,"2":30,"3":5,"4":5},"b":{"0":[5,0],"1":[0],"2":[5,0,0,0],"3":[5,0],"4":[5,0],"5":[0],"6":[0,5],"7":[5,0],"8":[5],"9":[5],"10":[0,5],"11":[0],"12":[5,0],"13":[5,0]}}
,"C:\\Users\\boual\\OneDrive\\Desktop\\PFE-Workspace\\Project_Source\\petroleum-front\\src\\components\\auth\\SignInForm.tsx": {"path":"C:\\Users\\boual\\OneDrive\\Desktop\\PFE-Workspace\\Project_Source\\petroleum-front\\src\\components\\auth\\SignInForm.tsx","statementMap":{"0":{"start":{"line":17,"column":0},"end":{"line":17,"column":24}},"1":{"start":{"line":1,"column":0},"end":{"line":1,"column":44}},"2":{"start":{"line":2,"column":0},"end":{"line":2,"column":53}},"3":{"start":{"line":3,"column":0},"end":{"line":3,"column":53}},"4":{"start":{"line":4,"column":0},"end":{"line":4,"column":34}},"5":{"start":{"line":5,"column":0},"end":{"line":5,"column":45}},"6":{"start":{"line":6,"column":0},"end":{"line":6,"column":46}},"7":{"start":{"line":7,"column":0},"end":{"line":7,"column":41}},"8":{"start":{"line":8,"column":0},"end":{"line":8,"column":60}},"9":{"start":{"line":9,"column":0},"end":{"line":9,"column":69}},"10":{"start":{"line":10,"column":0},"end":{"line":10,"column":60}},"11":{"start":{"line":18,"column":19},"end":{"line":18,"column":32}},"12":{"start":{"line":19,"column":19},"end":{"line":19,"column":35}},"13":{"start":{"line":20,"column":35},"end":{"line":20,"column":72}},"14":{"start":{"line":20,"column":61},"end":{"line":20,"column":71}},"15":{"start":{"line":22,"column":42},"end":{"line":22,"column":57}},"16":{"start":{"line":23,"column":36},"end":{"line":23,"column":51}},"17":{"start":{"line":24,"column":34},"end":{"line":27,"column":4}},"18":{"start":{"line":30,"column":2},"end":{"line":34,"column":23}},"19":{"start":{"line":31,"column":4},"end":{"line":33,"column":5}},"20":{"start":{"line":32,"column":6},"end":{"line":32,"column":75}},"21":{"start":{"line":37,"column":2},"end":{"line":41,"column":17}},"22":{"start":{"line":38,"column":4},"end":{"line":40,"column":6}},"23":{"start":{"line":39,"column":6},"end":{"line":39,"column":29}},"24":{"start":{"line":43,"column":28},"end":{"line":50,"column":3}},"25":{"start":{"line":44,"column":28},"end":{"line":44,"column":36}},"26":{"start":{"line":45,"column":4},"end":{"line":48,"column":8}},"27":{"start":{"line":45,"column":25},"end":{"line":48,"column":6}},"28":{"start":{"line":49,"column":4},"end":{"line":49,"column":38}},"29":{"start":{"line":49,"column":15},"end":{"line":49,"column":38}},"30":{"start":{"line":52,"column":23},"end":{"line":55,"column":3}},"31":{"start":{"line":53,"column":4},"end":{"line":53,"column":23}},"32":{"start":{"line":54,"column":4},"end":{"line":54,"column":34}},"33":{"start":{"line":57,"column":2},"end":{"line":213,"column":4}},"34":{"start":{"line":163,"column":37},"end":{"line":163,"column":67}}},"fnMap":{"0":{"name":"SignInForm","decl":{"start":{"line":17,"column":24},"end":{"line":17,"column":34}},"loc":{"start":{"line":17,"column":34},"end":{"line":214,"column":1}}},"1":{"name":"(anonymous_1)","decl":{"start":{"line":20,"column":50},"end":{"line":20,"column":51}},"loc":{"start":{"line":20,"column":61},"end":{"line":20,"column":71}}},"2":{"name":"(anonymous_2)","decl":{"start":{"line":30,"column":12},"end":{"line":30,"column":15}},"loc":{"start":{"line":30,"column":17},"end":{"line":34,"column":3}}},"3":{"name":"(anonymous_3)","decl":{"start":{"line":37,"column":12},"end":{"line":37,"column":15}},"loc":{"start":{"line":37,"column":17},"end":{"line":41,"column":3}}},"4":{"name":"(anonymous_4)","decl":{"start":{"line":38,"column":11},"end":{"line":38,"column":14}},"loc":{"start":{"line":38,"column":16},"end":{"line":40,"column":5}}},"5":{"name":"(anonymous_5)","decl":{"start":{"line":43,"column":28},"end":{"line":43,"column":29}},"loc":{"start":{"line":43,"column":71},"end":{"line":50,"column":3}}},"6":{"name":"(anonymous_6)","decl":{"start":{"line":45,"column":16},"end":{"line":45,"column":20}},"loc":{"start":{"line":45,"column":25},"end":{"line":48,"column":6}}},"7":{"name":"(anonymous_7)","decl":{"start":{"line":52,"column":23},"end":{"line":52,"column":28}},"loc":{"start":{"line":52,"column":52},"end":{"line":55,"column":3}}},"8":{"name":"(anonymous_8)","decl":{"start":{"line":163,"column":31},"end":{"line":163,"column":34}},"loc":{"start":{"line":163,"column":37},"end":{"line":163,"column":67}}}},"branchMap":{"0":{"loc":{"start":{"line":31,"column":4},"end":{"line":33,"column":5}},"type":"if","locations":[{"start":{"line":31,"column":4},"end":{"line":33,"column":5}}]},"1":{"loc":{"start":{"line":32,"column":15},"end":{"line":32,"column":73}},"type":"cond-expr","locations":[{"start":{"line":32,"column":41},"end":{"line":32,"column":53}},{"start":{"line":32,"column":56},"end":{"line":32,"column":73}}]},"2":{"loc":{"start":{"line":49,"column":4},"end":{"line":49,"column":38}},"type":"if","locations":[{"start":{"line":49,"column":4},"end":{"line":49,"column":38}}]},"3":{"loc":{"start":{"line":77,"column":11},"end":{"line":80,"column":null}},"type":"binary-expr","locations":[{"start":{"line":77,"column":11},"end":{"line":77,"column":16}},{"start":{"line":78,"column":12},"end":{"line":79,"column":null}}]},"4":{"loc":{"start":{"line":157,"column":28},"end":{"line":157,"column":62}},"type":"cond-expr","locations":[{"start":{"line":157,"column":43},"end":{"line":157,"column":49}},{"start":{"line":157,"column":52},"end":{"line":157,"column":62}}]},"5":{"loc":{"start":{"line":166,"column":23},"end":{"line":169,"column":null}},"type":"cond-expr","locations":[{"start":{"line":167,"column":24},"end":{"line":167,"column":87}},{"start":{"line":169,"column":24},"end":{"line":169,"column":92}}]},"6":{"loc":{"start":{"line":191,"column":23},"end":{"line":191,"column":60}},"type":"cond-expr","locations":[{"start":{"line":191,"column":33},"end":{"line":191,"column":48}},{"start":{"line":191,"column":51},"end":{"line":191,"column":60}}]}},"s":{"0":0,"1":0,"2":0,"3":0,"4":0,"5":0,"6":0,"7":0,"8":0,"9":0,"10":0,"11":0,"12":0,"13":0,"14":0,"15":0,"16":0,"17":0,"18":0,"19":0,"20":0,"21":0,"22":0,"23":0,"24":0,"25":0,"26":0,"27":0,"28":0,"29":0,"30":0,"31":0,"32":0,"33":0,"34":0},"f":{"0":0,"1":0,"2":0,"3":0,"4":0,"5":0,"6":0,"7":0,"8":0},"b":{"0":[0],"1":[0,0],"2":[0],"3":[0,0],"4":[0,0],"5":[0,0],"6":[0,0]}}
,"C:\\Users\\boual\\OneDrive\\Desktop\\PFE-Workspace\\Project_Source\\petroleum-front\\src\\components\\auth\\SignUpForm.tsx": {"path":"C:\\Users\\boual\\OneDrive\\Desktop\\PFE-Workspace\\Project_Source\\petroleum-front\\src\\components\\auth\\SignUpForm.tsx","statementMap":{"0":{"start":{"line":8,"column":0},"end":{"line":8,"column":24}},"1":{"start":{"line":1,"column":0},"end":{"line":1,"column":33}},"2":{"start":{"line":2,"column":0},"end":{"line":2,"column":36}},"3":{"start":{"line":3,"column":0},"end":{"line":3,"column":69}},"4":{"start":{"line":4,"column":0},"end":{"line":4,"column":34}},"5":{"start":{"line":5,"column":0},"end":{"line":5,"column":45}},"6":{"start":{"line":6,"column":0},"end":{"line":6,"column":46}},"7":{"start":{"line":9,"column":42},"end":{"line":9,"column":57}},"8":{"start":{"line":10,"column":36},"end":{"line":10,"column":51}},"9":{"start":{"line":11,"column":2},"end":{"line":189,"column":4}},"10":{"start":{"line":136,"column":37},"end":{"line":136,"column":67}}},"fnMap":{"0":{"name":"SignUpForm","decl":{"start":{"line":8,"column":24},"end":{"line":8,"column":34}},"loc":{"start":{"line":8,"column":34},"end":{"line":190,"column":1}}},"1":{"name":"(anonymous_1)","decl":{"start":{"line":136,"column":31},"end":{"line":136,"column":34}},"loc":{"start":{"line":136,"column":37},"end":{"line":136,"column":67}}}},"branchMap":{"0":{"loc":{"start":{"line":133,"column":28},"end":{"line":133,"column":62}},"type":"cond-expr","locations":[{"start":{"line":133,"column":43},"end":{"line":133,"column":49}},{"start":{"line":133,"column":52},"end":{"line":133,"column":62}}]},"1":{"loc":{"start":{"line":139,"column":23},"end":{"line":142,"column":null}},"type":"cond-expr","locations":[{"start":{"line":140,"column":24},"end":{"line":140,"column":87}},{"start":{"line":142,"column":24},"end":{"line":142,"column":92}}]}},"s":{"0":0,"1":0,"2":0,"3":0,"4":0,"5":0,"6":0,"7":0,"8":0,"9":0,"10":0},"f":{"0":0,"1":0},"b":{"0":[0,0],"1":[0,0]}}
,"C:\\Users\\boual\\OneDrive\\Desktop\\PFE-Workspace\\Project_Source\\petroleum-front\\src\\components\\charts\\bar\\BarChartOne.tsx": {"path":"C:\\Users\\boual\\OneDrive\\Desktop\\PFE-Workspace\\Project_Source\\petroleum-front\\src\\components\\charts\\bar\\BarChartOne.tsx","statementMap":{"0":{"start":{"line":4,"column":0},"end":{"line":4,"column":24}},"1":{"start":{"line":1,"column":0},"end":{"line":1,"column":37}},"2":{"start":{"line":5,"column":31},"end":{"line":83,"column":4}},"3":{"start":{"line":80,"column":36},"end":{"line":80,"column":44}},"4":{"start":{"line":84,"column":17},"end":{"line":89,"column":4}},"5":{"start":{"line":90,"column":2},"end":{"line":96,"column":4}}},"fnMap":{"0":{"name":"BarChartOne","decl":{"start":{"line":4,"column":24},"end":{"line":4,"column":35}},"loc":{"start":{"line":4,"column":35},"end":{"line":97,"column":1}}},"1":{"name":"(anonymous_1)","decl":{"start":{"line":80,"column":19},"end":{"line":80,"column":20}},"loc":{"start":{"line":80,"column":36},"end":{"line":80,"column":44}}}},"branchMap":{},"s":{"0":0,"1":0,"2":0,"3":0,"4":0,"5":0},"f":{"0":0,"1":0},"b":{}}
,"C:\\Users\\boual\\OneDrive\\Desktop\\PFE-Workspace\\Project_Source\\petroleum-front\\src\\components\\charts\\line\\LineChartOne.tsx": {"path":"C:\\Users\\boual\\OneDrive\\Desktop\\PFE-Workspace\\Project_Source\\petroleum-front\\src\\components\\charts\\line\\LineChartOne.tsx","statementMap":{"0":{"start":{"line":4,"column":0},"end":{"line":4,"column":24}},"1":{"start":{"line":1,"column":0},"end":{"line":1,"column":37}},"2":{"start":{"line":5,"column":31},"end":{"line":101,"column":4}},"3":{"start":{"line":103,"column":17},"end":{"line":112,"column":4}},"4":{"start":{"line":113,"column":2},"end":{"line":119,"column":4}}},"fnMap":{"0":{"name":"LineChartOne","decl":{"start":{"line":4,"column":24},"end":{"line":4,"column":36}},"loc":{"start":{"line":4,"column":36},"end":{"line":120,"column":1}}}},"branchMap":{},"s":{"0":0,"1":0,"2":0,"3":0,"4":0},"f":{"0":0},"b":{}}
,"C:\\Users\\boual\\OneDrive\\Desktop\\PFE-Workspace\\Project_Source\\petroleum-front\\src\\components\\common\\ChartTab.tsx": {"path":"C:\\Users\\boual\\OneDrive\\Desktop\\PFE-Workspace\\Project_Source\\petroleum-front\\src\\components\\common\\ChartTab.tsx","statementMap":{"0":{"start":{"line":1,"column":0},"end":{"line":1,"column":33}},"1":{"start":{"line":3,"column":27},"end":{"line":43,"column":1}},"2":{"start":{"line":4,"column":34},"end":{"line":6,"column":16}},"3":{"start":{"line":8,"column":25},"end":{"line":11,"column":42}},"4":{"start":{"line":9,"column":4},"end":{"line":11,"column":42}},"5":{"start":{"line":13,"column":2},"end":{"line":42,"column":4}},"6":{"start":{"line":16,"column":23},"end":{"line":16,"column":47}},"7":{"start":{"line":25,"column":23},"end":{"line":25,"column":47}},"8":{"start":{"line":34,"column":23},"end":{"line":34,"column":49}},"9":{"start":{"line":45,"column":0},"end":{"line":45,"column":24}}},"fnMap":{"0":{"name":"(anonymous_0)","decl":{"start":{"line":3,"column":27},"end":{"line":3,"column":30}},"loc":{"start":{"line":3,"column":32},"end":{"line":43,"column":1}}},"1":{"name":"(anonymous_1)","decl":{"start":{"line":8,"column":25},"end":{"line":8,"column":26}},"loc":{"start":{"line":9,"column":4},"end":{"line":11,"column":42}}},"2":{"name":"(anonymous_2)","decl":{"start":{"line":16,"column":17},"end":{"line":16,"column":20}},"loc":{"start":{"line":16,"column":23},"end":{"line":16,"column":47}}},"3":{"name":"(anonymous_3)","decl":{"start":{"line":25,"column":17},"end":{"line":25,"column":20}},"loc":{"start":{"line":25,"column":23},"end":{"line":25,"column":47}}},"4":{"name":"(anonymous_4)","decl":{"start":{"line":34,"column":17},"end":{"line":34,"column":20}},"loc":{"start":{"line":34,"column":23},"end":{"line":34,"column":49}}}},"branchMap":{"0":{"loc":{"start":{"line":9,"column":4},"end":{"line":11,"column":42}},"type":"cond-expr","locations":[{"start":{"line":10,"column":8},"end":{"line":10,"column":81}},{"start":{"line":11,"column":8},"end":{"line":11,"column":42}}]}},"s":{"0":0,"1":0,"2":0,"3":0,"4":0,"5":0,"6":0,"7":0,"8":0,"9":0},"f":{"0":0,"1":0,"2":0,"3":0,"4":0},"b":{"0":[0,0]}}
,"C:\\Users\\boual\\OneDrive\\Desktop\\PFE-Workspace\\Project_Source\\petroleum-front\\src\\components\\common\\ComponentCard.tsx": {"path":"C:\\Users\\boual\\OneDrive\\Desktop\\PFE-Workspace\\Project_Source\\petroleum-front\\src\\components\\common\\ComponentCard.tsx","statementMap":{"0":{"start":{"line":8,"column":52},"end":{"line":36,"column":1}},"1":{"start":{"line":14,"column":2},"end":{"line":35,"column":4}},"2":{"start":{"line":38,"column":0},"end":{"line":38,"column":29}}},"fnMap":{"0":{"name":"(anonymous_0)","decl":{"start":{"line":8,"column":52},"end":{"line":8,"column":53}},"loc":{"start":{"line":13,"column":5},"end":{"line":36,"column":1}}}},"branchMap":{"0":{"loc":{"start":{"line":11,"column":2},"end":{"line":11,"column":16}},"type":"default-arg","locations":[{"start":{"line":11,"column":14},"end":{"line":11,"column":16}}]},"1":{"loc":{"start":{"line":12,"column":2},"end":{"line":12,"column":11}},"type":"default-arg","locations":[{"start":{"line":12,"column":9},"end":{"line":12,"column":11}}]},"2":{"loc":{"start":{"line":23,"column":9},"end":{"line":26,"column":null}},"type":"binary-expr","locations":[{"start":{"line":23,"column":9},"end":{"line":23,"column":13}},{"start":{"line":24,"column":10},"end":{"line":25,"column":null}}]}},"s":{"0":0,"1":0,"2":0},"f":{"0":0},"b":{"0":[0],"1":[0],"2":[0,0]}}
,"C:\\Users\\boual\\OneDrive\\Desktop\\PFE-Workspace\\Project_Source\\petroleum-front\\src\\components\\common\\GridShape.tsx": {"path":"C:\\Users\\boual\\OneDrive\\Desktop\\PFE-Workspace\\Project_Source\\petroleum-front\\src\\components\\common\\GridShape.tsx","statementMap":{"0":{"start":{"line":1,"column":0},"end":{"line":1,"column":24}},"1":{"start":{"line":2,"column":2},"end":{"line":11,"column":4}}},"fnMap":{"0":{"name":"GridShape","decl":{"start":{"line":1,"column":24},"end":{"line":1,"column":33}},"loc":{"start":{"line":1,"column":33},"end":{"line":12,"column":1}}}},"branchMap":{},"s":{"0":0,"1":0},"f":{"0":0},"b":{}}
,"C:\\Users\\boual\\OneDrive\\Desktop\\PFE-Workspace\\Project_Source\\petroleum-front\\src\\components\\common\\PageBreadCrumb.tsx": {"path":"C:\\Users\\boual\\OneDrive\\Desktop\\PFE-Workspace\\Project_Source\\petroleum-front\\src\\components\\common\\PageBreadCrumb.tsx","statementMap":{"0":{"start":{"line":1,"column":0},"end":{"line":1,"column":36}},"1":{"start":{"line":7,"column":50},"end":{"line":49,"column":1}},"2":{"start":{"line":8,"column":2},"end":{"line":48,"column":4}},"3":{"start":{"line":51,"column":0},"end":{"line":51,"column":30}}},"fnMap":{"0":{"name":"(anonymous_0)","decl":{"start":{"line":7,"column":50},"end":{"line":7,"column":51}},"loc":{"start":{"line":7,"column":68},"end":{"line":49,"column":1}}}},"branchMap":{},"s":{"0":2,"1":2,"2":10,"3":2},"f":{"0":10},"b":{}}
,"C:\\Users\\boual\\OneDrive\\Desktop\\PFE-Workspace\\Project_Source\\petroleum-front\\src\\components\\common\\PageMeta.tsx": {"path":"C:\\Users\\boual\\OneDrive\\Desktop\\PFE-Workspace\\Project_Source\\petroleum-front\\src\\components\\common\\PageMeta.tsx","statementMap":{"0":{"start":{"line":1,"column":0},"end":{"line":1,"column":60}},"1":{"start":{"line":3,"column":17},"end":{"line":13,"column":null}},"2":{"start":{"line":10,"column":2},"end":{"line":12,"column":null}},"3":{"start":{"line":16,"column":26},"end":{"line":17,"column":null}},"4":{"start":{"line":17,"column":2},"end":{"line":17,"column":45}},"5":{"start":{"line":16,"column":13},"end":{"line":16,"column":26}},"6":{"start":{"line":20,"column":0},"end":{"line":20,"column":24}}},"fnMap":{"0":{"name":"(anonymous_0)","decl":{"start":{"line":3,"column":17},"end":{"line":3,"column":18}},"loc":{"start":{"line":10,"column":2},"end":{"line":12,"column":null}}},"1":{"name":"(anonymous_1)","decl":{"start":{"line":16,"column":26},"end":{"line":16,"column":27}},"loc":{"start":{"line":17,"column":2},"end":{"line":17,"column":45}}}},"branchMap":{},"s":{"0":2,"1":2,"2":10,"3":2,"4":0,"5":2,"6":2},"f":{"0":10,"1":0},"b":{}}
,"C:\\Users\\boual\\OneDrive\\Desktop\\PFE-Workspace\\Project_Source\\petroleum-front\\src\\components\\common\\ScrollToTop.tsx": {"path":"C:\\Users\\boual\\OneDrive\\Desktop\\PFE-Workspace\\Project_Source\\petroleum-front\\src\\components\\common\\ScrollToTop.tsx","statementMap":{"0":{"start":{"line":4,"column":0},"end":{"line":4,"column":16}},"1":{"start":{"line":1,"column":0},"end":{"line":1,"column":34}},"2":{"start":{"line":2,"column":0},"end":{"line":2,"column":43}},"3":{"start":{"line":5,"column":23},"end":{"line":5,"column":36}},"4":{"start":{"line":7,"column":2},"end":{"line":13,"column":17}},"5":{"start":{"line":8,"column":4},"end":{"line":12,"column":7}},"6":{"start":{"line":15,"column":2},"end":{"line":15,"column":14}}},"fnMap":{"0":{"name":"ScrollToTop","decl":{"start":{"line":4,"column":16},"end":{"line":4,"column":27}},"loc":{"start":{"line":4,"column":27},"end":{"line":16,"column":1}}},"1":{"name":"(anonymous_1)","decl":{"start":{"line":7,"column":12},"end":{"line":7,"column":15}},"loc":{"start":{"line":7,"column":17},"end":{"line":13,"column":3}}}},"branchMap":{},"s":{"0":0,"1":0,"2":0,"3":0,"4":0,"5":0,"6":0},"f":{"0":0,"1":0},"b":{}}
,"C:\\Users\\boual\\OneDrive\\Desktop\\PFE-Workspace\\Project_Source\\petroleum-front\\src\\components\\common\\ThemeToggleButton.tsx": {"path":"C:\\Users\\boual\\OneDrive\\Desktop\\PFE-Workspace\\Project_Source\\petroleum-front\\src\\components\\common\\ThemeToggleButton.tsx","statementMap":{"0":{"start":{"line":1,"column":0},"end":{"line":1,"column":54}},"1":{"start":{"line":3,"column":43},"end":{"line":41,"column":1}},"2":{"start":{"line":4,"column":26},"end":{"line":4,"column":36}},"3":{"start":{"line":6,"column":2},"end":{"line":40,"column":4}},"4":{"start":{"line":3,"column":13},"end":{"line":3,"column":43}}},"fnMap":{"0":{"name":"(anonymous_0)","decl":{"start":{"line":3,"column":43},"end":{"line":3,"column":46}},"loc":{"start":{"line":3,"column":48},"end":{"line":41,"column":1}}}},"branchMap":{},"s":{"0":1,"1":1,"2":18,"3":18,"4":1},"f":{"0":18},"b":{}}
,"C:\\Users\\boual\\OneDrive\\Desktop\\PFE-Workspace\\Project_Source\\petroleum-front\\src\\components\\common\\ThemeTogglerTwo.tsx": {"path":"C:\\Users\\boual\\OneDrive\\Desktop\\PFE-Workspace\\Project_Source\\petroleum-front\\src\\components\\common\\ThemeTogglerTwo.tsx","statementMap":{"0":{"start":{"line":3,"column":0},"end":{"line":3,"column":24}},"1":{"start":{"line":1,"column":0},"end":{"line":1,"column":54}},"2":{"start":{"line":4,"column":26},"end":{"line":4,"column":36}},"3":{"start":{"line":5,"column":2},"end":{"line":39,"column":4}}},"fnMap":{"0":{"name":"ThemeTogglerTwo","decl":{"start":{"line":3,"column":24},"end":{"line":3,"column":39}},"loc":{"start":{"line":3,"column":39},"end":{"line":40,"column":1}}}},"branchMap":{},"s":{"0":0,"1":0,"2":0,"3":0},"f":{"0":0},"b":{}}
,"C:\\Users\\boual\\OneDrive\\Desktop\\PFE-Workspace\\Project_Source\\petroleum-front\\src\\components\\ecommerce\\CountryMap.tsx": {"path":"C:\\Users\\boual\\OneDrive\\Desktop\\PFE-Workspace\\Project_Source\\petroleum-front\\src\\components\\ecommerce\\CountryMap.tsx","statementMap":{"0":{"start":{"line":2,"column":0},"end":{"line":2,"column":51}},"1":{"start":{"line":3,"column":0},"end":{"line":3,"column":52}},"2":{"start":{"line":10,"column":46},"end":{"line":92,"column":1}},"3":{"start":{"line":11,"column":2},"end":{"line":91,"column":4}},"4":{"start":{"line":94,"column":0},"end":{"line":94,"column":26}}},"fnMap":{"0":{"name":"(anonymous_0)","decl":{"start":{"line":10,"column":46},"end":{"line":10,"column":47}},"loc":{"start":{"line":10,"column":63},"end":{"line":92,"column":1}}}},"branchMap":{"0":{"loc":{"start":{"line":61,"column":16},"end":{"line":61,"column":37}},"type":"binary-expr","locations":[{"start":{"line":61,"column":16},"end":{"line":61,"column":24}},{"start":{"line":61,"column":28},"end":{"line":61,"column":37}}]}},"s":{"0":0,"1":0,"2":0,"3":0,"4":0},"f":{"0":0},"b":{"0":[0,0]}}
,"C:\\Users\\boual\\OneDrive\\Desktop\\PFE-Workspace\\Project_Source\\petroleum-front\\src\\components\\ecommerce\\DemographicCard.tsx": {"path":"C:\\Users\\boual\\OneDrive\\Desktop\\PFE-Workspace\\Project_Source\\petroleum-front\\src\\components\\ecommerce\\DemographicCard.tsx","statementMap":{"0":{"start":{"line":7,"column":0},"end":{"line":7,"column":24}},"1":{"start":{"line":1,"column":0},"end":{"line":1,"column":33}},"2":{"start":{"line":2,"column":0},"end":{"line":2,"column":51}},"3":{"start":{"line":3,"column":0},"end":{"line":3,"column":59}},"4":{"start":{"line":4,"column":0},"end":{"line":4,"column":42}},"5":{"start":{"line":5,"column":0},"end":{"line":5,"column":38}},"6":{"start":{"line":8,"column":30},"end":{"line":8,"column":45}},"7":{"start":{"line":11,"column":4},"end":{"line":11,"column":23}},"8":{"start":{"line":15,"column":4},"end":{"line":15,"column":21}},"9":{"start":{"line":17,"column":2},"end":{"line":113,"column":4}}},"fnMap":{"0":{"name":"DemographicCard","decl":{"start":{"line":7,"column":24},"end":{"line":7,"column":39}},"loc":{"start":{"line":7,"column":39},"end":{"line":114,"column":1}}},"1":{"name":"toggleDropdown","decl":{"start":{"line":10,"column":11},"end":{"line":10,"column":25}},"loc":{"start":{"line":10,"column":25},"end":{"line":12,"column":3}}},"2":{"name":"closeDropdown","decl":{"start":{"line":14,"column":11},"end":{"line":14,"column":24}},"loc":{"start":{"line":14,"column":24},"end":{"line":16,"column":3}}}},"branchMap":{},"s":{"0":0,"1":0,"2":0,"3":0,"4":0,"5":0,"6":0,"7":0,"8":0,"9":0},"f":{"0":0,"1":0,"2":0},"b":{}}
,"C:\\Users\\boual\\OneDrive\\Desktop\\PFE-Workspace\\Project_Source\\petroleum-front\\src\\components\\ecommerce\\EcommerceMetrics.tsx": {"path":"C:\\Users\\boual\\OneDrive\\Desktop\\PFE-Workspace\\Project_Source\\petroleum-front\\src\\components\\ecommerce\\EcommerceMetrics.tsx","statementMap":{"0":{"start":{"line":9,"column":0},"end":{"line":9,"column":24}},"1":{"start":{"line":1,"column":0},"end":{"line":1,"column":null}},"2":{"start":{"line":7,"column":0},"end":{"line":7,"column":38}},"3":{"start":{"line":10,"column":2},"end":{"line":58,"column":4}}},"fnMap":{"0":{"name":"EcommerceMetrics","decl":{"start":{"line":9,"column":24},"end":{"line":9,"column":40}},"loc":{"start":{"line":9,"column":40},"end":{"line":59,"column":1}}}},"branchMap":{},"s":{"0":0,"1":0,"2":0,"3":0},"f":{"0":0},"b":{}}
,"C:\\Users\\boual\\OneDrive\\Desktop\\PFE-Workspace\\Project_Source\\petroleum-front\\src\\components\\ecommerce\\MonthlySalesChart.tsx": {"path":"C:\\Users\\boual\\OneDrive\\Desktop\\PFE-Workspace\\Project_Source\\petroleum-front\\src\\components\\ecommerce\\MonthlySalesChart.tsx","statementMap":{"0":{"start":{"line":8,"column":0},"end":{"line":8,"column":24}},"1":{"start":{"line":1,"column":0},"end":{"line":1,"column":37}},"2":{"start":{"line":3,"column":0},"end":{"line":3,"column":51}},"3":{"start":{"line":4,"column":0},"end":{"line":4,"column":59}},"4":{"start":{"line":5,"column":0},"end":{"line":5,"column":42}},"5":{"start":{"line":6,"column":0},"end":{"line":6,"column":33}},"6":{"start":{"line":9,"column":31},"end":{"line":87,"column":4}},"7":{"start":{"line":84,"column":36},"end":{"line":84,"column":44}},"8":{"start":{"line":88,"column":17},"end":{"line":93,"column":4}},"9":{"start":{"line":94,"column":30},"end":{"line":94,"column":45}},"10":{"start":{"line":97,"column":4},"end":{"line":97,"column":23}},"11":{"start":{"line":101,"column":4},"end":{"line":101,"column":21}},"12":{"start":{"line":103,"column":2},"end":{"line":140,"column":4}}},"fnMap":{"0":{"name":"MonthlySalesChart","decl":{"start":{"line":8,"column":24},"end":{"line":8,"column":41}},"loc":{"start":{"line":8,"column":41},"end":{"line":141,"column":1}}},"1":{"name":"(anonymous_1)","decl":{"start":{"line":84,"column":19},"end":{"line":84,"column":20}},"loc":{"start":{"line":84,"column":36},"end":{"line":84,"column":44}}},"2":{"name":"toggleDropdown","decl":{"start":{"line":96,"column":11},"end":{"line":96,"column":25}},"loc":{"start":{"line":96,"column":25},"end":{"line":98,"column":3}}},"3":{"name":"closeDropdown","decl":{"start":{"line":100,"column":11},"end":{"line":100,"column":24}},"loc":{"start":{"line":100,"column":24},"end":{"line":102,"column":3}}}},"branchMap":{},"s":{"0":0,"1":0,"2":0,"3":0,"4":0,"5":0,"6":0,"7":0,"8":0,"9":0,"10":0,"11":0,"12":0},"f":{"0":0,"1":0,"2":0,"3":0},"b":{}}
,"C:\\Users\\boual\\OneDrive\\Desktop\\PFE-Workspace\\Project_Source\\petroleum-front\\src\\components\\ecommerce\\MonthlyTarget.tsx": {"path":"C:\\Users\\boual\\OneDrive\\Desktop\\PFE-Workspace\\Project_Source\\petroleum-front\\src\\components\\ecommerce\\MonthlyTarget.tsx","statementMap":{"0":{"start":{"line":8,"column":0},"end":{"line":8,"column":24}},"1":{"start":{"line":1,"column":0},"end":{"line":1,"column":37}},"2":{"start":{"line":3,"column":0},"end":{"line":3,"column":33}},"3":{"start":{"line":4,"column":0},"end":{"line":4,"column":51}},"4":{"start":{"line":5,"column":0},"end":{"line":5,"column":59}},"5":{"start":{"line":6,"column":0},"end":{"line":6,"column":42}},"6":{"start":{"line":9,"column":17},"end":{"line":9,"column":24}},"7":{"start":{"line":10,"column":31},"end":{"line":56,"column":4}},"8":{"start":{"line":42,"column":14},"end":{"line":42,"column":31}},"9":{"start":{"line":57,"column":30},"end":{"line":57,"column":45}},"10":{"start":{"line":60,"column":4},"end":{"line":60,"column":23}},"11":{"start":{"line":64,"column":4},"end":{"line":64,"column":21}},"12":{"start":{"line":66,"column":2},"end":{"line":197,"column":4}}},"fnMap":{"0":{"name":"MonthlyTarget","decl":{"start":{"line":8,"column":24},"end":{"line":8,"column":37}},"loc":{"start":{"line":8,"column":37},"end":{"line":198,"column":1}}},"1":{"name":"(anonymous_1)","decl":{"start":{"line":41,"column":23},"end":{"line":41,"column":33}},"loc":{"start":{"line":41,"column":36},"end":{"line":43,"column":13}}},"2":{"name":"toggleDropdown","decl":{"start":{"line":59,"column":11},"end":{"line":59,"column":25}},"loc":{"start":{"line":59,"column":25},"end":{"line":61,"column":3}}},"3":{"name":"closeDropdown","decl":{"start":{"line":63,"column":11},"end":{"line":63,"column":24}},"loc":{"start":{"line":63,"column":24},"end":{"line":65,"column":3}}}},"branchMap":{},"s":{"0":0,"1":0,"2":0,"3":0,"4":0,"5":0,"6":0,"7":0,"8":0,"9":0,"10":0,"11":0,"12":0},"f":{"0":0,"1":0,"2":0,"3":0},"b":{}}
,"C:\\Users\\boual\\OneDrive\\Desktop\\PFE-Workspace\\Project_Source\\petroleum-front\\src\\components\\ecommerce\\RecentOrders.tsx": {"path":"C:\\Users\\boual\\OneDrive\\Desktop\\PFE-Workspace\\Project_Source\\petroleum-front\\src\\components\\ecommerce\\RecentOrders.tsx","statementMap":{"0":{"start":{"line":71,"column":0},"end":{"line":71,"column":24}},"1":{"start":{"line":1,"column":0},"end":{"line":1,"column":null}},"2":{"start":{"line":8,"column":0},"end":{"line":8,"column":38}},"3":{"start":{"line":23,"column":29},"end":{"line":69,"column":2}},"4":{"start":{"line":72,"column":2},"end":{"line":207,"column":4}},"5":{"start":{"line":161,"column":14},"end":{"line":161,"column":41}}},"fnMap":{"0":{"name":"RecentOrders","decl":{"start":{"line":71,"column":24},"end":{"line":71,"column":36}},"loc":{"start":{"line":71,"column":36},"end":{"line":208,"column":1}}},"1":{"name":"(anonymous_1)","decl":{"start":{"line":160,"column":27},"end":{"line":160,"column":28}},"loc":{"start":{"line":161,"column":14},"end":{"line":161,"column":41}}}},"branchMap":{"0":{"loc":{"start":{"line":191,"column":22},"end":{"line":195,"column":33}},"type":"cond-expr","locations":[{"start":{"line":192,"column":26},"end":{"line":192,"column":35}},{"start":{"line":193,"column":26},"end":{"line":195,"column":33}}]},"1":{"loc":{"start":{"line":193,"column":26},"end":{"line":195,"column":33}},"type":"cond-expr","locations":[{"start":{"line":194,"column":26},"end":{"line":194,"column":35}},{"start":{"line":195,"column":26},"end":{"line":195,"column":33}}]}},"s":{"0":0,"1":0,"2":0,"3":0,"4":0,"5":0},"f":{"0":0,"1":0},"b":{"0":[0,0],"1":[0,0]}}
,"C:\\Users\\boual\\OneDrive\\Desktop\\PFE-Workspace\\Project_Source\\petroleum-front\\src\\components\\ecommerce\\StatisticsChart.tsx": {"path":"C:\\Users\\boual\\OneDrive\\Desktop\\PFE-Workspace\\Project_Source\\petroleum-front\\src\\components\\ecommerce\\StatisticsChart.tsx","statementMap":{"0":{"start":{"line":5,"column":0},"end":{"line":5,"column":24}},"1":{"start":{"line":1,"column":0},"end":{"line":1,"column":37}},"2":{"start":{"line":3,"column":0},"end":{"line":3,"column":42}},"3":{"start":{"line":6,"column":31},"end":{"line":102,"column":4}},"4":{"start":{"line":104,"column":17},"end":{"line":113,"column":4}},"5":{"start":{"line":114,"column":2},"end":{"line":136,"column":4}}},"fnMap":{"0":{"name":"StatisticsChart","decl":{"start":{"line":5,"column":24},"end":{"line":5,"column":39}},"loc":{"start":{"line":5,"column":39},"end":{"line":137,"column":1}}}},"branchMap":{},"s":{"0":0,"1":0,"2":0,"3":0,"4":0,"5":0},"f":{"0":0},"b":{}}
,"C:\\Users\\boual\\OneDrive\\Desktop\\PFE-Workspace\\Project_Source\\petroleum-front\\src\\components\\form\\Form.tsx": {"path":"C:\\Users\\boual\\OneDrive\\Desktop\\PFE-Workspace\\Project_Source\\petroleum-front\\src\\components\\form\\Form.tsx","statementMap":{"0":{"start":{"line":9,"column":28},"end":{"line":21,"column":1}},"1":{"start":{"line":10,"column":2},"end":{"line":20,"column":4}},"2":{"start":{"line":13,"column":8},"end":{"line":13,"column":31}},"3":{"start":{"line":14,"column":8},"end":{"line":14,"column":24}},"4":{"start":{"line":23,"column":0},"end":{"line":23,"column":20}}},"fnMap":{"0":{"name":"(anonymous_0)","decl":{"start":{"line":9,"column":28},"end":{"line":9,"column":29}},"loc":{"start":{"line":9,"column":66},"end":{"line":21,"column":1}}},"1":{"name":"(anonymous_1)","decl":{"start":{"line":12,"column":16},"end":{"line":12,"column":17}},"loc":{"start":{"line":12,"column":26},"end":{"line":15,"column":7}}}},"branchMap":{},"s":{"0":1,"1":1,"2":0,"3":0,"4":1},"f":{"0":1,"1":0},"b":{}}
,"C:\\Users\\boual\\OneDrive\\Desktop\\PFE-Workspace\\Project_Source\\petroleum-front\\src\\components\\form\\Label.tsx": {"path":"C:\\Users\\boual\\OneDrive\\Desktop\\PFE-Workspace\\Project_Source\\petroleum-front\\src\\components\\form\\Label.tsx","statementMap":{"0":{"start":{"line":2,"column":0},"end":{"line":2,"column":41}},"1":{"start":{"line":10,"column":30},"end":{"line":25,"column":1}},"2":{"start":{"line":11,"column":2},"end":{"line":24,"column":4}},"3":{"start":{"line":27,"column":0},"end":{"line":27,"column":21}}},"fnMap":{"0":{"name":"(anonymous_0)","decl":{"start":{"line":10,"column":30},"end":{"line":10,"column":31}},"loc":{"start":{"line":10,"column":67},"end":{"line":25,"column":1}}}},"branchMap":{},"s":{"0":1,"1":1,"2":2,"3":1},"f":{"0":2},"b":{}}
,"C:\\Users\\boual\\OneDrive\\Desktop\\PFE-Workspace\\Project_Source\\petroleum-front\\src\\components\\form\\MultiSelect.tsx": {"path":"C:\\Users\\boual\\OneDrive\\Desktop\\PFE-Workspace\\Project_Source\\petroleum-front\\src\\components\\form\\MultiSelect.tsx","statementMap":{"0":{"start":{"line":2,"column":0},"end":{"line":2,"column":33}},"1":{"start":{"line":17,"column":48},"end":{"line":163,"column":1}},"2":{"start":{"line":25,"column":4},"end":{"line":25,"column":39}},"3":{"start":{"line":26,"column":30},"end":{"line":26,"column":45}},"4":{"start":{"line":28,"column":25},"end":{"line":30,"column":3}},"5":{"start":{"line":29,"column":4},"end":{"line":29,"column":46}},"6":{"start":{"line":29,"column":19},"end":{"line":29,"column":46}},"7":{"start":{"line":29,"column":39},"end":{"line":29,"column":44}},"8":{"start":{"line":32,"column":23},"end":{"line":39,"column":3}},"9":{"start":{"line":33,"column":31},"end":{"line":35,"column":41}},"10":{"start":{"line":34,"column":42},"end":{"line":34,"column":63}},"11":{"start":{"line":37,"column":4},"end":{"line":37,"column":43}},"12":{"start":{"line":38,"column":4},"end":{"line":38,"column":35}},"13":{"start":{"line":41,"column":23},"end":{"line":45,"column":3}},"14":{"start":{"line":42,"column":31},"end":{"line":42,"column":77}},"15":{"start":{"line":42,"column":63},"end":{"line":42,"column":76}},"16":{"start":{"line":43,"column":4},"end":{"line":43,"column":43}},"17":{"start":{"line":44,"column":4},"end":{"line":44,"column":35}},"18":{"start":{"line":47,"column":29},"end":{"line":48,"column":null}},"19":{"start":{"line":48,"column":15},"end":{"line":48,"column":75}},"20":{"start":{"line":48,"column":40},"end":{"line":48,"column":62}},"21":{"start":{"line":51,"column":2},"end":{"line":162,"column":4}},"22":{"start":{"line":64,"column":20},"end":{"line":65,"column":null}},"23":{"start":{"line":72,"column":28},"end":{"line":72,"column":48}},"24":{"start":{"line":73,"column":28},"end":{"line":73,"column":65}},"25":{"start":{"line":134,"column":30},"end":{"line":134,"column":49}},"26":{"start":{"line":138,"column":18},"end":{"line":139,"column":null}},"27":{"start":{"line":141,"column":35},"end":{"line":141,"column":61}},"28":{"start":{"line":165,"column":0},"end":{"line":165,"column":27}}},"fnMap":{"0":{"name":"(anonymous_0)","decl":{"start":{"line":17,"column":48},"end":{"line":17,"column":49}},"loc":{"start":{"line":23,"column":5},"end":{"line":163,"column":1}}},"1":{"name":"(anonymous_1)","decl":{"start":{"line":28,"column":25},"end":{"line":28,"column":28}},"loc":{"start":{"line":28,"column":30},"end":{"line":30,"column":3}}},"2":{"name":"(anonymous_2)","decl":{"start":{"line":29,"column":29},"end":{"line":29,"column":30}},"loc":{"start":{"line":29,"column":39},"end":{"line":29,"column":44}}},"3":{"name":"(anonymous_3)","decl":{"start":{"line":32,"column":23},"end":{"line":32,"column":24}},"loc":{"start":{"line":32,"column":47},"end":{"line":39,"column":3}}},"4":{"name":"(anonymous_4)","decl":{"start":{"line":34,"column":31},"end":{"line":34,"column":32}},"loc":{"start":{"line":34,"column":42},"end":{"line":34,"column":63}}},"5":{"name":"(anonymous_5)","decl":{"start":{"line":41,"column":23},"end":{"line":41,"column":24}},"loc":{"start":{"line":41,"column":41},"end":{"line":45,"column":3}}},"6":{"name":"(anonymous_6)","decl":{"start":{"line":42,"column":54},"end":{"line":42,"column":55}},"loc":{"start":{"line":42,"column":63},"end":{"line":42,"column":76}}},"7":{"name":"(anonymous_7)","decl":{"start":{"line":48,"column":4},"end":{"line":48,"column":5}},"loc":{"start":{"line":48,"column":15},"end":{"line":48,"column":75}}},"8":{"name":"(anonymous_8)","decl":{"start":{"line":48,"column":28},"end":{"line":48,"column":29}},"loc":{"start":{"line":48,"column":40},"end":{"line":48,"column":62}}},"9":{"name":"(anonymous_9)","decl":{"start":{"line":63,"column":41},"end":{"line":63,"column":42}},"loc":{"start":{"line":64,"column":20},"end":{"line":65,"column":null}}},"10":{"name":"(anonymous_10)","decl":{"start":{"line":71,"column":35},"end":{"line":71,"column":36}},"loc":{"start":{"line":71,"column":41},"end":{"line":74,"column":27}}},"11":{"name":"(anonymous_11)","decl":{"start":{"line":134,"column":23},"end":{"line":134,"column":24}},"loc":{"start":{"line":134,"column":30},"end":{"line":134,"column":49}}},"12":{"name":"(anonymous_12)","decl":{"start":{"line":137,"column":29},"end":{"line":137,"column":30}},"loc":{"start":{"line":138,"column":18},"end":{"line":139,"column":null}}},"13":{"name":"(anonymous_13)","decl":{"start":{"line":141,"column":29},"end":{"line":141,"column":32}},"loc":{"start":{"line":141,"column":35},"end":{"line":141,"column":61}}}},"branchMap":{"0":{"loc":{"start":{"line":20,"column":2},"end":{"line":20,"column":22}},"type":"default-arg","locations":[{"start":{"line":20,"column":20},"end":{"line":20,"column":22}}]},"1":{"loc":{"start":{"line":22,"column":2},"end":{"line":22,"column":18}},"type":"default-arg","locations":[{"start":{"line":22,"column":13},"end":{"line":22,"column":18}}]},"2":{"loc":{"start":{"line":29,"column":4},"end":{"line":29,"column":46}},"type":"if","locations":[{"start":{"line":29,"column":4},"end":{"line":29,"column":46}}]},"3":{"loc":{"start":{"line":33,"column":31},"end":{"line":35,"column":41}},"type":"cond-expr","locations":[{"start":{"line":34,"column":8},"end":{"line":34,"column":64}},{"start":{"line":35,"column":8},"end":{"line":35,"column":41}}]},"4":{"loc":{"start":{"line":48,"column":15},"end":{"line":48,"column":75}},"type":"binary-expr","locations":[{"start":{"line":48,"column":15},"end":{"line":48,"column":69}},{"start":{"line":48,"column":73},"end":{"line":48,"column":75}}]},"5":{"loc":{"start":{"line":62,"column":17},"end":{"line":101,"column":null}},"type":"cond-expr","locations":[{"start":{"line":63,"column":18},"end":{"line":94,"column":20}},{"start":{"line":96,"column":18},"end":{"line":100,"column":null}}]},"6":{"loc":{"start":{"line":111,"column":49},"end":{"line":111,"column":75}},"type":"cond-expr","locations":[{"start":{"line":111,"column":58},"end":{"line":111,"column":70}},{"start":{"line":111,"column":73},"end":{"line":111,"column":75}}]},"7":{"loc":{"start":{"line":131,"column":11},"end":{"line":157,"column":null}},"type":"binary-expr","locations":[{"start":{"line":131,"column":11},"end":{"line":131,"column":17}},{"start":{"line":132,"column":12},"end":{"line":156,"column":null}}]},"8":{"loc":{"start":{"line":145,"column":24},"end":{"line":147,"column":null}},"type":"cond-expr","locations":[{"start":{"line":146,"column":28},"end":{"line":146,"column":43}},{"start":{"line":147,"column":28},"end":{"line":147,"column":null}}]}},"s":{"0":0,"1":0,"2":0,"3":0,"4":0,"5":0,"6":0,"7":0,"8":0,"9":0,"10":0,"11":0,"12":0,"13":0,"14":0,"15":0,"16":0,"17":0,"18":0,"19":0,"20":0,"21":0,"22":0,"23":0,"24":0,"25":0,"26":0,"27":0,"28":0},"f":{"0":0,"1":0,"2":0,"3":0,"4":0,"5":0,"6":0,"7":0,"8":0,"9":0,"10":0,"11":0,"12":0,"13":0},"b":{"0":[0],"1":[0],"2":[0],"3":[0,0],"4":[0,0],"5":[0,0],"6":[0,0],"7":[0,0],"8":[0,0]}}
,"C:\\Users\\boual\\OneDrive\\Desktop\\PFE-Workspace\\Project_Source\\petroleum-front\\src\\components\\form\\Select.tsx": {"path":"C:\\Users\\boual\\OneDrive\\Desktop\\PFE-Workspace\\Project_Source\\petroleum-front\\src\\components\\form\\Select.tsx","statementMap":{"0":{"start":{"line":1,"column":0},"end":{"line":1,"column":33}},"1":{"start":{"line":16,"column":38},"end":{"line":62,"column":1}},"2":{"start":{"line":24,"column":44},"end":{"line":24,"column":74}},"3":{"start":{"line":26,"column":23},"end":{"line":30,"column":3}},"4":{"start":{"line":27,"column":18},"end":{"line":27,"column":32}},"5":{"start":{"line":28,"column":4},"end":{"line":28,"column":28}},"6":{"start":{"line":29,"column":4},"end":{"line":29,"column":20}},"7":{"start":{"line":32,"column":2},"end":{"line":61,"column":4}},"8":{"start":{"line":52,"column":8},"end":{"line":53,"column":null}},"9":{"start":{"line":64,"column":0},"end":{"line":64,"column":22}}},"fnMap":{"0":{"name":"(anonymous_0)","decl":{"start":{"line":16,"column":38},"end":{"line":16,"column":39}},"loc":{"start":{"line":22,"column":5},"end":{"line":62,"column":1}}},"1":{"name":"(anonymous_1)","decl":{"start":{"line":26,"column":23},"end":{"line":26,"column":24}},"loc":{"start":{"line":26,"column":67},"end":{"line":30,"column":3}}},"2":{"name":"(anonymous_2)","decl":{"start":{"line":51,"column":19},"end":{"line":51,"column":20}},"loc":{"start":{"line":52,"column":8},"end":{"line":53,"column":null}}}},"branchMap":{"0":{"loc":{"start":{"line":18,"column":2},"end":{"line":18,"column":34}},"type":"default-arg","locations":[{"start":{"line":18,"column":16},"end":{"line":18,"column":34}}]},"1":{"loc":{"start":{"line":20,"column":2},"end":{"line":20,"column":16}},"type":"default-arg","locations":[{"start":{"line":20,"column":14},"end":{"line":20,"column":16}}]},"2":{"loc":{"start":{"line":21,"column":2},"end":{"line":21,"column":19}},"type":"default-arg","locations":[{"start":{"line":21,"column":17},"end":{"line":21,"column":19}}]},"3":{"loc":{"start":{"line":35,"column":8},"end":{"line":37,"column":null}},"type":"cond-expr","locations":[{"start":{"line":36,"column":12},"end":{"line":36,"column":46}},{"start":{"line":37,"column":12},"end":{"line":37,"column":null}}]}},"s":{"0":0,"1":0,"2":0,"3":0,"4":0,"5":0,"6":0,"7":0,"8":0,"9":0},"f":{"0":0,"1":0,"2":0},"b":{"0":[0],"1":[0],"2":[0],"3":[0,0]}}
,"C:\\Users\\boual\\OneDrive\\Desktop\\PFE-Workspace\\Project_Source\\petroleum-front\\src\\components\\form\\form-elements\\CheckboxComponents.tsx": {"path":"C:\\Users\\boual\\OneDrive\\Desktop\\PFE-Workspace\\Project_Source\\petroleum-front\\src\\components\\form\\form-elements\\CheckboxComponents.tsx","statementMap":{"0":{"start":{"line":5,"column":0},"end":{"line":5,"column":24}},"1":{"start":{"line":1,"column":0},"end":{"line":1,"column":33}},"2":{"start":{"line":2,"column":0},"end":{"line":2,"column":55}},"3":{"start":{"line":3,"column":0},"end":{"line":3,"column":41}},"4":{"start":{"line":6,"column":36},"end":{"line":6,"column":51}},"5":{"start":{"line":7,"column":42},"end":{"line":7,"column":56}},"6":{"start":{"line":8,"column":52},"end":{"line":8,"column":67}},"7":{"start":{"line":9,"column":2},"end":{"line":35,"column":4}}},"fnMap":{"0":{"name":"CheckboxComponents","decl":{"start":{"line":5,"column":24},"end":{"line":5,"column":42}},"loc":{"start":{"line":5,"column":42},"end":{"line":36,"column":1}}}},"branchMap":{},"s":{"0":0,"1":0,"2":0,"3":0,"4":0,"5":0,"6":0,"7":0},"f":{"0":0},"b":{}}
[...]
,"C:\\Users\\boual\\OneDrive\\Desktop\\PFE-Workspace\\Project_Source\\petroleum-front\\src\\store\\slices\\userSlice.ts": {"path":"C:\\Users\\boual\\OneDrive\\Desktop\\PFE-Workspace\\Project_Source\\petroleum-front\\src\\store\\slices\\userSlice.ts","statementMap":{"0":{"start":{"line":1,"column":0},"end":{"line":1,"column":65}},"1":{"start":{"line":2,"column":0},"end":{"line":2,"column":38}},"2":{"start":{"line":28,"column":32},"end":{"line":34,"column":2}},"3":{"start":{"line":37,"column":13},"end":{"line":50,"column":2}},"4":{"start":{"line":40,"column":8},"end":{"line":48,"column":9}},"5":{"start":{"line":41,"column":26},"end":{"line":41,"column":55}},"6":{"start":{"line":42,"column":29},"end":{"line":44,"column":14}},"7":{"start":{"line":45,"column":12},"end":{"line":45,"column":33}},"8":{"start":{"line":47,"column":12},"end":{"line":47,"column":91}},"9":{"start":{"line":53,"column":13},"end":{"line":66,"column":2}},"10":{"start":{"line":56,"column":8},"end":{"line":64,"column":9}},"11":{"start":{"line":57,"column":26},"end":{"line":57,"column":55}},"12":{"start":{"line":58,"column":29},"end":{"line":60,"column":14}},"13":{"start":{"line":61,"column":12},"end":{"line":61,"column":33}},"14":{"start":{"line":63,"column":12},"end":{"line":63,"column":91}},"15":{"start":{"line":69,"column":13},"end":{"line":82,"column":2}},"16":{"start":{"line":72,"column":8},"end":{"line":80,"column":9}},"17":{"start":{"line":73,"column":26},"end":{"line":73,"column":55}},"18":{"start":{"line":74,"column":12},"end":{"line":76,"column":15}},"19":{"start":{"line":77,"column":12},"end":{"line":77,"column":26}},"20":{"start":{"line":79,"column":12},"end":{"line":79,"column":91}},"21":{"start":{"line":85,"column":13},"end":{"line":98,"column":2}},"22":{"start":{"line":88,"column":8},"end":{"line":96,"column":9}},"23":{"start":{"line":89,"column":26},"end":{"line":89,"column":55}},"24":{"start":{"line":90,"column":29},"end":{"line":92,"column":14}},"25":{"start":{"line":93,"column":12},"end":{"line":93,"column":33}},"26":{"start":{"line":95,"column":12},"end":{"line":95,"column":91}},"27":{"start":{"line":101,"column":13},"end":{"line":107,"column":2}},"28":{"start":{"line":104,"column":25},"end":{"line":104,"column":109}},"29":{"start":{"line":105,"column":8},"end":{"line":105,"column":29}},"30":{"start":{"line":110,"column":13},"end":{"line":135,"column":2}},"31":{"start":{"line":113,"column":8},"end":{"line":133,"column":9}},"32":{"start":{"line":115,"column":32},"end":{"line":115,"column":41}},"33":{"start":{"line":117,"column":12},"end":{"line":117,"column":65}},"34":{"start":{"line":119,"column":29},"end":{"line":123,"column":14}},"35":{"start":{"line":125,"column":12},"end":{"line":125,"column":33}},"36":{"start":{"line":127,"column":12},"end":{"line":127,"column":73}},"37":{"start":{"line":128,"column":12},"end":{"line":132,"column":14}},"38":{"start":{"line":138,"column":13},"end":{"line":163,"column":2}},"39":{"start":{"line":141,"column":8},"end":{"line":161,"column":9}},"40":{"start":{"line":142,"column":26},"end":{"line":142,"column":55}},"41":{"start":{"line":143,"column":12},"end":{"line":143,"column":77}},"42":{"start":{"line":145,"column":29},"end":{"line":150,"column":14}},"43":{"start":{"line":152,"column":12},"end":{"line":152,"column":59}},"44":{"start":{"line":153,"column":12},"end":{"line":153,"column":33}},"45":{"start":{"line":155,"column":12},"end":{"line":155,"column":73}},"46":{"start":{"line":156,"column":12},"end":{"line":160,"column":14}},"47":{"start":{"line":165,"column":18},"end":{"line":257,"column":2}},"48":{"start":{"line":170,"column":12},"end":{"line":170,"column":31}},"49":{"start":{"line":171,"column":12},"end":{"line":171,"column":33}},"50":{"start":{"line":175,"column":8},"end":{"line":255,"column":15}},"51":{"start":{"line":178,"column":16},"end":{"line":178,"column":37}},"52":{"start":{"line":179,"column":16},"end":{"line":179,"column":35}},"53":{"start":{"line":182,"column":16},"end":{"line":182,"column":38}},"54":{"start":{"line":183,"column":16},"end":{"line":183,"column":63}},"55":{"start":{"line":184,"column":16},"end":{"line":184,"column":35}},"56":{"start":{"line":187,"column":16},"end":{"line":187,"column":38}},"57":{"start":{"line":188,"column":16},"end":{"line":188,"column":55}},"58":{"start":{"line":192,"column":16},"end":{"line":192,"column":37}},"59":{"start":{"line":193,"column":16},"end":{"line":193,"column":35}},"60":{"start":{"line":196,"column":16},"end":{"line":196,"column":38}},"61":{"start":{"line":197,"column":16},"end":{"line":197,"column":45}},"62":{"start":{"line":198,"column":16},"end":{"line":198,"column":35}},"63":{"start":{"line":201,"column":16},"end":{"line":201,"column":38}},"64":{"start":{"line":202,"column":16},"end":{"line":202,"column":55}},"65":{"start":{"line":206,"column":16},"end":{"line":206,"column":86}},"66":{"start":{"line":206,"column":57},"end":{"line":206,"column":84}},"67":{"start":{"line":207,"column":16},"end":{"line":207,"column":67}},"68":{"start":{"line":210,"column":16},"end":{"line":210,"column":55}},"69":{"start":{"line":214,"column":16},"end":{"line":214,"column":69}},"70":{"start":{"line":217,"column":16},"end":{"line":217,"column":55}},"71":{"start":{"line":228,"column":16},"end":{"line":228,"column":37}},"72":{"start":{"line":229,"column":16},"end":{"line":229,"column":35}},"73":{"start":{"line":232,"column":16},"end":{"line":232,"column":38}},"74":{"start":{"line":233,"column":16},"end":{"line":233,"column":51}},"75":{"start":{"line":234,"column":16},"end":{"line":234,"column":35}},"76":{"start":{"line":237,"column":16},"end":{"line":237,"column":38}},"77":{"start":{"line":238,"column":16},"end":{"line":238,"column":55}},"78":{"start":{"line":242,"column":16},"end":{"line":242,"column":37}},"79":{"start":{"line":243,"column":16},"end":{"line":243,"column":35}},"80":{"start":{"line":246,"column":16},"end":{"line":246,"column":38}},"81":{"start":{"line":247,"column":16},"end":{"line":247,"column":63}},"82":{"start":{"line":248,"column":16},"end":{"line":250,"column":17}},"83":{"start":{"line":249,"column":20},"end":{"line":249,"column":60}},"84":{"start":{"line":253,"column":16},"end":{"line":253,"column":38}},"85":{"start":{"line":254,"column":16},"end":{"line":254,"column":55}},"86":{"start":{"line":259,"column":15},"end":{"line":259,"column":51}},"87":{"start":{"line":260,"column":0},"end":{"line":260,"column":33}}},"fnMap":{"0":{"name":"(anonymous_0)","decl":{"start":{"line":39,"column":4},"end":{"line":39,"column":9}},"loc":{"start":{"line":39,"column":59},"end":{"line":49,"column":5}}},"1":{"name":"(anonymous_1)","decl":{"start":{"line":55,"column":4},"end":{"line":55,"column":9}},"loc":{"start":{"line":55,"column":37},"end":{"line":65,"column":5}}},"2":{"name":"(anonymous_2)","decl":{"start":{"line":71,"column":4},"end":{"line":71,"column":9}},"loc":{"start":{"line":71,"column":50},"end":{"line":81,"column":5}}},"3":{"name":"(anonymous_3)","decl":{"start":{"line":87,"column":4},"end":{"line":87,"column":9}},"loc":{"start":{"line":87,"column":101},"end":{"line":97,"column":5}}},"4":{"name":"(anonymous_4)","decl":{"start":{"line":103,"column":4},"end":{"line":103,"column":9}},"loc":{"start":{"line":103,"column":77},"end":{"line":106,"column":5}}},"5":{"name":"(anonymous_5)","decl":{"start":{"line":112,"column":4},"end":{"line":112,"column":9}},"loc":{"start":{"line":112,"column":46},"end":{"line":134,"column":5}}},"6":{"name":"(anonymous_6)","decl":{"start":{"line":140,"column":4},"end":{"line":140,"column":9}},"loc":{"start":{"line":140,"column":101},"end":{"line":162,"column":5}}},"7":{"name":"(anonymous_7)","decl":{"start":{"line":169,"column":23},"end":{"line":169,"column":24}},"loc":{"start":{"line":169,"column":33},"end":{"line":172,"column":9}}},"8":{"name":"(anonymous_8)","decl":{"start":{"line":174,"column":19},"end":{"line":174,"column":20}},"loc":{"start":{"line":174,"column":31},"end":{"line":256,"column":5}}},"9":{"name":"(anonymous_9)","decl":{"start":{"line":177,"column":41},"end":{"line":177,"column":42}},"loc":{"start":{"line":177,"column":51},"end":{"line":180,"column":13}}},"10":{"name":"(anonymous_10)","decl":{"start":{"line":181,"column":43},"end":{"line":181,"column":44}},"loc":{"start":{"line":181,"column":61},"end":{"line":185,"column":13}}},"11":{"name":"(anonymous_11)","decl":{"start":{"line":186,"column":42},"end":{"line":186,"column":43}},"loc":{"start":{"line":186,"column":60},"end":{"line":189,"column":13}}},"12":{"name":"(anonymous_12)","decl":{"start":{"line":191,"column":41},"end":{"line":191,"column":42}},"loc":{"start":{"line":191,"column":51},"end":{"line":194,"column":13}}},"13":{"name":"(anonymous_13)","decl":{"start":{"line":195,"column":43},"end":{"line":195,"column":44}},"loc":{"start":{"line":195,"column":61},"end":{"line":199,"column":13}}},"14":{"name":"(anonymous_14)","decl":{"start":{"line":200,"column":42},"end":{"line":200,"column":43}},"loc":{"start":{"line":200,"column":60},"end":{"line":203,"column":13}}},"15":{"name":"(anonymous_15)","decl":{"start":{"line":205,"column":43},"end":{"line":205,"column":44}},"loc":{"start":{"line":205,"column":61},"end":{"line":208,"column":13}}},"16":{"name":"(anonymous_16)","decl":{"start":{"line":206,"column":49},"end":{"line":206,"column":53}},"loc":{"start":{"line":206,"column":57},"end":{"line":206,"column":84}}},"17":{"name":"(anonymous_17)","decl":{"start":{"line":209,"column":42},"end":{"line":209,"column":43}},"loc":{"start":{"line":209,"column":60},"end":{"line":211,"column":13}}},"18":{"name":"(anonymous_18)","decl":{"start":{"line":213,"column":43},"end":{"line":213,"column":44}},"loc":{"start":{"line":213,"column":53},"end":{"line":215,"column":13}}},"19":{"name":"(anonymous_19)","decl":{"start":{"line":216,"column":42},"end":{"line":216,"column":43}},"loc":{"start":{"line":216,"column":60},"end":{"line":218,"column":13}}},"20":{"name":"(anonymous_20)","decl":{"start":{"line":220,"column":48},"end":{"line":220,"column":49}},"loc":{"start":{"line":220,"column":66},"end":{"line":222,"column":13}}},"21":{"name":"(anonymous_21)","decl":{"start":{"line":223,"column":47},"end":{"line":223,"column":48}},"loc":{"start":{"line":223,"column":65},"end":{"line":225,"column":13}}},"22":{"name":"(anonymous_22)","decl":{"start":{"line":227,"column":42},"end":{"line":227,"column":43}},"loc":{"start":{"line":227,"column":52},"end":{"line":230,"column":13}}},"23":{"name":"(anonymous_23)","decl":{"start":{"line":231,"column":44},"end":{"line":231,"column":45}},"loc":{"start":{"line":231,"column":62},"end":{"line":235,"column":13}}},"24":{"name":"(anonymous_24)","decl":{"start":{"line":236,"column":43},"end":{"line":236,"column":44}},"loc":{"start":{"line":236,"column":61},"end":{"line":239,"column":13}}},"25":{"name":"(anonymous_25)","decl":{"start":{"line":241,"column":44},"end":{"line":241,"column":45}},"loc":{"start":{"line":241,"column":54},"end":{"line":244,"column":13}}},"26":{"name":"(anonymous_26)","decl":{"start":{"line":245,"column":46},"end":{"line":245,"column":47}},"loc":{"start":{"line":245,"column":64},"end":{"line":251,"column":13}}},"27":{"name":"(anonymous_27)","decl":{"start":{"line":252,"column":45},"end":{"line":252,"column":46}},"loc":{"start":{"line":252,"column":63},"end":{"line":255,"column":13}}}},"branchMap":{"0":{"loc":{"start":{"line":47,"column":35},"end":{"line":47,"column":89}},"type":"binary-expr","locations":[{"start":{"line":47,"column":35},"end":{"line":47,"column":62}},{"start":{"line":47,"column":66},"end":{"line":47,"column":89}}]},"1":{"loc":{"start":{"line":63,"column":35},"end":{"line":63,"column":89}},"type":"binary-expr","locations":[{"start":{"line":63,"column":35},"end":{"line":63,"column":62}},{"start":{"line":63,"column":66},"end":{"line":63,"column":89}}]},"2":{"loc":{"start":{"line":79,"column":35},"end":{"line":79,"column":89}},"type":"binary-expr","locations":[{"start":{"line":79,"column":35},"end":{"line":79,"column":62}},{"start":{"line":79,"column":66},"end":{"line":79,"column":89}}]},"3":{"loc":{"start":{"line":95,"column":35},"end":{"line":95,"column":89}},"type":"binary-expr","locations":[{"start":{"line":95,"column":35},"end":{"line":95,"column":62}},{"start":{"line":95,"column":66},"end":{"line":95,"column":89}}]},"4":{"loc":{"start":{"line":129,"column":16},"end":{"line":131,"column":43}},"type":"binary-expr","locations":[{"start":{"line":129,"column":16},"end":{"line":129,"column":45}},{"start":{"line":130,"column":16},"end":{"line":130,"column":43}},{"start":{"line":131,"column":16},"end":{"line":131,"column":43}}]},"5":{"loc":{"start":{"line":157,"column":16},"end":{"line":159,"column":42}},"type":"binary-expr","locations":[{"start":{"line":157,"column":16},"end":{"line":157,"column":45}},{"start":{"line":158,"column":16},"end":{"line":158,"column":43}},{"start":{"line":159,"column":16},"end":{"line":159,"column":42}}]},"6":{"loc":{"start":{"line":248,"column":16},"end":{"line":250,"column":17}},"type":"if","locations":[{"start":{"line":248,"column":16},"end":{"line":250,"column":17}}]}},"s":{"0":4,"1":4,"2":4,"3":4,"4":0,"5":0,"6":0,"7":0,"8":0,"9":4,"10":0,"11":0,"12":0,"13":0,"14":0,"15":4,"16":0,"17":0,"18":0,"19":0,"20":0,"21":4,"22":0,"23":0,"24":0,"25":0,"26":0,"27":4,"28":0,"29":0,"30":4,"31":10,"32":10,"33":10,"34":10,"35":10,"36":10,"37":10,"38":4,"39":0,"40":0,"41":0,"42":0,"43":0,"44":0,"45":0,"46":0,"47":4,"48":0,"49":0,"50":4,"51":0,"52":0,"53":0,"54":0,"55":0,"56":0,"57":0,"58":0,"59":0,"60":0,"61":0,"62":0,"63":0,"64":0,"65":0,"66":0,"67":0,"68":0,"69":0,"70":0,"71":10,"72":10,"73":0,"74":0,"75":0,"76":10,"77":10,"78":0,"79":0,"80":0,"81":0,"82":0,"83":0,"84":0,"85":0,"86":4,"87":4},"f":{"0":0,"1":0,"2":0,"3":0,"4":0,"5":10,"6":0,"7":0,"8":4,"9":0,"10":0,"11":0,"12":0,"13":0,"14":0,"15":0,"16":0,"17":0,"18":0,"19":0,"20":0,"21":0,"22":10,"23":0,"24":10,"25":0,"26":0,"27":0},"b":{"0":[0,0],"1":[0,0],"2":[0,0],"3":[0,0],"4":[10,10,10],"5":[0,0,0],"6":[0]}}
,"C:\\Users\\boual\\OneDrive\\Desktop\\PFE-Workspace\\Project_Source\\petroleum-front\\src\\utils\\axios.ts": {"path":"C:\\Users\\boual\\OneDrive\\Desktop\\PFE-Workspace\\Project_Source\\petroleum-front\\src\\utils\\axios.ts","statementMap":{"0":{"start":{"line":1,"column":0},"end":{"line":1,"column":26}},"1":{"start":{"line":3,"column":17},"end":{"line":9,"column":2}},"2":{"start":{"line":12,"column":0},"end":{"line":23,"column":2}},"3":{"start":{"line":14,"column":22},"end":{"line":14,"column":51}},"4":{"start":{"line":15,"column":8},"end":{"line":17,"column":9}},"5":{"start":{"line":16,"column":12},"end":{"line":16,"column":61}},"6":{"start":{"line":18,"column":8},"end":{"line":18,"column":22}},"7":{"start":{"line":21,"column":8},"end":{"line":21,"column":37}},"8":{"start":{"line":25,"column":0},"end":{"line":25,"column":24}}},"fnMap":{"0":{"name":"(anonymous_0)","decl":{"start":{"line":13,"column":4},"end":{"line":13,"column":5}},"loc":{"start":{"line":13,"column":15},"end":{"line":19,"column":5}}},"1":{"name":"(anonymous_1)","decl":{"start":{"line":20,"column":4},"end":{"line":20,"column":5}},"loc":{"start":{"line":20,"column":14},"end":{"line":22,"column":5}}}},"branchMap":{"0":{"loc":{"start":{"line":15,"column":8},"end":{"line":17,"column":9}},"type":"if","locations":[{"start":{"line":15,"column":8},"end":{"line":17,"column":9}}]}},"s":{"0":5,"1":5,"2":5,"3":9,"4":9,"5":0,"6":9,"7":0,"8":5},"f":{"0":9,"1":0},"b":{"0":[0]}}
,"C:\\Users\\boual\\OneDrive\\Desktop\\PFE-Workspace\\Project_Source\\petroleum-front\\src\\utils\\socket.ts": {"path":"C:\\Users\\boual\\OneDrive\\Desktop\\PFE-Workspace\\Project_Source\\petroleum-front\\src\\utils\\socket.ts","statementMap":{"0":{"start":{"line":1,"column":0},"end":{"line":1,"column":38}},"1":{"start":{"line":4,"column":13},"end":{"line":12,"column":3}},"2":{"start":{"line":15,"column":0},"end":{"line":17,"column":3}},"3":{"start":{"line":16,"column":4},"end":{"line":16,"column":49}},"4":{"start":{"line":19,"column":0},"end":{"line":21,"column":3}},"5":{"start":{"line":20,"column":4},"end":{"line":20,"column":53}},"6":{"start":{"line":23,"column":0},"end":{"line":25,"column":3}},"7":{"start":{"line":24,"column":4},"end":{"line":24,"column":48}},"8":{"start":{"line":27,"column":0},"end":{"line":27,"column":22}}},"fnMap":{"0":{"name":"(anonymous_0)","decl":{"start":{"line":15,"column":21},"end":{"line":15,"column":24}},"loc":{"start":{"line":15,"column":26},"end":{"line":17,"column":1}}},"1":{"name":"(anonymous_1)","decl":{"start":{"line":19,"column":27},"end":{"line":19,"column":28}},"loc":{"start":{"line":19,"column":37},"end":{"line":21,"column":1}}},"2":{"name":"(anonymous_2)","decl":{"start":{"line":23,"column":24},"end":{"line":23,"column":25}},"loc":{"start":{"line":23,"column":35},"end":{"line":25,"column":1}}}},"branchMap":{},"s":{"0":1,"1":1,"2":1,"3":0,"4":1,"5":0,"6":1,"7":0,"8":1},"f":{"0":0,"1":0,"2":0},"b":{}}
,"C:\\Users\\boual\\OneDrive\\Desktop\\PFE-Workspace\\Project_Source\\petroleum-front\\src\\utils\\test-utils.tsx": {"path":"C:\\Users\\boual\\OneDrive\\Desktop\\PFE-Workspace\\Project_Source\\petroleum-front\\src\\utils\\test-utils.tsx","statementMap":{"0":{"start":{"line":63,"column":0},"end":{"line":63,"column":16}},"1":{"start":{"line":97,"column":32},"end":{"line":97,"column":38}},"2":{"start":{"line":2,"column":0},"end":{"line":2,"column":48}},"3":{"start":{"line":3,"column":0},"end":{"line":3,"column":39}},"4":{"start":{"line":4,"column":0},"end":{"line":4,"column":49}},"5":{"start":{"line":5,"column":0},"end":{"line":5,"column":50}},"6":{"start":{"line":6,"column":0},"end":{"line":6,"column":52}},"7":{"start":{"line":7,"column":0},"end":{"line":7,"column":60}},"8":{"start":{"line":8,"column":0},"end":{"line":8,"column":52}},"9":{"start":{"line":9,"column":0},"end":{"line":9,"column":52}},"10":{"start":{"line":10,"column":0},"end":{"line":10,"column":68}},"11":{"start":{"line":11,"column":0},"end":{"line":11,"column":56}},"12":{"start":{"line":14,"column":13},"end":{"line":22,"column":2}},"13":{"start":{"line":24,"column":13},"end":{"line":32,"column":2}},"14":{"start":{"line":35,"column":13},"end":{"line":53,"column":2}},"15":{"start":{"line":56,"column":20},"end":{"line":60,"column":2}},"16":{"start":{"line":75,"column":8},"end":{"line":87,"column":10}},"17":{"start":{"line":90,"column":4},"end":{"line":90,"column":76}},"18":{"start":{"line":94,"column":0},"end":{"line":94,"column":39}}},"fnMap":{"0":{"name":"renderWithProviders","decl":{"start":{"line":63,"column":16},"end":{"line":63,"column":35}},"loc":{"start":{"line":72,"column":10},"end":{"line":91,"column":1}}},"1":{"name":"Wrapper","decl":{"start":{"line":74,"column":13},"end":{"line":74,"column":20}},"loc":{"start":{"line":74,"column":56},"end":{"line":88,"column":5}}}},"branchMap":{"0":{"loc":{"start":{"line":65,"column":4},"end":{"line":72,"column":10}},"type":"default-arg","locations":[{"start":{"line":72,"column":8},"end":{"line":72,"column":10}}]},"1":{"loc":{"start":{"line":66,"column":8},"end":{"line":66,"column":44}},"type":"default-arg","locations":[{"start":{"line":66,"column":25},"end":{"line":66,"column":44}}]},"2":{"loc":{"start":{"line":67,"column":8},"end":{"line":70,"column":10}},"type":"default-arg","locations":[{"start":{"line":67,"column":16},"end":{"line":70,"column":10}}]}},"s":{"0":4,"1":4,"2":4,"3":4,"4":4,"5":4,"6":4,"7":4,"8":4,"9":4,"10":4,"11":4,"12":4,"13":4,"14":4,"15":4,"16":21,"17":21,"18":4},"f":{"0":21,"1":21},"b":{"0":[19],"1":[19],"2":[21]}}
}
