TN:
SF:src\App.tsx
FN:27,App
FNF:1
FNH:0
FNDA:0,App
DA:1,0
DA:2,0
DA:3,0
DA:4,0
DA:5,0
DA:6,0
DA:7,0
DA:8,0
DA:9,0
DA:10,0
DA:11,0
DA:12,0
DA:13,0
DA:14,0
DA:15,0
DA:16,0
DA:17,0
DA:18,0
DA:19,0
DA:20,0
DA:21,0
DA:22,0
DA:23,0
DA:24,0
DA:27,0
DA:28,0
LF:26
LH:0
BRF:0
BRH:0
end_of_record
TN:
SF:src\components\NotificationDropdown.tsx
FN:15,NotificationDropdown
FN:18,(anonymous_1)
FN:19,(anonymous_2)
FN:21,(anonymous_3)
FN:24,(anonymous_4)
FN:31,(anonymous_5)
FN:36,(anonymous_6)
FN:43,(anonymous_7)
FN:68,(anonymous_8)
FN:73,(anonymous_9)
FNF:10
FNH:0
FNDA:0,NotificationDropdown
FNDA:0,(anonymous_1)
FNDA:0,(anonymous_2)
FNDA:0,(anonymous_3)
FNDA:0,(anonymous_4)
FNDA:0,(anonymous_5)
FNDA:0,(anonymous_6)
FNDA:0,(anonymous_7)
FNDA:0,(anonymous_8)
FNDA:0,(anonymous_9)
DA:1,0
DA:2,0
DA:3,0
DA:4,0
DA:5,0
DA:15,0
DA:16,0
DA:17,0
DA:18,0
DA:19,0
DA:21,0
DA:22,0
DA:24,0
DA:25,0
DA:26,0
DA:27,0
DA:31,0
DA:32,0
DA:36,0
DA:37,0
DA:40,0
DA:43,0
DA:69,0
DA:73,0
LF:24
LH:0
BRDA:26,0,0,0
BRDA:49,1,0,0
BRDA:49,1,1,0
BRDA:56,2,0,0
BRDA:56,2,1,0
BRDA:63,3,0,0
BRDA:63,3,1,0
BRDA:71,4,0,0
BRDA:71,4,1,0
BRF:9
BRH:0
end_of_record
TN:
SF:src\components\ProtectedRoute.tsx
FN:9,(anonymous_0)
FN:10,(anonymous_1)
FNF:2
FNH:0
FNDA:0,(anonymous_0)
FNDA:0,(anonymous_1)
DA:1,0
DA:2,0
DA:9,0
DA:10,0
DA:12,0
DA:13,0
DA:16,0
DA:17,0
DA:20,0
LF:9
LH:0
BRDA:12,0,0,0
BRDA:16,1,0,0
BRDA:16,2,0,0
BRDA:16,2,1,0
BRDA:16,2,2,0
BRF:5
BRH:0
end_of_record
TN:
SF:src\components\UserProfile\DocumentsCard.tsx
FN:30,DocumentsCard
FN:58,(anonymous_1)
FN:64,(anonymous_2)
FN:104,(anonymous_3)
FN:115,(anonymous_4)
FN:120,(anonymous_5)
FN:120,(anonymous_6)
FN:130,(anonymous_7)
FN:140,(anonymous_8)
FN:165,(anonymous_9)
FN:168,(anonymous_10)
FNF:11
FNH:5
FNDA:1,DocumentsCard
FNDA:0,(anonymous_1)
FNDA:0,(anonymous_2)
FNDA:0,(anonymous_3)
FNDA:3,(anonymous_4)
FNDA:9,(anonymous_5)
FNDA:3,(anonymous_6)
FNDA:0,(anonymous_7)
FNDA:0,(anonymous_8)
FNDA:0,(anonymous_9)
FNDA:4,(anonymous_10)
DA:1,1
DA:2,1
DA:3,1
DA:4,1
DA:19,1
DA:30,1
DA:31,1
DA:55,1
DA:56,1
DA:58,1
DA:59,0
DA:60,0
DA:64,1
DA:65,0
DA:66,0
DA:67,0
DA:69,0
DA:70,0
DA:71,0
DA:72,0
DA:74,0
DA:79,1
DA:105,0
DA:106,0
DA:116,3
DA:120,9
DA:121,3
DA:130,0
DA:140,0
DA:165,0
DA:169,4
LF:31
LH:16
BRDA:59,0,0,0
BRDA:59,1,0,0
BRDA:59,1,1,0
BRDA:66,2,0,0
BRDA:66,3,0,0
BRDA:66,3,1,0
BRDA:190,4,0,1
BRDA:190,4,1,0
BRF:8
BRH:1
end_of_record
TN:
SF:src\components\UserProfile\PersonalInfoCard.tsx
FN:14,PersonalInfoCard
FN:24,(anonymous_1)
FN:28,(anonymous_2)
FN:33,(anonymous_3)
FN:53,(anonymous_4)
FN:65,(anonymous_5)
FN:76,(anonymous_6)
FN:97,(anonymous_7)
FN:108,(anonymous_8)
FNF:9
FNH:0
FNDA:0,PersonalInfoCard
FNDA:0,(anonymous_1)
FNDA:0,(anonymous_2)
FNDA:0,(anonymous_3)
FNDA:0,(anonymous_4)
FNDA:0,(anonymous_5)
FNDA:0,(anonymous_6)
FNDA:0,(anonymous_7)
FNDA:0,(anonymous_8)
DA:1,0
DA:2,0
DA:3,0
DA:4,0
DA:14,0
DA:15,0
DA:16,0
DA:24,0
DA:25,0
DA:28,0
DA:29,0
DA:33,0
DA:34,0
DA:37,0
DA:54,0
DA:55,0
DA:65,0
DA:76,0
DA:97,0
DA:108,0
LF:20
LH:0
BRDA:43,0,0,0
BRDA:43,0,1,0
BRDA:113,1,0,0
BRDA:113,1,1,0
BRF:4
BRH:0
end_of_record
TN:
SF:src\components\UserProfile\UserAddressCard.tsx
FN:7,UserAddressCard
FN:9,(anonymous_1)
FNF:2
FNH:0
FNDA:0,UserAddressCard
FNDA:0,(anonymous_1)
DA:1,0
DA:2,0
DA:3,0
DA:4,0
DA:5,0
DA:7,0
DA:8,0
DA:9,0
DA:11,0
DA:12,0
DA:14,0
LF:11
LH:0
BRF:0
BRH:0
end_of_record
TN:
SF:src\components\UserProfile\UserInfoCard.tsx
FN:18,UserInfoCard
FN:21,(anonymous_1)
FN:22,(anonymous_2)
FN:30,(anonymous_3)
FN:31,(anonymous_4)
FN:48,(anonymous_5)
FN:59,(anonymous_6)
FN:61,(anonymous_7)
FN:67,(anonymous_8)
FN:209,(anonymous_9)
FNF:10
FNH:6
FNDA:21,UserInfoCard
FNDA:35,(anonymous_1)
FNDA:35,(anonymous_2)
FNDA:5,(anonymous_3)
FNDA:5,(anonymous_4)
FNDA:5,(anonymous_5)
FNDA:0,(anonymous_6)
FNDA:0,(anonymous_7)
FNDA:0,(anonymous_8)
FNDA:0,(anonymous_9)
DA:1,1
DA:2,1
DA:3,1
DA:4,1
DA:5,1
DA:6,1
DA:7,1
DA:8,1
DA:9,1
DA:18,1
DA:19,21
DA:20,20
DA:21,35
DA:22,35
DA:23,20
DA:30,20
DA:31,5
DA:32,5
DA:33,5
DA:34,5
DA:36,5
DA:37,5
DA:38,5
DA:40,5
DA:45,5
DA:48,20
DA:49,5
DA:50,5
DA:59,20
DA:60,0
DA:61,0
DA:67,20
DA:68,0
DA:69,0
DA:70,0
DA:72,0
DA:77,0
DA:79,0
DA:81,0
DA:82,0
DA:86,0
DA:92,20
DA:93,10
DA:100,10
DA:101,0
DA:108,10
DA:210,0
DA:211,0
LF:48
LH:34
BRDA:33,0,0,5
BRDA:33,0,1,0
BRDA:34,1,0,5
BRDA:34,1,1,0
BRDA:34,1,2,0
BRDA:34,1,3,0
BRDA:36,2,0,5
BRDA:49,3,0,5
BRDA:51,4,0,5
BRDA:51,4,1,5
BRDA:52,5,0,5
BRDA:52,5,1,5
BRDA:53,6,0,5
BRDA:53,6,1,5
BRDA:54,7,0,5
BRDA:54,7,1,5
BRDA:69,8,0,0
BRDA:79,9,0,0
BRDA:92,10,0,10
BRDA:100,11,0,0
BRDA:116,12,0,10
BRDA:116,12,1,0
BRDA:160,13,0,10
BRDA:160,13,1,10
BRDA:169,14,0,0
BRDA:169,14,1,10
BRDA:169,15,0,10
BRDA:169,15,1,0
BRDA:170,16,0,0
BRDA:170,16,1,0
BRF:30
BRH:18
end_of_record
TN:
SF:src\components\UserProfile\UserMetaCard.tsx
FN:19,UserMetaCard
FN:21,(anonymous_1)
FN:22,(anonymous_2)
FN:24,(anonymous_3)
FN:25,(anonymous_4)
FNF:5
FNH:5
FNDA:16,UserMetaCard
FNDA:30,(anonymous_1)
FNDA:30,(anonymous_2)
FNDA:5,(anonymous_3)
FNDA:5,(anonymous_4)
DA:1,1
DA:2,1
DA:3,1
DA:4,1
DA:19,1
DA:20,16
DA:21,30
DA:22,30
DA:24,15
DA:25,5
DA:26,5
DA:27,5
DA:28,5
DA:30,5
DA:31,0
DA:32,0
DA:36,5
DA:37,5
DA:39,5
DA:46,5
DA:47,0
DA:48,0
DA:51,5
DA:53,5
DA:54,5
DA:57,5
DA:60,5
DA:62,5
DA:63,5
DA:64,0
DA:66,5
DA:70,5
DA:73,15
DA:74,5
DA:81,10
DA:82,5
DA:91,5
DA:92,0
DA:99,5
LF:39
LH:33
BRDA:27,0,0,5
BRDA:27,0,1,0
BRDA:30,1,0,0
BRDA:36,2,0,5
BRDA:36,2,1,0
BRDA:36,2,2,0
BRDA:36,2,3,0
BRDA:37,3,0,5
BRDA:37,3,1,0
BRDA:42,4,0,5
BRDA:42,4,1,0
BRDA:46,5,0,0
BRDA:57,6,0,0
BRDA:57,6,1,5
BRDA:57,7,0,5
BRDA:57,7,1,0
BRDA:73,8,0,5
BRDA:81,9,0,5
BRDA:85,10,0,0
BRDA:85,10,1,5
BRDA:91,11,0,0
BRDA:105,12,0,5
BRDA:105,12,1,0
BRDA:116,13,0,5
BRDA:116,13,1,0
BRF:25
BRH:11
end_of_record
TN:
SF:src\components\auth\SignInForm.tsx
FN:17,SignInForm
FN:20,(anonymous_1)
FN:30,(anonymous_2)
FN:37,(anonymous_3)
FN:38,(anonymous_4)
FN:43,(anonymous_5)
FN:45,(anonymous_6)
FN:52,(anonymous_7)
FN:163,(anonymous_8)
FNF:9
FNH:0
FNDA:0,SignInForm
FNDA:0,(anonymous_1)
FNDA:0,(anonymous_2)
FNDA:0,(anonymous_3)
FNDA:0,(anonymous_4)
FNDA:0,(anonymous_5)
FNDA:0,(anonymous_6)
FNDA:0,(anonymous_7)
FNDA:0,(anonymous_8)
DA:1,0
DA:2,0
DA:3,0
DA:4,0
DA:5,0
DA:6,0
DA:7,0
DA:8,0
DA:9,0
DA:10,0
DA:17,0
DA:18,0
DA:19,0
DA:20,0
DA:22,0
DA:23,0
DA:24,0
DA:30,0
DA:31,0
DA:32,0
DA:37,0
DA:38,0
DA:39,0
DA:43,0
DA:44,0
DA:45,0
DA:49,0
DA:52,0
DA:53,0
DA:54,0
DA:57,0
DA:163,0
LF:32
LH:0
BRDA:31,0,0,0
BRDA:32,1,0,0
BRDA:32,1,1,0
BRDA:49,2,0,0
BRDA:77,3,0,0
BRDA:77,3,1,0
BRDA:157,4,0,0
BRDA:157,4,1,0
BRDA:166,5,0,0
BRDA:166,5,1,0
BRDA:191,6,0,0
BRDA:191,6,1,0
BRF:12
BRH:0
end_of_record
TN:
SF:src\components\auth\SignUpForm.tsx
FN:8,SignUpForm
FN:136,(anonymous_1)
FNF:2
FNH:0
FNDA:0,SignUpForm
FNDA:0,(anonymous_1)
DA:1,0
DA:2,0
DA:3,0
DA:4,0
DA:5,0
DA:6,0
DA:8,0
DA:9,0
DA:10,0
DA:11,0
DA:136,0
LF:11
LH:0
BRDA:133,0,0,0
BRDA:133,0,1,0
BRDA:139,1,0,0
BRDA:139,1,1,0
BRF:4
BRH:0
end_of_record
TN:
SF:src\components\charts\bar\BarChartOne.tsx
FN:4,BarChartOne
FN:80,(anonymous_1)
FNF:2
FNH:0
FNDA:0,BarChartOne
FNDA:0,(anonymous_1)
DA:1,0
DA:4,0
DA:5,0
DA:80,0
DA:84,0
DA:90,0
LF:6
LH:0
BRF:0
BRH:0
end_of_record
TN:
SF:src\components\charts\line\LineChartOne.tsx
FN:4,LineChartOne
FNF:1
FNH:0
FNDA:0,LineChartOne
DA:1,0
DA:4,0
DA:5,0
DA:103,0
DA:113,0
LF:5
LH:0
BRF:0
BRH:0
end_of_record
TN:
SF:src\components\common\ChartTab.tsx
FN:3,(anonymous_0)
FN:8,(anonymous_1)
FN:16,(anonymous_2)
FN:25,(anonymous_3)
FN:34,(anonymous_4)
FNF:5
FNH:0
FNDA:0,(anonymous_0)
FNDA:0,(anonymous_1)
FNDA:0,(anonymous_2)
FNDA:0,(anonymous_3)
FNDA:0,(anonymous_4)
DA:1,0
DA:3,0
DA:4,0
DA:8,0
DA:9,0
DA:13,0
DA:16,0
DA:25,0
DA:34,0
DA:45,0
LF:10
LH:0
BRDA:9,0,0,0
BRDA:9,0,1,0
BRF:2
BRH:0
end_of_record
TN:
SF:src\components\common\ComponentCard.tsx
FN:8,(anonymous_0)
FNF:1
FNH:0
FNDA:0,(anonymous_0)
DA:8,0
DA:14,0
DA:38,0
LF:3
LH:0
BRDA:11,0,0,0
BRDA:12,1,0,0
BRDA:23,2,0,0
BRDA:23,2,1,0
BRF:4
BRH:0
end_of_record
TN:
SF:src\components\common\GridShape.tsx
FN:1,GridShape
FNF:1
FNH:0
FNDA:0,GridShape
DA:1,0
DA:2,0
LF:2
LH:0
BRF:0
BRH:0
end_of_record
TN:
SF:src\components\common\PageBreadCrumb.tsx
FN:7,(anonymous_0)
FNF:1
FNH:1
FNDA:10,(anonymous_0)
DA:1,2
DA:7,2
DA:8,10
DA:51,2
LF:4
LH:4
BRF:0
BRH:0
end_of_record
TN:
SF:src\components\common\PageMeta.tsx
FN:3,(anonymous_0)
FN:16,(anonymous_1)
FNF:2
FNH:1
FNDA:10,(anonymous_0)
FNDA:0,(anonymous_1)
DA:1,2
DA:3,2
DA:10,10
DA:16,2
DA:17,0
DA:20,2
LF:6
LH:5
BRF:0
BRH:0
end_of_record
TN:
SF:src\components\common\ScrollToTop.tsx
FN:4,ScrollToTop
FN:7,(anonymous_1)
FNF:2
FNH:0
FNDA:0,ScrollToTop
FNDA:0,(anonymous_1)
DA:1,0
DA:2,0
DA:4,0
DA:5,0
DA:7,0
DA:8,0
DA:15,0
LF:7
LH:0
BRF:0
BRH:0
end_of_record
TN:
SF:src\components\common\ThemeToggleButton.tsx
FN:3,(anonymous_0)
FNF:1
FNH:1
FNDA:18,(anonymous_0)
DA:1,1
DA:3,1
DA:4,18
DA:6,18
LF:4
LH:4
BRF:0
BRH:0
end_of_record
TN:
SF:src\components\common\ThemeTogglerTwo.tsx
FN:3,ThemeTogglerTwo
FNF:1
FNH:0
FNDA:0,ThemeTogglerTwo
DA:1,0
DA:3,0
DA:4,0
DA:5,0
LF:4
LH:0
BRF:0
BRH:0
end_of_record
TN:
SF:src\components\ecommerce\CountryMap.tsx
FN:10,(anonymous_0)
FNF:1
FNH:0
FNDA:0,(anonymous_0)
DA:2,0
DA:3,0
DA:10,0
DA:11,0
DA:94,0
LF:5
LH:0
BRDA:61,0,0,0
BRDA:61,0,1,0
BRF:2
BRH:0
end_of_record
TN:
SF:src\components\ecommerce\DemographicCard.tsx
FN:7,DemographicCard
FN:10,toggleDropdown
FN:14,closeDropdown
FNF:3
FNH:0
FNDA:0,DemographicCard
FNDA:0,toggleDropdown
FNDA:0,closeDropdown
DA:1,0
DA:2,0
DA:3,0
DA:4,0
DA:5,0
DA:7,0
DA:8,0
DA:11,0
DA:15,0
DA:17,0
LF:10
LH:0
BRF:0
BRH:0
end_of_record
TN:
SF:src\components\ecommerce\EcommerceMetrics.tsx
FN:9,EcommerceMetrics
FNF:1
FNH:0
FNDA:0,EcommerceMetrics
DA:1,0
DA:7,0
DA:9,0
DA:10,0
LF:4
LH:0
BRF:0
BRH:0
end_of_record
TN:
SF:src\components\ecommerce\MonthlySalesChart.tsx
FN:8,MonthlySalesChart
FN:84,(anonymous_1)
FN:96,toggleDropdown
FN:100,closeDropdown
FNF:4
FNH:0
FNDA:0,MonthlySalesChart
FNDA:0,(anonymous_1)
FNDA:0,toggleDropdown
FNDA:0,closeDropdown
DA:1,0
DA:3,0
DA:4,0
DA:5,0
DA:6,0
DA:8,0
DA:9,0
DA:84,0
DA:88,0
DA:94,0
DA:97,0
DA:101,0
DA:103,0
LF:13
LH:0
BRF:0
BRH:0
end_of_record
TN:
SF:src\components\ecommerce\MonthlyTarget.tsx
FN:8,MonthlyTarget
FN:41,(anonymous_1)
FN:59,toggleDropdown
FN:63,closeDropdown
FNF:4
FNH:0
FNDA:0,MonthlyTarget
FNDA:0,(anonymous_1)
FNDA:0,toggleDropdown
FNDA:0,closeDropdown
DA:1,0
DA:3,0
DA:4,0
DA:5,0
DA:6,0
DA:8,0
DA:9,0
DA:10,0
DA:42,0
DA:57,0
DA:60,0
DA:64,0
DA:66,0
LF:13
LH:0
BRF:0
BRH:0
end_of_record
TN:
SF:src\components\ecommerce\RecentOrders.tsx
FN:71,RecentOrders
FN:160,(anonymous_1)
FNF:2
FNH:0
FNDA:0,RecentOrders
FNDA:0,(anonymous_1)
DA:1,0
DA:8,0
DA:23,0
DA:71,0
DA:72,0
DA:161,0
LF:6
LH:0
BRDA:191,0,0,0
BRDA:191,0,1,0
BRDA:193,1,0,0
BRDA:193,1,1,0
BRF:4
BRH:0
end_of_record
TN:
SF:src\components\ecommerce\StatisticsChart.tsx
FN:5,StatisticsChart
FNF:1
FNH:0
FNDA:0,StatisticsChart
DA:1,0
DA:3,0
DA:5,0
DA:6,0
DA:104,0
DA:114,0
LF:6
LH:0
BRF:0
BRH:0
end_of_record
TN:
SF:src\components\form\Form.tsx
FN:9,(anonymous_0)
FN:12,(anonymous_1)
FNF:2
FNH:1
FNDA:1,(anonymous_0)
FNDA:0,(anonymous_1)
DA:9,1
DA:10,1
DA:13,0
DA:14,0
DA:23,1
LF:5
LH:3
BRF:0
BRH:0
end_of_record
TN:
SF:src\components\form\Label.tsx
FN:10,(anonymous_0)
FNF:1
FNH:1
FNDA:2,(anonymous_0)
DA:2,1
DA:10,1
DA:11,2
DA:27,1
LF:4
LH:4
BRF:0
BRH:0
end_of_record
TN:
SF:src\components\form\MultiSelect.tsx
FN:17,(anonymous_0)
FN:28,(anonymous_1)
FN:29,(anonymous_2)
FN:32,(anonymous_3)
FN:34,(anonymous_4)
FN:41,(anonymous_5)
FN:42,(anonymous_6)
FN:48,(anonymous_7)
FN:48,(anonymous_8)
FN:63,(anonymous_9)
FN:71,(anonymous_10)
FN:134,(anonymous_11)
FN:137,(anonymous_12)
FN:141,(anonymous_13)
FNF:14
FNH:0
FNDA:0,(anonymous_0)
FNDA:0,(anonymous_1)
FNDA:0,(anonymous_2)
FNDA:0,(anonymous_3)
FNDA:0,(anonymous_4)
FNDA:0,(anonymous_5)
FNDA:0,(anonymous_6)
FNDA:0,(anonymous_7)
FNDA:0,(anonymous_8)
FNDA:0,(anonymous_9)
FNDA:0,(anonymous_10)
FNDA:0,(anonymous_11)
FNDA:0,(anonymous_12)
FNDA:0,(anonymous_13)
DA:2,0
DA:17,0
DA:25,0
DA:26,0
DA:28,0
DA:29,0
DA:32,0
DA:33,0
DA:34,0
DA:37,0
DA:38,0
DA:41,0
DA:42,0
DA:43,0
DA:44,0
DA:47,0
DA:48,0
DA:51,0
DA:64,0
DA:72,0
DA:73,0
DA:134,0
DA:138,0
DA:141,0
DA:165,0
LF:25
LH:0
BRDA:20,0,0,0
BRDA:22,1,0,0
BRDA:29,2,0,0
BRDA:33,3,0,0
BRDA:33,3,1,0
BRDA:48,4,0,0
BRDA:48,4,1,0
BRDA:62,5,0,0
BRDA:62,5,1,0
BRDA:111,6,0,0
BRDA:111,6,1,0
BRDA:131,7,0,0
BRDA:131,7,1,0
BRDA:145,8,0,0
BRDA:145,8,1,0
BRF:15
BRH:0
end_of_record
TN:
SF:src\components\form\Select.tsx
FN:16,(anonymous_0)
FN:26,(anonymous_1)
FN:51,(anonymous_2)
FNF:3
FNH:0
FNDA:0,(anonymous_0)
FNDA:0,(anonymous_1)
FNDA:0,(anonymous_2)
DA:1,0
DA:16,0
DA:24,0
DA:26,0
DA:27,0
DA:28,0
DA:29,0
DA:32,0
DA:52,0
DA:64,0
LF:10
LH:0
BRDA:18,0,0,0
BRDA:20,1,0,0
BRDA:21,2,0,0
BRDA:35,3,0,0
BRDA:35,3,1,0
BRF:5
BRH:0
end_of_record
TN:
SF:src\components\form\form-elements\CheckboxComponents.tsx
FN:5,CheckboxComponents
FNF:1
FNH:0
FNDA:0,CheckboxComponents
DA:1,0
DA:2,0
DA:3,0
DA:5,0
DA:6,0
DA:7,0
DA:8,0
DA:9,0
LF:8
LH:0
BRF:0
BRH:0
end_of_record
TN:
SF:src\components\form\form-elements\DefaultInputs.tsx
FN:9,DefaultInputs
FN:16,(anonymous_1)
FN:21,(anonymous_2)
FN:52,(anonymous_3)
FN:87,(anonymous_4)
FNF:5
FNH:0
FNDA:0,DefaultInputs
FNDA:0,(anonymous_1)
FNDA:0,(anonymous_2)
FNDA:0,(anonymous_3)
FNDA:0,(anonymous_4)
DA:1,0
DA:2,0
DA:3,0
DA:4,0
DA:5,0
DA:6,0
DA:7,0
DA:9,0
DA:10,0
DA:11,0
DA:16,0
DA:17,0
DA:19,0
DA:21,0
DA:22,0
DA:24,0
DA:52,0
DA:87,0
LF:18
LH:0
BRDA:48,0,0,0
BRDA:48,0,1,0
BRDA:55,1,0,0
BRDA:55,1,1,0
BRF:4
BRH:0
end_of_record
TN:
SF:src\components\form\form-elements\DropZone.tsx
FN:5,(anonymous_0)
FN:6,(anonymous_1)
FNF:2
FNH:0
FNDA:0,(anonymous_0)
FNDA:0,(anonymous_1)
DA:1,0
DA:2,0
DA:5,0
DA:6,0
DA:7,0
DA:11,0
DA:20,0
DA:76,0
LF:8
LH:0
BRDA:27,0,0,0
BRDA:27,0,1,0
BRDA:59,1,0,0
BRDA:59,1,1,0
BRF:4
BRH:0
end_of_record
TN:
SF:src\components\form\form-elements\FileInputExample.tsx
FN:5,FileInputExample
FN:6,(anonymous_1)
FNF:2
FNH:0
FNDA:0,FileInputExample
FNDA:0,(anonymous_1)
DA:1,0
DA:2,0
DA:3,0
DA:5,0
DA:6,0
DA:7,0
DA:8,0
DA:9,0
DA:13,0
LF:9
LH:0
BRDA:8,0,0,0
BRF:1
BRH:0
end_of_record
TN:
SF:src\components\form\form-elements\InputGroup.tsx
FN:7,InputGroup
FN:14,(anonymous_1)
FNF:2
FNH:0
FNDA:0,InputGroup
FNDA:0,(anonymous_1)
DA:1,0
DA:2,0
DA:3,0
DA:4,0
DA:5,0
DA:7,0
DA:8,0
DA:14,0
DA:15,0
DA:17,0
LF:10
LH:0
BRF:0
BRH:0
end_of_record
TN:
SF:src\components\form\form-elements\InputStates.tsx
FN:5,InputStates
FN:11,(anonymous_1)
FN:18,(anonymous_2)
FN:23,(anonymous_3)
FNF:4
FNH:0
FNDA:0,InputStates
FNDA:0,(anonymous_1)
FNDA:0,(anonymous_2)
FNDA:0,(anonymous_3)
DA:1,0
DA:2,0
DA:3,0
DA:4,0
DA:5,0
DA:6,0
DA:7,0
DA:8,0
DA:11,0
DA:13,0
DA:14,0
DA:15,0
DA:18,0
DA:19,0
DA:20,0
DA:21,0
DA:23,0
DA:24,0
DA:25,0
DA:26,0
DA:28,0
LF:21
LH:0
BRDA:43,0,0,0
BRDA:43,0,1,0
BRDA:56,1,0,0
BRDA:56,1,1,0
BRF:4
BRH:0
end_of_record
TN:
SF:src\components\form\form-elements\RadioButtons.tsx
FN:5,RadioButtons
FN:8,(anonymous_1)
FNF:2
FNH:0
FNDA:0,RadioButtons
FNDA:0,(anonymous_1)
DA:1,0
DA:2,0
DA:3,0
DA:5,0
DA:6,0
DA:8,0
DA:9,0
DA:11,0
LF:8
LH:0
BRF:0
BRH:0
end_of_record
TN:
SF:src\components\form\form-elements\SelectInputs.tsx
FN:7,SelectInputs
FN:13,(anonymous_1)
FN:42,(anonymous_2)
FNF:3
FNH:0
FNDA:0,SelectInputs
FNDA:0,(anonymous_1)
FNDA:0,(anonymous_2)
DA:1,0
DA:2,0
DA:3,0
DA:4,0
DA:5,0
DA:7,0
DA:8,0
DA:13,0
DA:14,0
DA:16,0
DA:18,0
DA:25,0
DA:42,0
LF:13
LH:0
BRF:0
BRH:0
end_of_record
TN:
SF:src\components\form\form-elements\TextAreaInput.tsx
FN:6,TextAreaInput
FN:17,(anonymous_1)
FN:35,(anonymous_2)
FNF:3
FNH:0
FNDA:0,TextAreaInput
FNDA:0,(anonymous_1)
FNDA:0,(anonymous_2)
DA:1,0
DA:2,0
DA:3,0
DA:4,0
DA:6,0
DA:7,0
DA:8,0
DA:9,0
DA:17,0
DA:35,0
LF:10
LH:0
BRF:0
BRH:0
end_of_record
TN:
SF:src\components\form\form-elements\ToggleSwitch.tsx
FN:4,ToggleSwitch
FN:5,(anonymous_1)
FNF:2
FNH:0
FNDA:0,ToggleSwitch
FNDA:0,(anonymous_1)
DA:1,0
DA:2,0
DA:4,0
DA:5,0
DA:6,0
DA:8,0
LF:6
LH:0
BRDA:6,0,0,0
BRDA:6,0,1,0
BRF:2
BRH:0
end_of_record
TN:
SF:src\components\form\group-input\PhoneInput.tsx
FN:15,(anonymous_0)
FN:25,(anonymous_1)
FN:29,(anonymous_2)
FN:38,(anonymous_3)
FN:56,(anonymous_4)
FN:106,(anonymous_5)
FNF:6
FNH:0
FNDA:0,(anonymous_0)
FNDA:0,(anonymous_1)
FNDA:0,(anonymous_2)
FNDA:0,(anonymous_3)
FNDA:0,(anonymous_4)
FNDA:0,(anonymous_5)
DA:1,0
DA:15,0
DA:21,0
DA:22,0
DA:24,0
DA:25,0
DA:29,0
DA:30,0
DA:31,0
DA:32,0
DA:33,0
DA:34,0
DA:38,0
DA:39,0
DA:40,0
DA:41,0
DA:42,0
DA:46,0
DA:57,0
DA:107,0
DA:140,0
LF:21
LH:0
BRDA:17,0,0,0
BRDA:19,1,0,0
BRDA:33,2,0,0
BRDA:41,3,0,0
BRDA:49,4,0,0
BRDA:49,4,1,0
BRDA:94,5,0,0
BRDA:94,5,1,0
BRDA:99,6,0,0
BRDA:99,6,1,0
BRF:10
BRH:0
end_of_record
TN:
SF:src\components\form\input\Checkbox.tsx
FN:12,(anonymous_0)
FN:33,(anonymous_1)
FNF:2
FNH:0
FNDA:0,(anonymous_0)
FNDA:0,(anonymous_1)
DA:12,0
DA:20,0
DA:33,0
DA:82,0
LF:4
LH:0
BRDA:17,0,0,0
BRDA:18,1,0,0
BRDA:23,2,0,0
BRDA:23,2,1,0
BRDA:36,3,0,0
BRDA:36,3,1,0
BRDA:54,4,0,0
BRDA:54,4,1,0
BRDA:73,5,0,0
BRDA:73,5,1,0
BRF:10
BRH:0
end_of_record
TN:
SF:src\components\form\input\FileInput.tsx
FN:8,(anonymous_0)
FNF:1
FNH:0
FNDA:0,(anonymous_0)
DA:8,0
DA:9,0
DA:18,0
LF:3
LH:0
BRF:0
BRH:0
end_of_record
TN:
SF:src\components\form\input\InputField.tsx
FN:21,(anonymous_0)
FNF:1
FNH:0
FNDA:0,(anonymous_0)
DA:21,1
DA:37,0
DA:39,0
DA:40,0
DA:41,0
DA:42,0
DA:43,0
DA:44,0
DA:46,0
DA:49,0
DA:82,1
LF:11
LH:2
BRDA:22,0,0,0
BRDA:28,1,0,0
BRDA:32,2,0,0
BRDA:33,3,0,0
BRDA:34,4,0,0
BRDA:39,5,0,0
BRDA:39,5,1,0
BRDA:41,6,0,0
BRDA:41,6,1,0
BRDA:43,7,0,0
BRDA:43,7,1,0
BRDA:65,8,0,0
BRDA:65,8,1,0
BRDA:68,9,0,0
BRDA:68,9,1,0
BRDA:70,10,0,0
BRDA:70,10,1,0
BRF:17
BRH:0
end_of_record
TN:
SF:src\components\form\input\Radio.tsx
FN:12,(anonymous_0)
FN:37,(anonymous_1)
FNF:2
FNH:0
FNDA:0,(anonymous_0)
FNDA:0,(anonymous_1)
DA:12,0
DA:22,0
DA:37,0
DA:63,0
LF:4
LH:0
BRDA:19,0,0,0
BRDA:20,1,0,0
BRDA:26,2,0,0
BRDA:26,2,1,0
BRDA:37,3,0,0
BRDA:37,3,1,0
BRDA:43,4,0,0
BRDA:43,4,1,0
BRDA:47,5,0,0
BRDA:47,5,1,0
BRDA:54,6,0,0
BRDA:54,6,1,0
BRF:12
BRH:0
end_of_record
TN:
SF:src\components\form\input\RadioSm.tsx
FN:11,(anonymous_0)
FN:33,(anonymous_1)
FNF:2
FNH:0
FNDA:0,(anonymous_0)
FNDA:0,(anonymous_1)
DA:11,0
DA:20,0
DA:33,0
DA:57,0
LF:4
LH:0
BRDA:18,0,0,0
BRDA:39,1,0,0
BRDA:39,1,1,0
BRDA:47,2,0,0
BRDA:47,2,1,0
BRF:5
BRH:0
end_of_record
TN:
SF:src\components\form\input\TextArea.tsx
FN:14,(anonymous_0)
FN:24,(anonymous_1)
FNF:2
FNH:0
FNDA:0,(anonymous_0)
FNDA:0,(anonymous_1)
DA:14,0
DA:24,0
DA:25,0
DA:26,0
DA:30,0
DA:32,0
DA:33,0
DA:34,0
DA:35,0
DA:37,0
DA:40,0
DA:63,0
LF:12
LH:0
BRDA:15,0,0,0
BRDA:16,1,0,0
BRDA:17,2,0,0
BRDA:19,3,0,0
BRDA:20,4,0,0
BRDA:21,5,0,0
BRDA:22,6,0,0
BRDA:25,7,0,0
BRDA:32,8,0,0
BRDA:32,8,1,0
BRDA:34,9,0,0
BRDA:34,9,1,0
BRDA:50,10,0,0
BRDA:50,10,1,0
BRDA:53,11,0,0
BRDA:53,11,1,0
BRF:16
BRH:0
end_of_record
TN:
SF:src\components\form\switch\Switch.tsx
FN:11,(anonymous_0)
FN:20,(anonymous_1)
FNF:2
FNH:0
FNDA:0,(anonymous_0)
FNDA:0,(anonymous_1)
DA:1,0
DA:11,0
DA:18,0
DA:20,0
DA:21,0
DA:22,0
DA:23,0
DA:24,0
DA:25,0
DA:30,0
DA:48,0
DA:72,0
LF:12
LH:0
BRDA:13,0,0,0
BRDA:14,1,0,0
BRDA:16,2,0,0
BRDA:21,3,0,0
BRDA:24,4,0,0
BRDA:30,5,0,0
BRDA:30,5,1,0
BRDA:32,6,0,0
BRDA:32,6,1,0
BRDA:35,7,0,0
BRDA:35,7,1,0
BRDA:40,8,0,0
BRDA:40,8,1,0
BRDA:43,9,0,0
BRDA:43,9,1,0
BRDA:51,10,0,0
BRDA:51,10,1,0
BRDA:58,11,0,0
BRDA:58,11,1,0
BRF:19
BRH:0
end_of_record
TN:
SF:src\components\header\Header.tsx
FN:12,(anonymous_0)
FN:15,(anonymous_1)
FNF:2
FNH:0
FNDA:0,(anonymous_0)
FNDA:0,(anonymous_1)
DA:1,0
DA:2,0
DA:3,0
DA:4,0
DA:5,0
DA:12,0
DA:13,0
DA:15,0
DA:16,0
DA:19,0
DA:168,0
LF:11
LH:0
BRDA:150,0,0,0
BRDA:150,0,1,0
BRF:2
BRH:0
end_of_record
TN:
SF:src\components\header\NotificationDropdown.tsx
FN:18,NotificationDropdown
FN:21,(anonymous_1)
FN:22,(anonymous_2)
FN:24,(anonymous_3)
FN:27,(anonymous_4)
FN:34,(anonymous_5)
FN:39,toggleDropdown
FN:43,closeDropdown
FN:47,(anonymous_8)
FN:112,(anonymous_9)
FN:115,(anonymous_10)
FNF:11
FNH:4
FNDA:10,NotificationDropdown
FNDA:19,(anonymous_1)
FNDA:0,(anonymous_2)
FNDA:9,(anonymous_3)
FNDA:0,(anonymous_4)
FNDA:9,(anonymous_5)
FNDA:0,toggleDropdown
FNDA:0,closeDropdown
FNDA:0,(anonymous_8)
FNDA:0,(anonymous_9)
FNDA:0,(anonymous_10)
DA:1,1
DA:2,1
DA:3,1
DA:4,1
DA:5,1
DA:6,1
DA:7,1
DA:8,1
DA:18,1
DA:19,10
DA:20,10
DA:21,19
DA:22,10
DA:24,10
DA:25,9
DA:27,9
DA:28,0
DA:29,0
DA:30,0
DA:34,9
DA:35,9
DA:40,0
DA:44,0
DA:47,10
DA:48,0
DA:51,10
DA:113,0
DA:115,0
LF:28
LH:20
BRDA:29,0,0,0
BRDA:57,1,0,10
BRDA:57,1,1,0
BRDA:107,2,0,10
BRDA:107,2,1,0
BRDA:116,3,0,0
BRDA:116,3,1,0
BRDA:122,4,0,0
BRDA:122,4,1,0
BRDA:125,5,0,0
BRDA:125,5,1,0
BRDA:145,6,0,10
BRDA:145,6,1,0
BRF:13
BRH:3
end_of_record
TN:
SF:src\components\header\UserDropdown.tsx
FN:8,UserDropdown
FN:10,(anonymous_1)
FN:12,toggleDropdown
FN:16,closeDropdown
FN:21,(anonymous_4)
FNF:5
FNH:4
FNDA:14,UserDropdown
FNDA:26,(anonymous_1)
FNDA:1,toggleDropdown
FNDA:0,closeDropdown
FNDA:14,(anonymous_4)
DA:1,2
DA:2,2
DA:3,2
DA:4,2
DA:5,2
DA:8,2
DA:9,14
DA:10,26
DA:13,1
DA:17,0
DA:21,14
DA:22,14
DA:23,14
DA:25,0
DA:28,14
LF:15
LH:13
BRDA:22,0,0,14
BRDA:39,1,0,14
BRDA:39,1,1,0
BRDA:42,2,0,1
BRDA:42,2,1,13
BRDA:67,3,0,14
BRDA:67,3,1,0
BRDA:70,4,0,14
BRDA:70,4,1,0
BRF:9
BRH:6
end_of_record
TN:
SF:src\components\tables\BasicTables\BasicTableOne.tsx
FN:112,BasicTableOne
FN:156,(anonymous_1)
FN:183,(anonymous_2)
FNF:3
FNH:0
FNDA:0,BasicTableOne
FNDA:0,(anonymous_1)
FNDA:0,(anonymous_2)
DA:1,0
DA:9,0
DA:27,0
DA:112,0
DA:113,0
DA:157,0
DA:184,0
LF:7
LH:0
BRDA:203,0,0,0
BRDA:203,0,1,0
BRDA:205,1,0,0
BRDA:205,1,1,0
BRF:4
BRH:0
end_of_record
TN:
SF:src\components\tables\UserTables\UserTableList.tsx
FN:27,(anonymous_0)
FN:69,(anonymous_1)
FN:105,(anonymous_2)
FN:111,(anonymous_3)
FNF:4
FNH:0
FNDA:0,(anonymous_0)
FNDA:0,(anonymous_1)
FNDA:0,(anonymous_2)
FNDA:0,(anonymous_3)
DA:1,0
DA:9,0
DA:27,0
DA:28,0
DA:70,0
DA:105,0
DA:111,0
DA:128,0
LF:8
LH:0
BRDA:92,0,0,0
BRDA:92,0,1,0
BRDA:95,1,0,0
BRDA:95,1,1,0
BRDA:99,2,0,0
BRDA:99,2,1,0
BRF:6
BRH:0
end_of_record
TN:
SF:src\components\ui\alert\Alert.tsx
FN:12,(anonymous_0)
FNF:1
FNH:0
FNDA:0,(anonymous_0)
DA:1,1
DA:12,1
DA:21,0
DA:45,0
DA:114,0
DA:144,1
LF:6
LH:3
BRDA:16,0,0,0
BRDA:17,1,0,0
BRDA:18,2,0,0
BRDA:130,3,0,0
BRDA:130,3,1,0
BRF:5
BRH:0
end_of_record
TN:
SF:src\components\ui\avatar\Avatar.tsx
FN:32,(anonymous_0)
FNF:1
FNH:0
FNDA:0,(anonymous_0)
DA:8,0
DA:17,0
DA:26,0
DA:32,0
DA:38,0
DA:55,0
LF:6
LH:0
BRDA:34,0,0,0
BRDA:35,1,0,0
BRDA:36,2,0,0
BRDA:44,3,0,0
BRDA:44,3,1,0
BRDA:48,4,0,0
BRDA:48,4,1,0
BRF:7
BRH:0
end_of_record
TN:
SF:src\components\ui\badge\Badge.tsx
FN:21,(anonymous_0)
FNF:1
FNH:0
FNDA:0,(anonymous_0)
DA:21,0
DA:30,0
DA:33,0
DA:39,0
DA:65,0
DA:66,0
DA:68,0
DA:77,0
LF:8
LH:0
BRDA:22,0,0,0
BRDA:23,1,0,0
BRDA:24,2,0,0
BRDA:70,3,0,0
BRDA:70,3,1,0
BRDA:72,4,0,0
BRDA:72,4,1,0
BRF:7
BRH:0
end_of_record
TN:
SF:src\components\ui\button\Button.tsx
FN:15,(anonymous_0)
FNF:1
FNH:1
FNDA:8,(anonymous_0)
DA:15,1
DA:26,8
DA:32,8
DA:39,8
DA:54,1
LF:5
LH:5
BRDA:17,0,0,0
BRDA:18,1,0,0
BRDA:22,2,0,8
BRDA:23,3,0,7
BRDA:42,4,0,1
BRDA:42,4,1,7
BRDA:47,5,0,8
BRDA:47,5,1,1
BRDA:49,6,0,8
BRDA:49,6,1,0
BRF:10
BRH:7
end_of_record
TN:
SF:src\components\ui\dropdown\Dropdown.tsx
FN:11,(anonymous_0)
FN:19,(anonymous_1)
FN:20,(anonymous_2)
FN:31,(anonymous_3)
FNF:4
FNH:4
FNDA:24,(anonymous_0)
FNDA:24,(anonymous_1)
FNDA:1,(anonymous_2)
FNDA:24,(anonymous_3)
DA:2,2
DA:11,2
DA:17,24
DA:19,24
DA:20,24
DA:21,1
DA:26,0
DA:30,24
DA:31,24
DA:32,24
DA:36,24
DA:38,1
LF:12
LH:11
BRDA:15,0,0,0
BRDA:21,1,0,0
BRDA:22,2,0,1
BRDA:22,2,1,0
BRDA:22,2,2,0
BRDA:36,3,0,23
BRF:6
BRH:2
end_of_record
TN:
SF:src\components\ui\dropdown\DropdownItem.tsx
FN:14,(anonymous_0)
FN:25,(anonymous_1)
FNF:2
FNH:1
FNDA:3,(anonymous_0)
FNDA:0,(anonymous_1)
DA:2,2
DA:14,2
DA:23,3
DA:25,3
DA:26,0
DA:27,0
DA:29,0
DA:30,0
DA:33,3
DA:34,3
DA:41,0
LF:11
LH:6
BRDA:15,0,0,0
BRDA:19,1,0,3
BRDA:20,2,0,0
BRDA:26,3,0,0
BRDA:29,4,0,0
BRDA:30,5,0,0
BRDA:33,6,0,3
BRDA:33,7,0,3
BRDA:33,7,1,3
BRF:9
BRH:4
end_of_record
TN:
SF:src\components\ui\images\ResponsiveImage.tsx
FN:1,ResponsiveImage
FNF:1
FNH:0
FNDA:0,ResponsiveImage
DA:1,0
DA:2,0
LF:2
LH:0
BRF:0
BRH:0
end_of_record
TN:
SF:src\components\ui\images\ThreeColumnImageGrid.tsx
FN:1,ThreeColumnImageGrid
FNF:1
FNH:0
FNDA:0,ThreeColumnImageGrid
DA:1,0
DA:2,0
LF:2
LH:0
BRF:0
BRH:0
end_of_record
TN:
SF:src\components\ui\images\TwoColumnImageGrid.tsx
FN:1,TwoColumnImageGrid
FNF:1
FNH:0
FNDA:0,TwoColumnImageGrid
DA:1,0
DA:2,0
LF:2
LH:0
BRF:0
BRH:0
end_of_record
TN:
SF:src\components\ui\modal\index.tsx
FN:12,(anonymous_0)
FN:22,(anonymous_1)
FN:23,(anonymous_2)
FN:33,(anonymous_3)
FN:38,(anonymous_4)
FN:45,(anonymous_5)
FN:67,(anonymous_6)
FNF:7
FNH:5
FNDA:10,(anonymous_0)
FNDA:10,(anonymous_1)
FNDA:0,(anonymous_2)
FNDA:10,(anonymous_3)
FNDA:10,(anonymous_4)
FNDA:10,(anonymous_5)
FNDA:0,(anonymous_6)
DA:1,1
DA:12,1
DA:20,10
DA:22,10
DA:23,10
DA:24,0
DA:25,0
DA:29,10
DA:30,0
DA:33,10
DA:34,10
DA:38,10
DA:39,10
DA:40,0
DA:42,10
DA:45,10
DA:46,10
DA:50,10
DA:52,0
DA:56,0
DA:67,0
LF:21
LH:14
BRDA:17,0,0,10
BRDA:18,1,0,10
BRDA:24,2,0,0
BRDA:29,3,0,0
BRDA:39,4,0,0
BRDA:39,4,1,10
BRDA:50,5,0,10
BRDA:52,6,0,0
BRDA:52,6,1,0
BRDA:58,7,0,0
BRDA:58,7,1,0
BRDA:69,8,0,0
BRDA:69,8,1,0
BRF:13
BRH:4
end_of_record
TN:
SF:src\components\ui\table\index.tsx
FN:35,(anonymous_0)
FN:40,(anonymous_1)
FN:45,(anonymous_2)
FN:50,(anonymous_3)
FN:55,(anonymous_4)
FNF:5
FNH:0
FNDA:0,(anonymous_0)
FNDA:0,(anonymous_1)
FNDA:0,(anonymous_2)
FNDA:0,(anonymous_3)
FNDA:0,(anonymous_4)
DA:35,0
DA:36,0
DA:40,0
DA:41,0
DA:45,0
DA:46,0
DA:50,0
DA:51,0
DA:55,0
DA:60,0
DA:61,0
DA:64,0
LF:12
LH:0
BRDA:57,0,0,0
BRDA:60,1,0,0
BRDA:60,1,1,0
BRF:3
BRH:0
end_of_record
TN:
SF:src\components\ui\videos\AspectRatioVideo.tsx
FN:7,(anonymous_0)
FNF:1
FNH:0
FNDA:0,(anonymous_0)
DA:7,0
DA:12,0
DA:26,0
LF:3
LH:0
BRDA:9,0,0,0
BRDA:10,1,0,0
BRF:2
BRH:0
end_of_record
TN:
SF:src\components\ui\videos\FourIsToThree.tsx
FN:1,FourIsToThree
FNF:1
FNH:0
FNDA:0,FourIsToThree
DA:1,0
DA:2,0
LF:2
LH:0
BRF:0
BRH:0
end_of_record
TN:
SF:src\components\ui\videos\OneIsToOne.tsx
FN:1,OneIsToOne
FNF:1
FNH:0
FNDA:0,OneIsToOne
DA:1,0
DA:2,0
LF:2
LH:0
BRF:0
BRH:0
end_of_record
TN:
SF:src\components\ui\videos\SixteenIsToNine.tsx
FN:1,SixteenIsToNine
FNF:1
FNH:0
FNDA:0,SixteenIsToNine
DA:1,0
DA:2,0
LF:2
LH:0
BRF:0
BRH:0
end_of_record
TN:
SF:src\components\ui\videos\TwentyOneIsToNine.tsx
FN:1,TwentyOneIsToNine
FNF:1
FNH:0
FNDA:0,TwentyOneIsToNine
DA:1,0
DA:2,0
LF:2
LH:0
BRF:0
BRH:0
end_of_record
TN:
SF:src\context\SidebarContext.tsx
FN:18,(anonymous_0)
FN:26,(anonymous_1)
FN:36,(anonymous_2)
FN:37,(anonymous_3)
FN:48,(anonymous_4)
FN:53,(anonymous_5)
FN:54,(anonymous_6)
FN:57,(anonymous_7)
FN:58,(anonymous_8)
FN:61,(anonymous_9)
FN:62,(anonymous_10)
FNF:11
FNH:5
FNDA:10,(anonymous_0)
FNDA:22,(anonymous_1)
FNDA:21,(anonymous_2)
FNDA:21,(anonymous_3)
FNDA:21,(anonymous_4)
FNDA:0,(anonymous_5)
FNDA:0,(anonymous_6)
FNDA:0,(anonymous_7)
FNDA:0,(anonymous_8)
FNDA:0,(anonymous_9)
FNDA:0,(anonymous_10)
DA:1,4
DA:16,4
DA:18,4
DA:19,10
DA:20,10
DA:21,0
DA:23,10
DA:26,4
DA:29,22
DA:30,22
DA:31,22
DA:32,22
DA:33,22
DA:34,22
DA:36,22
DA:37,21
DA:38,21
DA:39,21
DA:40,21
DA:41,20
DA:45,21
DA:46,21
DA:48,21
DA:49,21
DA:53,22
DA:54,0
DA:57,22
DA:58,0
DA:61,22
DA:62,0
DA:65,22
LF:31
LH:27
BRDA:20,0,0,0
BRDA:40,1,0,20
BRDA:62,2,0,0
BRDA:62,2,1,0
BRDA:68,3,0,1
BRDA:68,3,1,21
BRF:6
BRH:3
end_of_record
TN:
SF:src\context\ThemeContext.tsx
FN:15,(anonymous_0)
FN:21,(anonymous_1)
FN:30,(anonymous_2)
FN:41,(anonymous_3)
FN:42,(anonymous_4)
FN:52,(anonymous_5)
FNF:6
FNH:4
FNDA:42,(anonymous_0)
FNDA:21,(anonymous_1)
FNDA:42,(anonymous_2)
FNDA:0,(anonymous_3)
FNDA:0,(anonymous_4)
FNDA:18,(anonymous_5)
DA:4,4
DA:13,4
DA:15,4
DA:18,42
DA:19,42
DA:21,42
DA:23,21
DA:24,21
DA:26,21
DA:27,21
DA:30,42
DA:31,42
DA:32,21
DA:33,21
DA:34,0
DA:36,21
DA:41,42
DA:42,0
DA:45,42
DA:52,4
DA:53,18
DA:54,18
DA:55,0
DA:57,18
LF:24
LH:21
BRDA:24,0,0,21
BRDA:24,0,1,8
BRDA:31,1,0,21
BRDA:33,2,0,0
BRDA:33,2,1,21
BRDA:42,3,0,0
BRDA:42,3,1,0
BRDA:54,4,0,0
BRF:8
BRH:4
end_of_record
TN:
SF:src\hooks\useAppDispatch.ts
FN:4,(anonymous_0)
FNF:1
FNH:1
FNDA:46,(anonymous_0)
DA:1,2
DA:4,46
LF:2
LH:2
BRF:0
BRH:0
end_of_record
TN:
SF:src\hooks\useAppSelector.ts
FNF:0
FNH:0
DA:1,2
DA:5,2
LF:2
LH:2
BRF:0
BRH:0
end_of_record
TN:
SF:src\hooks\useGoBack.ts
FN:3,(anonymous_0)
FN:6,(anonymous_1)
FNF:2
FNH:0
FNDA:0,(anonymous_0)
FNDA:0,(anonymous_1)
DA:1,0
DA:3,0
DA:4,0
DA:6,0
DA:7,0
DA:8,0
DA:10,0
DA:14,0
DA:17,0
LF:9
LH:0
BRDA:7,0,0,0
BRDA:7,0,1,0
BRDA:7,1,0,0
BRDA:7,1,1,0
BRF:4
BRH:0
end_of_record
TN:
SF:src\hooks\useModal.ts
FN:3,(anonymous_0)
FN:6,(anonymous_1)
FN:7,(anonymous_2)
FN:8,(anonymous_3)
FN:8,(anonymous_4)
FNF:5
FNH:1
FNDA:21,(anonymous_0)
FNDA:0,(anonymous_1)
FNDA:0,(anonymous_2)
FNDA:0,(anonymous_3)
FNDA:0,(anonymous_4)
DA:1,1
DA:3,1
DA:4,21
DA:6,20
DA:7,20
DA:8,20
DA:10,20
LF:7
LH:7
BRDA:3,0,0,21
BRF:1
BRH:1
end_of_record
TN:
SF:src\icons\index.ts
FN:66,(anonymous_0)
FN:68,(anonymous_1)
FN:67,(anonymous_2)
FN:69,(anonymous_3)
FN:70,(anonymous_4)
FN:71,(anonymous_5)
FN:72,(anonymous_6)
FN:65,(anonymous_7)
FN:73,(anonymous_8)
FN:75,(anonymous_9)
FN:74,(anonymous_10)
FN:64,(anonymous_11)
FN:63,(anonymous_12)
FN:62,(anonymous_13)
FN:61,(anonymous_14)
FN:60,(anonymous_15)
FN:76,(anonymous_16)
FN:77,(anonymous_17)
FN:78,(anonymous_18)
FN:79,(anonymous_19)
FN:80,(anonymous_20)
FN:81,(anonymous_21)
FN:82,(anonymous_22)
FN:83,(anonymous_23)
FN:84,(anonymous_24)
FN:85,(anonymous_25)
FN:86,(anonymous_26)
FN:87,(anonymous_27)
FN:109,(anonymous_28)
FN:88,(anonymous_29)
FN:90,(anonymous_30)
FN:89,(anonymous_31)
FN:91,(anonymous_32)
FN:92,(anonymous_33)
FN:93,(anonymous_34)
FN:94,(anonymous_35)
FN:95,(anonymous_36)
FN:96,(anonymous_37)
FN:97,(anonymous_38)
FN:98,(anonymous_39)
FN:99,(anonymous_40)
FN:100,(anonymous_41)
FN:101,(anonymous_42)
FN:102,(anonymous_43)
FN:103,(anonymous_44)
FN:104,(anonymous_45)
FN:105,(anonymous_46)
FN:106,(anonymous_47)
FN:107,(anonymous_48)
FN:108,(anonymous_49)
FN:110,(anonymous_50)
FN:59,(anonymous_51)
FN:58,(anonymous_52)
FN:57,(anonymous_53)
FNF:54
FNH:0
FNDA:0,(anonymous_0)
FNDA:0,(anonymous_1)
FNDA:0,(anonymous_2)
FNDA:0,(anonymous_3)
FNDA:0,(anonymous_4)
FNDA:0,(anonymous_5)
FNDA:0,(anonymous_6)
FNDA:0,(anonymous_7)
FNDA:0,(anonymous_8)
FNDA:0,(anonymous_9)
FNDA:0,(anonymous_10)
FNDA:0,(anonymous_11)
FNDA:0,(anonymous_12)
FNDA:0,(anonymous_13)
FNDA:0,(anonymous_14)
FNDA:0,(anonymous_15)
FNDA:0,(anonymous_16)
FNDA:0,(anonymous_17)
FNDA:0,(anonymous_18)
FNDA:0,(anonymous_19)
FNDA:0,(anonymous_20)
FNDA:0,(anonymous_21)
FNDA:0,(anonymous_22)
FNDA:0,(anonymous_23)
FNDA:0,(anonymous_24)
FNDA:0,(anonymous_25)
FNDA:0,(anonymous_26)
FNDA:0,(anonymous_27)
FNDA:0,(anonymous_28)
FNDA:0,(anonymous_29)
FNDA:0,(anonymous_30)
FNDA:0,(anonymous_31)
FNDA:0,(anonymous_32)
FNDA:0,(anonymous_33)
FNDA:0,(anonymous_34)
FNDA:0,(anonymous_35)
FNDA:0,(anonymous_36)
FNDA:0,(anonymous_37)
FNDA:0,(anonymous_38)
FNDA:0,(anonymous_39)
FNDA:0,(anonymous_40)
FNDA:0,(anonymous_41)
FNDA:0,(anonymous_42)
FNDA:0,(anonymous_43)
FNDA:0,(anonymous_44)
FNDA:0,(anonymous_45)
FNDA:0,(anonymous_46)
FNDA:0,(anonymous_47)
FNDA:0,(anonymous_48)
FNDA:0,(anonymous_49)
FNDA:0,(anonymous_50)
FNDA:0,(anonymous_51)
FNDA:0,(anonymous_52)
FNDA:0,(anonymous_53)
DA:1,0
DA:2,0
DA:3,0
DA:4,0
DA:5,0
DA:6,0
DA:7,0
DA:8,0
DA:9,0
DA:10,0
DA:11,0
DA:12,0
DA:13,0
DA:14,0
DA:15,0
DA:16,0
DA:17,0
DA:18,0
DA:19,0
DA:20,0
DA:21,0
DA:22,0
DA:23,0
DA:24,0
DA:25,0
DA:26,0
DA:27,0
DA:28,0
DA:29,0
DA:30,0
DA:31,0
DA:32,0
DA:33,0
DA:34,0
DA:35,0
DA:36,0
DA:37,0
DA:38,0
DA:39,0
DA:40,0
DA:41,0
DA:42,0
DA:43,0
DA:44,0
DA:45,0
DA:46,0
DA:47,0
DA:48,0
DA:49,0
DA:50,0
DA:51,0
DA:52,0
DA:53,0
DA:54,0
DA:57,0
DA:58,0
DA:59,0
DA:60,0
DA:61,0
DA:62,0
DA:63,0
DA:64,0
DA:65,0
DA:66,0
DA:67,0
DA:68,0
DA:69,0
DA:70,0
DA:71,0
DA:72,0
DA:73,0
DA:74,0
DA:75,0
DA:76,0
DA:77,0
DA:78,0
DA:79,0
DA:80,0
DA:81,0
DA:82,0
DA:83,0
DA:84,0
DA:85,0
DA:86,0
DA:87,0
DA:88,0
DA:89,0
DA:90,0
DA:91,0
DA:92,0
DA:93,0
DA:94,0
DA:95,0
DA:96,0
DA:97,0
DA:98,0
DA:99,0
DA:100,0
DA:101,0
DA:102,0
DA:103,0
DA:104,0
DA:105,0
DA:106,0
DA:107,0
DA:108,0
DA:109,0
DA:110,0
LF:108
LH:0
BRF:0
BRH:0
end_of_record
TN:
SF:src\layout\AppHeader.tsx
FN:9,(anonymous_0)
FN:14,(anonymous_1)
FN:22,(anonymous_2)
FN:28,(anonymous_3)
FN:29,(anonymous_4)
FN:38,(anonymous_5)
FNF:6
FNH:3
FNDA:10,(anonymous_0)
FNDA:0,(anonymous_1)
FNDA:0,(anonymous_2)
FNDA:9,(anonymous_3)
FNDA:0,(anonymous_4)
FNDA:9,(anonymous_5)
DA:1,1
DA:3,1
DA:4,1
DA:5,1
DA:6,1
DA:7,1
DA:9,1
DA:10,10
DA:12,10
DA:14,10
DA:15,0
DA:16,0
DA:18,0
DA:22,10
DA:23,0
DA:26,10
DA:28,10
DA:29,9
DA:30,0
DA:31,0
DA:32,0
DA:36,9
DA:38,9
DA:39,9
DA:43,10
DA:170,1
LF:26
LH:19
BRDA:15,0,0,0
BRDA:15,0,1,0
BRDA:30,1,0,0
BRDA:30,2,0,0
BRDA:30,2,1,0
BRDA:30,2,2,0
BRDA:52,3,0,0
BRDA:52,3,1,10
BRDA:152,4,0,0
BRDA:152,4,1,10
BRF:10
BRH:2
end_of_record
TN:
SF:src\layout\AppLayout.tsx
FN:7,(anonymous_0)
FN:30,(anonymous_1)
FNF:2
FNH:0
FNDA:0,(anonymous_0)
FNDA:0,(anonymous_1)
DA:1,0
DA:2,0
DA:3,0
DA:4,0
DA:5,0
DA:7,0
DA:8,0
DA:10,0
DA:30,0
DA:31,0
DA:38,0
LF:11
LH:0
BRDA:18,0,0,0
BRDA:18,0,1,0
BRDA:18,1,0,0
BRDA:18,1,1,0
BRDA:19,2,0,0
BRDA:19,2,1,0
BRF:6
BRH:0
end_of_record
TN:
SF:src\layout\AppSidebar.tsx
FN:101,(anonymous_0)
FN:116,(anonymous_1)
FN:120,(anonymous_2)
FN:122,(anonymous_3)
FN:124,(anonymous_4)
FN:126,(anonymous_5)
FN:144,(anonymous_6)
FN:148,(anonymous_7)
FN:156,(anonymous_8)
FN:157,(anonymous_9)
FN:169,(anonymous_10)
FN:171,(anonymous_11)
FN:175,(anonymous_12)
FN:228,(anonymous_13)
FN:240,(anonymous_14)
FN:294,(anonymous_15)
FN:295,(anonymous_16)
FNF:17
FNH:0
FNDA:0,(anonymous_0)
FNDA:0,(anonymous_1)
FNDA:0,(anonymous_2)
FNDA:0,(anonymous_3)
FNDA:0,(anonymous_4)
FNDA:0,(anonymous_5)
FNDA:0,(anonymous_6)
FNDA:0,(anonymous_7)
FNDA:0,(anonymous_8)
FNDA:0,(anonymous_9)
FNDA:0,(anonymous_10)
FNDA:0,(anonymous_11)
FNDA:0,(anonymous_12)
FNDA:0,(anonymous_13)
FNDA:0,(anonymous_14)
FNDA:0,(anonymous_15)
FNDA:0,(anonymous_16)
DA:1,0
DA:2,0
DA:5,0
DA:19,0
DA:29,0
DA:70,0
DA:101,0
DA:102,0
DA:103,0
DA:105,0
DA:109,0
DA:112,0
DA:115,0
DA:116,0
DA:120,0
DA:121,0
DA:122,0
DA:123,0
DA:124,0
DA:125,0
DA:126,0
DA:127,0
DA:128,0
DA:132,0
DA:139,0
DA:140,0
DA:144,0
DA:145,0
DA:146,0
DA:147,0
DA:148,0
DA:156,0
DA:157,0
DA:158,0
DA:163,0
DA:165,0
DA:169,0
DA:170,0
DA:172,0
DA:175,0
DA:229,0
DA:241,0
DA:283,0
DA:294,0
DA:295,0
DA:361,0
LF:46
LH:0
BRDA:123,0,0,0
BRDA:123,0,1,0
BRDA:125,1,0,0
BRDA:127,2,0,0
BRDA:139,3,0,0
BRDA:145,4,0,0
BRDA:147,5,0,0
BRDA:150,6,0,0
BRDA:150,6,1,0
BRDA:158,7,0,0
BRDA:159,8,0,0
BRDA:159,8,1,0
BRDA:159,8,2,0
BRDA:173,9,0,0
BRDA:173,9,1,0
BRDA:176,10,0,0
BRDA:176,10,1,0
BRDA:176,11,0,0
BRDA:176,11,1,0
BRDA:179,12,0,0
BRDA:179,12,1,0
BRDA:179,13,0,0
BRDA:179,13,1,0
BRDA:185,14,0,0
BRDA:185,14,1,0
BRDA:185,15,0,0
BRDA:185,15,1,0
BRDA:192,16,0,0
BRDA:192,16,1,0
BRDA:192,16,2,0
BRDA:192,16,3,0
BRDA:195,17,0,0
BRDA:195,17,1,0
BRDA:195,17,2,0
BRDA:195,17,3,0
BRDA:197,18,0,0
BRDA:197,18,1,0
BRDA:197,19,0,0
BRDA:197,19,1,0
BRDA:206,20,0,0
BRDA:206,20,1,0
BRDA:209,21,0,0
BRDA:209,21,1,0
BRDA:213,22,0,0
BRDA:213,22,1,0
BRDA:220,23,0,0
BRDA:220,23,1,0
BRDA:220,23,2,0
BRDA:220,23,3,0
BRDA:226,24,0,0
BRDA:226,24,1,0
BRDA:226,24,2,0
BRDA:226,24,3,0
BRDA:226,24,4,0
BRDA:234,25,0,0
BRDA:234,25,1,0
BRDA:234,26,0,0
BRDA:234,26,1,0
BRDA:244,27,0,0
BRDA:244,27,1,0
BRDA:251,28,0,0
BRDA:251,28,1,0
BRDA:253,29,0,0
BRDA:253,29,1,0
BRDA:261,30,0,0
BRDA:261,30,1,0
BRDA:263,31,0,0
BRDA:263,31,1,0
BRDA:286,32,0,0
BRDA:286,32,1,0
BRDA:286,33,0,0
BRDA:286,33,1,0
BRDA:288,34,0,0
BRDA:288,34,1,0
BRDA:292,35,0,0
BRDA:292,35,1,0
BRDA:294,36,0,0
BRDA:294,36,1,0
BRDA:298,37,0,0
BRDA:298,37,1,0
BRDA:298,38,0,0
BRDA:298,38,1,0
BRDA:302,39,0,0
BRDA:302,39,1,0
BRDA:302,40,0,0
BRDA:302,40,1,0
BRDA:302,40,2,0
BRDA:326,41,0,0
BRDA:326,41,1,0
BRDA:326,42,0,0
BRDA:326,42,1,0
BRDA:331,43,0,0
BRDA:331,43,1,0
BRDA:331,44,0,0
BRDA:331,44,1,0
BRDA:331,44,2,0
BRDA:341,45,0,0
BRDA:341,45,1,0
BRDA:341,46,0,0
BRDA:341,46,1,0
BRDA:346,47,0,0
BRDA:346,47,1,0
BRDA:346,48,0,0
BRDA:346,48,1,0
BRDA:346,48,2,0
BRF:105
BRH:0
end_of_record
TN:
SF:src\layout\Backdrop.tsx
FN:3,(anonymous_0)
FNF:1
FNH:0
FNDA:0,(anonymous_0)
DA:1,0
DA:3,0
DA:4,0
DA:6,0
DA:8,0
DA:16,0
LF:6
LH:0
BRDA:6,0,0,0
BRF:1
BRH:0
end_of_record
TN:
SF:src\layout\DefaultLayout.tsx
FN:5,(anonymous_0)
FNF:1
FNH:0
FNDA:0,(anonymous_0)
DA:1,0
DA:2,0
DA:3,0
DA:5,0
DA:6,0
LF:5
LH:0
BRF:0
BRH:0
end_of_record
TN:
SF:src\layout\SidebarWidget.tsx
FN:1,SidebarWidget
FNF:1
FNH:0
FNDA:0,SidebarWidget
DA:1,0
DA:2,0
LF:2
LH:0
BRF:0
BRH:0
end_of_record
TN:
SF:src\pages\Blank.tsx
FN:4,Blank
FNF:1
FNH:1
FNDA:4,Blank
DA:1,1
DA:2,1
DA:4,1
DA:5,4
LF:4
LH:4
BRF:0
BRH:0
end_of_record
TN:
SF:src\pages\Calendar.tsx
FN:17,(anonymous_0)
FN:36,(anonymous_1)
FN:61,(anonymous_2)
FN:68,(anonymous_3)
FN:78,(anonymous_4)
FN:81,(anonymous_5)
FN:82,(anonymous_6)
FN:104,(anonymous_7)
FN:110,(anonymous_8)
FN:173,(anonymous_9)
FN:183,(anonymous_10)
FN:200,(anonymous_11)
FN:227,(anonymous_12)
FN:242,(anonymous_13)
FN:271,(anonymous_14)
FNF:15
FNH:0
FNDA:0,(anonymous_0)
FNDA:0,(anonymous_1)
FNDA:0,(anonymous_2)
FNDA:0,(anonymous_3)
FNDA:0,(anonymous_4)
FNDA:0,(anonymous_5)
FNDA:0,(anonymous_6)
FNDA:0,(anonymous_7)
FNDA:0,(anonymous_8)
FNDA:0,(anonymous_9)
FNDA:0,(anonymous_10)
FNDA:0,(anonymous_11)
FNDA:0,(anonymous_12)
FNDA:0,(anonymous_13)
FNDA:0,(anonymous_14)
DA:1,0
DA:2,0
DA:3,0
DA:4,0
DA:5,0
DA:7,0
DA:8,0
DA:9,0
DA:17,0
DA:18,0
DA:21,0
DA:22,0
DA:23,0
DA:24,0
DA:25,0
DA:26,0
DA:27,0
DA:29,0
DA:36,0
DA:38,0
DA:61,0
DA:62,0
DA:63,0
DA:64,0
DA:65,0
DA:68,0
DA:69,0
DA:70,0
DA:71,0
DA:72,0
DA:73,0
DA:74,0
DA:75,0
DA:78,0
DA:79,0
DA:81,0
DA:82,0
DA:83,0
DA:96,0
DA:104,0
DA:106,0
DA:107,0
DA:110,0
DA:111,0
DA:112,0
DA:113,0
DA:114,0
DA:115,0
DA:118,0
DA:173,0
DA:184,0
DA:200,0
DA:227,0
DA:242,0
DA:271,0
DA:272,0
DA:273,0
DA:284,0
LF:58
LH:0
BRDA:64,0,0,0
BRDA:64,0,1,0
BRDA:72,1,0,0
BRDA:72,1,1,0
BRDA:73,2,0,0
BRDA:73,2,1,0
BRDA:79,3,0,0
BRDA:79,3,1,0
BRDA:83,4,0,0
BRDA:83,4,1,0
BRDA:156,5,0,0
BRDA:156,5,1,0
BRDA:205,6,0,0
BRDA:205,6,1,0
BRDA:261,7,0,0
BRDA:261,7,1,0
BRF:16
BRH:0
end_of_record
TN:
SF:src\pages\UserProfiles.tsx
FN:9,UserProfiles
FN:17,(anonymous_1)
FN:20,(anonymous_2)
FN:53,(anonymous_3)
FN:62,(anonymous_4)
FNF:5
FNH:2
FNDA:7,UserProfiles
FNDA:0,(anonymous_1)
FNDA:0,(anonymous_2)
FNDA:0,(anonymous_3)
FNDA:1,(anonymous_4)
DA:1,1
DA:2,1
DA:3,1
DA:4,1
DA:5,1
DA:6,1
DA:7,1
DA:9,1
DA:10,7
DA:11,6
DA:12,6
DA:17,6
DA:18,0
DA:19,0
DA:20,0
DA:23,6
DA:53,0
DA:62,1
LF:18
LH:14
BRDA:31,0,0,6
BRDA:31,0,1,0
BRDA:49,1,0,5
BRDA:49,1,1,1
BRDA:58,2,0,1
BRDA:58,2,1,5
BRDA:71,3,0,5
BRDA:71,3,1,1
BRF:8
BRH:7
end_of_record
TN:
SF:src\pages\Activation\ActivationPage.tsx
FN:8,ActivationPage
FN:19,(anonymous_1)
FN:25,(anonymous_2)
FN:91,(anonymous_3)
FN:106,(anonymous_4)
FNF:5
FNH:0
FNDA:0,ActivationPage
FNDA:0,(anonymous_1)
FNDA:0,(anonymous_2)
FNDA:0,(anonymous_3)
FNDA:0,(anonymous_4)
DA:1,0
DA:2,0
DA:3,0
DA:4,0
DA:5,0
DA:6,0
DA:8,0
DA:9,0
DA:10,0
DA:11,0
DA:12,0
DA:13,0
DA:14,0
DA:15,0
DA:17,0
DA:19,0
DA:20,0
DA:21,0
DA:25,0
DA:26,0
DA:27,0
DA:28,0
DA:29,0
DA:31,0
DA:33,0
DA:34,0
DA:35,0
DA:38,0
DA:39,0
DA:40,0
DA:43,0
DA:44,0
DA:45,0
DA:47,0
DA:53,0
DA:55,0
DA:59,0
DA:91,0
DA:106,0
LF:39
LH:0
BRDA:20,0,0,0
BRDA:27,1,0,0
BRDA:33,2,0,0
BRDA:38,3,0,0
BRDA:53,4,0,0
BRDA:53,4,1,0
BRDA:74,5,0,0
BRDA:74,5,1,0
BRDA:120,6,0,0
BRDA:120,6,1,0
BRF:10
BRH:0
end_of_record
TN:
SF:src\pages\AuthPages\AuthPageLayout.tsx
FN:6,AuthLayout
FNF:1
FNH:0
FNDA:0,AuthLayout
DA:2,0
DA:3,0
DA:4,0
DA:6,0
DA:11,0
LF:5
LH:0
BRF:0
BRH:0
end_of_record
TN:
SF:src\pages\AuthPages\SignIn.tsx
FN:5,SignIn
FNF:1
FNH:0
FNDA:0,SignIn
DA:1,0
DA:2,0
DA:3,0
DA:5,0
DA:6,0
LF:5
LH:0
BRF:0
BRH:0
end_of_record
TN:
SF:src\pages\AuthPages\SignUp.tsx
FN:5,SignUp
FNF:1
FNH:0
FNDA:0,SignUp
DA:1,0
DA:2,0
DA:3,0
DA:5,0
DA:6,0
LF:5
LH:0
BRF:0
BRH:0
end_of_record
TN:
SF:src\pages\Charts\BarChart.tsx
FN:6,BarChart
FNF:1
FNH:0
FNDA:0,BarChart
DA:1,0
DA:2,0
DA:3,0
DA:4,0
DA:6,0
DA:7,0
LF:6
LH:0
BRF:0
BRH:0
end_of_record
TN:
SF:src\pages\Charts\LineChart.tsx
FN:6,LineChart
FNF:1
FNH:0
FNDA:0,LineChart
DA:1,0
DA:2,0
DA:3,0
DA:4,0
DA:6,0
DA:7,0
LF:6
LH:0
BRF:0
BRH:0
end_of_record
TN:
SF:src\pages\Dashboard\Home.tsx
FN:9,Home
FNF:1
FNH:0
FNDA:0,Home
DA:1,0
DA:2,0
DA:3,0
DA:4,0
DA:5,0
DA:6,0
DA:7,0
DA:9,0
DA:10,0
LF:9
LH:0
BRF:0
BRH:0
end_of_record
TN:
SF:src\pages\Forms\FormElements.tsx
FN:14,FormElements
FNF:1
FNH:0
FNDA:0,FormElements
DA:1,0
DA:2,0
DA:3,0
DA:4,0
DA:5,0
DA:6,0
DA:7,0
DA:8,0
DA:9,0
DA:10,0
DA:11,0
DA:12,0
DA:14,0
DA:15,0
LF:14
LH:0
BRF:0
BRH:0
end_of_record
TN:
SF:src\pages\OtherPage\NotFound.tsx
FN:5,NotFound
FNF:1
FNH:0
FNDA:0,NotFound
DA:1,0
DA:2,0
DA:3,0
DA:5,0
DA:6,0
LF:5
LH:0
BRF:0
BRH:0
end_of_record
TN:
SF:src\pages\Tables\BasicTables.tsx
FN:6,BasicTables
FNF:1
FNH:0
FNDA:0,BasicTables
DA:1,0
DA:2,0
DA:3,0
DA:4,0
DA:6,0
DA:7,0
LF:6
LH:0
BRF:0
BRH:0
end_of_record
TN:
SF:src\pages\UiElements\Alerts.tsx
FN:6,Alerts
FNF:1
FNH:0
FNDA:0,Alerts
DA:1,0
DA:2,0
DA:3,0
DA:4,0
DA:6,0
DA:7,0
LF:6
LH:0
BRF:0
BRH:0
end_of_record
TN:
SF:src\pages\UiElements\Avatars.tsx
FN:6,Avatars
FNF:1
FNH:0
FNDA:0,Avatars
DA:1,0
DA:2,0
DA:3,0
DA:4,0
DA:6,0
DA:7,0
LF:6
LH:0
BRF:0
BRH:0
end_of_record
TN:
SF:src\pages\UiElements\Badges.tsx
FN:7,Badges
FNF:1
FNH:0
FNDA:0,Badges
DA:1,0
DA:2,0
DA:3,0
DA:4,0
DA:5,0
DA:7,0
DA:8,0
LF:7
LH:0
BRF:0
BRH:0
end_of_record
TN:
SF:src\pages\UiElements\Buttons.tsx
FN:7,Buttons
FNF:1
FNH:0
FNDA:0,Buttons
DA:1,0
DA:2,0
DA:3,0
DA:4,0
DA:5,0
DA:7,0
DA:8,0
LF:7
LH:0
BRF:0
BRH:0
end_of_record
TN:
SF:src\pages\UiElements\Images.tsx
FN:8,Images
FNF:1
FNH:0
FNDA:0,Images
DA:1,0
DA:2,0
DA:3,0
DA:4,0
DA:5,0
DA:6,0
DA:8,0
DA:9,0
LF:8
LH:0
BRF:0
BRH:0
end_of_record
TN:
SF:src\pages\UiElements\Videos.tsx
FN:9,Videos
FNF:1
FNH:0
FNDA:0,Videos
DA:1,0
DA:2,0
DA:3,0
DA:4,0
DA:5,0
DA:6,0
DA:7,0
DA:9,0
DA:10,0
LF:9
LH:0
BRF:0
BRH:0
end_of_record
TN:
SF:src\pages\UserManagement\UserManagement.tsx
FN:42,UserManagement
FN:44,(anonymous_1)
FN:54,(anonymous_2)
FN:57,(anonymous_3)
FN:61,(anonymous_4)
FN:66,(anonymous_5)
FN:73,(anonymous_6)
FN:77,(anonymous_7)
FN:81,(anonymous_8)
FN:90,(anonymous_9)
FN:101,(anonymous_10)
FN:107,(anonymous_11)
FN:133,(anonymous_12)
FN:155,(anonymous_13)
FN:168,(anonymous_14)
FN:181,(anonymous_15)
FN:193,(anonymous_16)
FN:263,(anonymous_17)
FN:296,(anonymous_18)
FN:302,(anonymous_19)
FNF:20
FNH:0
FNDA:0,UserManagement
FNDA:0,(anonymous_1)
FNDA:0,(anonymous_2)
FNDA:0,(anonymous_3)
FNDA:0,(anonymous_4)
FNDA:0,(anonymous_5)
FNDA:0,(anonymous_6)
FNDA:0,(anonymous_7)
FNDA:0,(anonymous_8)
FNDA:0,(anonymous_9)
FNDA:0,(anonymous_10)
FNDA:0,(anonymous_11)
FNDA:0,(anonymous_12)
FNDA:0,(anonymous_13)
FNDA:0,(anonymous_14)
FNDA:0,(anonymous_15)
FNDA:0,(anonymous_16)
FNDA:0,(anonymous_17)
FNDA:0,(anonymous_18)
FNDA:0,(anonymous_19)
DA:1,0
DA:2,0
DA:3,0
DA:4,0
DA:5,0
DA:6,0
DA:7,0
DA:8,0
DA:9,0
DA:10,0
DA:17,0
DA:42,0
DA:43,0
DA:44,0
DA:45,0
DA:46,0
DA:47,0
DA:54,0
DA:55,0
DA:57,0
DA:58,0
DA:61,0
DA:62,0
DA:66,0
DA:67,0
DA:68,0
DA:69,0
DA:70,0
DA:71,0
DA:73,0
DA:74,0
DA:77,0
DA:81,0
DA:82,0
DA:83,0
DA:84,0
DA:86,0
DA:90,0
DA:91,0
DA:92,0
DA:98,0
DA:101,0
DA:102,0
DA:103,0
DA:107,0
DA:108,0
DA:109,0
DA:110,0
DA:113,0
DA:133,0
DA:155,0
DA:168,0
DA:181,0
DA:193,0
DA:264,0
DA:296,0
DA:302,0
LF:57
LH:0
BRDA:67,0,0,0
BRDA:83,1,0,0
BRDA:83,1,1,0
BRDA:102,2,0,0
BRDA:122,3,0,0
BRDA:122,3,1,0
BRDA:125,4,0,0
BRDA:125,4,1,0
BRDA:141,5,0,0
BRDA:141,5,1,0
BRDA:145,6,0,0
BRDA:145,6,1,0
BRDA:213,7,0,0
BRDA:213,7,1,0
BRDA:213,8,0,0
BRDA:213,8,1,0
BRDA:286,9,0,0
BRDA:286,9,1,0
BRDA:290,10,0,0
BRDA:290,10,1,0
BRF:20
BRH:0
end_of_record
TN:
SF:src\store\index.ts
FNF:0
FNH:0
DA:1,0
DA:2,0
DA:3,0
DA:4,0
DA:6,0
LF:5
LH:0
BRF:0
BRH:0
end_of_record
TN:
SF:src\store\slices\authSlice.ts
FN:23,(anonymous_0)
FN:41,(anonymous_1)
FN:64,(anonymous_2)
FN:74,(anonymous_3)
FN:78,(anonymous_4)
FN:80,(anonymous_5)
FN:84,(anonymous_6)
FN:90,(anonymous_7)
FN:94,(anonymous_8)
FNF:9
FNH:6
FNDA:0,(anonymous_0)
FNDA:0,(anonymous_1)
FNDA:0,(anonymous_2)
FNDA:1,(anonymous_3)
FNDA:5,(anonymous_4)
FNDA:1,(anonymous_5)
FNDA:1,(anonymous_6)
FNDA:1,(anonymous_7)
FNDA:1,(anonymous_8)
DA:1,5
DA:2,5
DA:20,5
DA:21,5
DA:23,5
DA:24,0
DA:25,0
DA:31,5
DA:39,5
DA:42,0
DA:43,0
DA:45,0
DA:47,0
DA:48,0
DA:50,0
DA:52,0
DA:57,0
DA:62,5
DA:65,0
DA:66,0
DA:70,5
DA:75,1
DA:79,5
DA:81,1
DA:82,1
DA:85,1
DA:86,1
DA:87,1
DA:88,1
DA:91,1
DA:92,1
DA:95,1
DA:96,1
DA:101,5
DA:102,5
LF:35
LH:23
BRDA:24,0,0,0
BRDA:27,1,0,0
BRDA:27,1,1,0
BRDA:32,2,0,0
BRDA:32,2,1,5
BRDA:57,3,0,0
BRDA:57,3,1,0
BRF:7
BRH:1
end_of_record
TN:
SF:src\store\slices\notificationSlice.ts
FN:27,(anonymous_0)
FN:45,(anonymous_1)
FN:55,(anonymous_2)
FN:59,(anonymous_3)
FN:61,(anonymous_4)
FN:65,(anonymous_5)
FN:66,(anonymous_6)
FNF:7
FNH:2
FNDA:9,(anonymous_0)
FNDA:0,(anonymous_1)
FNDA:0,(anonymous_2)
FNDA:4,(anonymous_3)
FNDA:0,(anonymous_4)
FNDA:0,(anonymous_5)
FNDA:0,(anonymous_6)
DA:1,4
DA:2,4
DA:19,4
DA:25,4
DA:28,9
DA:29,9
DA:30,9
DA:33,0
DA:35,0
DA:43,4
DA:46,0
DA:47,0
DA:51,4
DA:56,0
DA:60,4
DA:62,0
DA:63,0
DA:66,0
DA:67,0
DA:75,4
DA:76,4
LF:21
LH:12
BRDA:36,0,0,0
BRDA:36,0,1,0
BRDA:67,1,0,0
BRDA:67,1,1,0
BRF:4
BRH:0
end_of_record
TN:
SF:src\store\slices\userSlice.ts
FN:39,(anonymous_0)
FN:55,(anonymous_1)
FN:71,(anonymous_2)
FN:87,(anonymous_3)
FN:103,(anonymous_4)
FN:112,(anonymous_5)
FN:140,(anonymous_6)
FN:169,(anonymous_7)
FN:174,(anonymous_8)
FN:177,(anonymous_9)
FN:181,(anonymous_10)
FN:186,(anonymous_11)
FN:191,(anonymous_12)
FN:195,(anonymous_13)
FN:200,(anonymous_14)
FN:205,(anonymous_15)
FN:206,(anonymous_16)
FN:209,(anonymous_17)
FN:213,(anonymous_18)
FN:216,(anonymous_19)
FN:220,(anonymous_20)
FN:223,(anonymous_21)
FN:227,(anonymous_22)
FN:231,(anonymous_23)
FN:236,(anonymous_24)
FN:241,(anonymous_25)
FN:245,(anonymous_26)
FN:252,(anonymous_27)
FNF:28
FNH:4
FNDA:0,(anonymous_0)
FNDA:0,(anonymous_1)
FNDA:0,(anonymous_2)
FNDA:0,(anonymous_3)
FNDA:0,(anonymous_4)
FNDA:10,(anonymous_5)
FNDA:0,(anonymous_6)
FNDA:0,(anonymous_7)
FNDA:4,(anonymous_8)
FNDA:0,(anonymous_9)
FNDA:0,(anonymous_10)
FNDA:0,(anonymous_11)
FNDA:0,(anonymous_12)
FNDA:0,(anonymous_13)
FNDA:0,(anonymous_14)
FNDA:0,(anonymous_15)
FNDA:0,(anonymous_16)
FNDA:0,(anonymous_17)
FNDA:0,(anonymous_18)
FNDA:0,(anonymous_19)
FNDA:0,(anonymous_20)
FNDA:0,(anonymous_21)
FNDA:10,(anonymous_22)
FNDA:0,(anonymous_23)
FNDA:10,(anonymous_24)
FNDA:0,(anonymous_25)
FNDA:0,(anonymous_26)
FNDA:0,(anonymous_27)
DA:1,4
DA:2,4
DA:28,4
DA:37,4
DA:40,0
DA:41,0
DA:42,0
DA:45,0
DA:47,0
DA:53,4
DA:56,0
DA:57,0
DA:58,0
DA:61,0
DA:63,0
DA:69,4
DA:72,0
DA:73,0
DA:74,0
DA:77,0
DA:79,0
DA:85,4
DA:88,0
DA:89,0
DA:90,0
DA:93,0
DA:95,0
DA:101,4
DA:104,0
DA:105,0
DA:110,4
DA:113,10
DA:115,10
DA:117,10
DA:119,10
DA:125,10
DA:127,10
DA:128,10
DA:138,4
DA:141,0
DA:142,0
DA:143,0
DA:145,0
DA:152,0
DA:153,0
DA:155,0
DA:156,0
DA:165,4
DA:170,0
DA:171,0
DA:175,4
DA:178,0
DA:179,0
DA:182,0
DA:183,0
DA:184,0
DA:187,0
DA:188,0
DA:192,0
DA:193,0
DA:196,0
DA:197,0
DA:198,0
DA:201,0
DA:202,0
DA:206,0
DA:207,0
DA:210,0
DA:214,0
DA:217,0
DA:228,10
DA:229,10
DA:232,0
DA:233,0
DA:234,0
DA:237,10
DA:238,10
DA:242,0
DA:243,0
DA:246,0
DA:247,0
DA:248,0
DA:249,0
DA:253,0
DA:254,0
DA:259,4
DA:260,4
LF:87
LH:25
BRDA:47,0,0,0
BRDA:47,0,1,0
BRDA:63,1,0,0
BRDA:63,1,1,0
BRDA:79,2,0,0
BRDA:79,2,1,0
BRDA:95,3,0,0
BRDA:95,3,1,0
BRDA:129,4,0,10
BRDA:129,4,1,10
BRDA:129,4,2,10
BRDA:157,5,0,0
BRDA:157,5,1,0
BRDA:157,5,2,0
BRDA:248,6,0,0
BRF:15
BRH:3
end_of_record
TN:
SF:src\utils\axios.ts
FN:13,(anonymous_0)
FN:20,(anonymous_1)
FNF:2
FNH:1
FNDA:9,(anonymous_0)
FNDA:0,(anonymous_1)
DA:1,5
DA:3,5
DA:12,5
DA:14,9
DA:15,9
DA:16,0
DA:18,9
DA:21,0
DA:25,5
LF:9
LH:7
BRDA:15,0,0,0
BRF:1
BRH:0
end_of_record
TN:
SF:src\utils\socket.ts
FN:15,(anonymous_0)
FN:19,(anonymous_1)
FN:23,(anonymous_2)
FNF:3
FNH:0
FNDA:0,(anonymous_0)
FNDA:0,(anonymous_1)
FNDA:0,(anonymous_2)
DA:1,1
DA:4,1
DA:15,1
DA:16,0
DA:19,1
DA:20,0
DA:23,1
DA:24,0
DA:27,1
LF:9
LH:6
BRF:0
BRH:0
end_of_record
TN:
SF:src\utils\test-utils.tsx
FN:63,renderWithProviders
FN:74,Wrapper
FNF:2
FNH:2
FNDA:21,renderWithProviders
FNDA:21,Wrapper
DA:2,4
DA:3,4
DA:4,4
DA:5,4
DA:6,4
DA:7,4
DA:8,4
DA:9,4
DA:10,4
DA:11,4
DA:14,4
DA:24,4
DA:35,4
DA:56,4
DA:63,4
DA:75,21
DA:90,21
DA:94,4
DA:97,4
LF:19
LH:19
BRDA:65,0,0,19
BRDA:66,1,0,19
BRDA:67,2,0,21
BRF:3
BRH:3
end_of_record
